--------------------------------------------------------------------------------
[Dec 24, 2025 12:01:12.5 PM GMT:ERROR:creative_new_tab_page_ads_util.cc(159)] Successfully saved creative new tab page ads
[Dec 24, 2025 12:01:12.5 PM GMT:ERROR:creative_new_tab_page_ads_util.cc(144)] Successfully saved creative set conversions
--------------------------------------------------------------------------------
[Dec 24, 2025 12:05:33.9 PM GMT:ERROR:creative_new_tab_page_ads_util.cc(159)] Successfully saved creative new tab page ads
[Dec 24, 2025 12:05:33.9 PM GMT:ERROR:creative_new_tab_page_ads_util.cc(144)] Successfully saved creative set conversions
--------------------------------------------------------------------------------
[Dec 24, 2025 12:14:23.0 PM GMT:ERROR:creative_new_tab_page_ads_util.cc(159)] Successfully saved creative new tab page ads
[Dec 24, 2025 12:14:23.0 PM GMT:ERROR:creative_new_tab_page_ads_util.cc(144)] Successfully saved creative set conversions
--------------------------------------------------------------------------------
[Dec 24, 2025 12:14:33.5 PM GMT:ERROR:creative_new_tab_page_ads_util.cc(159)] Successfully saved creative new tab page ads
[Dec 24, 2025 12:14:33.5 PM GMT:ERROR:creative_new_tab_page_ads_util.cc(144)] Successfully saved creative set conversions
--------------------------------------------------------------------------------
[Dec 24, 2025 12:45:41.2 PM GMT:ERROR:creative_new_tab_page_ads_util.cc(159)] Successfully saved creative new tab page ads
[Dec 24, 2025 12:45:41.2 PM GMT:ERROR:creative_new_tab_page_ads_util.cc(144)] Successfully saved creative set conversions
--------------------------------------------------------------------------------
[Dec 24, 2025 10:24:08.9 PM GMT:ERROR:creative_new_tab_page_ads_util.cc(159)] Successfully saved creative new tab page ads
[Dec 24, 2025 10:24:08.9 PM GMT:ERROR:creative_new_tab_page_ads_util.cc(144)] Successfully saved creative set conversions
--------------------------------------------------------------------------------
[Dec 25, 2025 9:10:07.8 AM GMT:ERROR:creative_new_tab_page_ads_util.cc(159)] Successfully saved creative new tab page ads
[Dec 25, 2025 9:10:07.8 AM GMT:ERROR:creative_new_tab_page_ads_util.cc(144)] Successfully saved creative set conversions
[Dec 25, 2025 9:10:10.7 AM GMT:ERROR:creative_new_tab_page_ads_util.cc(159)] Successfully saved creative new tab page ads
[Dec 25, 2025 9:10:10.7 AM GMT:ERROR:creative_new_tab_page_ads_util.cc(144)] Successfully saved creative set conversions
--------------------------------------------------------------------------------
[Dec 25, 2025 12:10:24.6 PM GMT:ERROR:creative_new_tab_page_ads_util.cc(159)] Successfully saved creative new tab page ads
[Dec 25, 2025 12:10:24.6 PM GMT:ERROR:creative_new_tab_page_ads_util.cc(144)] Successfully saved creative set conversions
--------------------------------------------------------------------------------
[Dec 25, 2025 12:10:48.6 PM GMT:ERROR:creative_new_tab_page_ads_util.cc(159)] Successfully saved creative new tab page ads
[Dec 25, 2025 12:10:48.6 PM GMT:ERROR:creative_new_tab_page_ads_util.cc(144)] Successfully saved creative set conversions
--------------------------------------------------------------------------------
[Dec 25, 2025 4:05:22.6 PM GMT:ERROR:creative_new_tab_page_ads_util.cc(159)] Successfully saved creative new tab page ads
[Dec 25, 2025 4:05:22.6 PM GMT:ERROR:creative_new_tab_page_ads_util.cc(144)] Successfully saved creative set conversions
--------------------------------------------------------------------------------
[Dec 26, 2025 12:27:25.6 AM GMT:ERROR:creative_new_tab_page_ads_util.cc(159)] Successfully saved creative new tab page ads
[Dec 26, 2025 12:27:25.6 AM GMT:ERROR:creative_new_tab_page_ads_util.cc(144)] Successfully saved creative set conversions
--------------------------------------------------------------------------------
[Dec 26, 2025 11:50:07.1 AM GMT:ERROR:creative_new_tab_page_ads_util.cc(159)] Successfully saved creative new tab page ads
[Dec 26, 2025 11:50:07.1 AM GMT:ERROR:creative_new_tab_page_ads_util.cc(144)] Successfully saved creative set conversions
[Dec 26, 2025 11:50:12.1 AM GMT:ERROR:creative_new_tab_page_ads_util.cc(159)] Successfully saved creative new tab page ads
[Dec 26, 2025 11:50:12.1 AM GMT:ERROR:creative_new_tab_page_ads_util.cc(144)] Successfully saved creative set conversions
--------------------------------------------------------------------------------
[Dec 27, 2025 9:49:16.9 AM GMT:ERROR:creative_new_tab_page_ads_util.cc(159)] Successfully saved creative new tab page ads
[Dec 27, 2025 9:49:16.9 AM GMT:ERROR:creative_new_tab_page_ads_util.cc(144)] Successfully saved creative set conversions
[Dec 27, 2025 9:49:19.9 AM GMT:ERROR:creative_new_tab_page_ads_util.cc(159)] Successfully saved creative new tab page ads
[Dec 27, 2025 9:49:19.9 AM GMT:ERROR:creative_new_tab_page_ads_util.cc(144)] Successfully saved creative set conversions
[Dec 27, 2025 9:27:11.3 PM GMT:ERROR:new_tab_page_ad_event_handler_util.cc(27)] New tab page ad: Not allowed because an ad was not served for placement id ad97930c-7db8-461c-883f-ae207434d701
[Dec 27, 2025 9:27:11.3 PM GMT:ERROR:new_tab_page_ad_event_handler.cc(194)] Failed to fire new tab page ad kViewedImpression event for placement id ad97930c-7db8-461c-883f-ae207434d701 and creative instance id 896da073-ed73-450c-8139-fae38c535e7a
--------------------------------------------------------------------------------
[Dec 28, 2026 3:40:50.1 AM GMT:ERROR:creative_new_tab_page_ads_util.cc(159)] Successfully saved creative new tab page ads
[Dec 28, 2026 3:40:50.1 AM GMT:ERROR:creative_new_tab_page_ads_util.cc(144)] Successfully saved creative set conversions
--------------------------------------------------------------------------------
[Dec 28, 2026 7:08:04.0 PM GMT:ERROR:creative_new_tab_page_ads_util.cc(159)] Successfully saved creative new tab page ads
[Dec 28, 2026 7:08:04.0 PM GMT:ERROR:creative_new_tab_page_ads_util.cc(144)] Successfully saved creative set conversions
[Dec 28, 2026 7:08:13.6 PM GMT:ERROR:creative_new_tab_page_ads_util.cc(159)] Successfully saved creative new tab page ads
[Dec 28, 2026 7:08:13.6 PM GMT:ERROR:creative_new_tab_page_ads_util.cc(144)] Successfully saved creative set conversions
--------------------------------------------------------------------------------
[Dec 29, 2026 12:46:43.1 PM GMT:ERROR:creative_new_tab_page_ads_util.cc(159)] Successfully saved creative new tab page ads
[Dec 29, 2026 12:46:43.1 PM GMT:ERROR:creative_new_tab_page_ads_util.cc(144)] Successfully saved creative set conversions
[Dec 29, 2026 12:47:54.1 PM GMT:ERROR:creative_new_tab_page_ads_util.cc(159)] Successfully saved creative new tab page ads
[Dec 29, 2026 12:47:54.1 PM GMT:ERROR:creative_new_tab_page_ads_util.cc(144)] Successfully saved creative set conversions
[Dec 29, 2026 6:16:44.3 PM GMT:ERROR:creative_new_tab_page_ads_util.cc(159)] Successfully saved creative new tab page ads
[Dec 29, 2026 6:16:44.3 PM GMT:ERROR:creative_new_tab_page_ads_util.cc(144)] Successfully saved creative set conversions
--------------------------------------------------------------------------------
[Dec 30, 2026 10:36:54.5 AM GMT:ERROR:creative_new_tab_page_ads_util.cc(159)] Successfully saved creative new tab page ads
[Dec 30, 2026 10:36:54.5 AM GMT:ERROR:creative_new_tab_page_ads_util.cc(144)] Successfully saved creative set conversions
[Dec 30, 2026 10:36:57.5 AM GMT:ERROR:creative_new_tab_page_ads_util.cc(159)] Successfully saved creative new tab page ads
[Dec 30, 2026 10:36:57.5 AM GMT:ERROR:creative_new_tab_page_ads_util.cc(144)] Successfully saved creative set conversions
--------------------------------------------------------------------------------
[Dec 30, 2026 8:57:23.4 PM GMT:ERROR:creative_new_tab_page_ads_util.cc(159)] Successfully saved creative new tab page ads
[Dec 30, 2026 8:57:23.4 PM GMT:ERROR:creative_new_tab_page_ads_util.cc(144)] Successfully saved creative set conversions
--------------------------------------------------------------------------------
[Dec 31, 2026 1:35:28.9 PM GMT:ERROR:creative_new_tab_page_ads_util.cc(159)] Successfully saved creative new tab page ads
[Dec 31, 2026 1:35:28.9 PM GMT:ERROR:creative_new_tab_page_ads_util.cc(144)] Successfully saved creative set conversions
[Dec 31, 2026 1:36:31.3 PM GMT:ERROR:creative_new_tab_page_ads_util.cc(159)] Successfully saved creative new tab page ads
[Dec 31, 2026 1:36:31.3 PM GMT:ERROR:creative_new_tab_page_ads_util.cc(144)] Successfully saved creative set conversions
--------------------------------------------------------------------------------
[Dec 31, 2026 11:14:58.3 PM GMT:ERROR:creative_new_tab_page_ads_util.cc(159)] Successfully saved creative new tab page ads
[Dec 31, 2026 11:14:58.3 PM GMT:ERROR:creative_new_tab_page_ads_util.cc(144)] Successfully saved creative set conversions
--------------------------------------------------------------------------------
[Jan 01, 2026 12:45:08.2 PM GMT:ERROR:creative_new_tab_page_ads_util.cc(159)] Successfully saved creative new tab page ads
[Jan 01, 2026 12:45:08.2 PM GMT:ERROR:creative_new_tab_page_ads_util.cc(144)] Successfully saved creative set conversions
[Jan 01, 2026 12:45:14.2 PM GMT:ERROR:creative_new_tab_page_ads_util.cc(159)] Successfully saved creative new tab page ads
[Jan 01, 2026 12:45:14.2 PM GMT:ERROR:creative_new_tab_page_ads_util.cc(144)] Successfully saved creative set conversions
--------------------------------------------------------------------------------
[Jan 02, 2026 10:49:51.0 AM GMT:ERROR:creative_new_tab_page_ads_util.cc(159)] Successfully saved creative new tab page ads
[Jan 02, 2026 10:49:51.0 AM GMT:ERROR:creative_new_tab_page_ads_util.cc(144)] Successfully saved creative set conversions
[Jan 02, 2026 10:49:51.4 AM GMT:ERROR:creative_new_tab_page_ads_util.cc(159)] Successfully saved creative new tab page ads
[Jan 02, 2026 10:49:51.4 AM GMT:ERROR:creative_new_tab_page_ads_util.cc(144)] Successfully saved creative set conversions
--------------------------------------------------------------------------------
[Jan 02, 2026 4:05:49.6 PM GMT:ERROR:creative_new_tab_page_ads_util.cc(159)] Successfully saved creative new tab page ads
[Jan 02, 2026 4:05:49.6 PM GMT:ERROR:creative_new_tab_page_ads_util.cc(144)] Successfully saved creative set conversions
--------------------------------------------------------------------------------
[Jan 02, 2026 4:46:59.2 PM GMT:ERROR:creative_new_tab_page_ads_util.cc(159)] Successfully saved creative new tab page ads
[Jan 02, 2026 4:46:59.2 PM GMT:ERROR:creative_new_tab_page_ads_util.cc(144)] Successfully saved creative set conversions
--------------------------------------------------------------------------------
[Jan 02, 2026 8:29:11.0 PM GMT:ERROR:creative_new_tab_page_ads_util.cc(159)] Successfully saved creative new tab page ads
[Jan 02, 2026 8:29:11.0 PM GMT:ERROR:creative_new_tab_page_ads_util.cc(144)] Successfully saved creative set conversions
--------------------------------------------------------------------------------
[Jan 03, 2026 11:39:57.9 AM GMT:ERROR:creative_new_tab_page_ads_util.cc(159)] Successfully saved creative new tab page ads
[Jan 03, 2026 11:39:58.0 AM GMT:ERROR:creative_new_tab_page_ads_util.cc(144)] Successfully saved creative set conversions
[Jan 03, 2026 11:40:04.2 AM GMT:ERROR:creative_new_tab_page_ads_util.cc(159)] Successfully saved creative new tab page ads
[Jan 03, 2026 11:40:04.2 AM GMT:ERROR:creative_new_tab_page_ads_util.cc(144)] Successfully saved creative set conversions
--------------------------------------------------------------------------------
[Jan 04, 2026 10:10:40.3 AM GMT:ERROR:creative_new_tab_page_ads_util.cc(159)] Successfully saved creative new tab page ads
[Jan 04, 2026 10:10:40.3 AM GMT:ERROR:creative_new_tab_page_ads_util.cc(144)] Successfully saved creative set conversions
[Jan 04, 2026 10:10:45.5 AM GMT:ERROR:creative_new_tab_page_ads_util.cc(159)] Successfully saved creative new tab page ads
[Jan 04, 2026 10:10:45.5 AM GMT:ERROR:creative_new_tab_page_ads_util.cc(144)] Successfully saved creative set conversions
--------------------------------------------------------------------------------
[Jan 04, 2026 10:15:13.0 PM GMT:ERROR:creative_new_tab_page_ads_util.cc(159)] Successfully saved creative new tab page ads
[Jan 04, 2026 10:15:13.0 PM GMT:ERROR:creative_new_tab_page_ads_util.cc(144)] Successfully saved creative set conversions
--------------------------------------------------------------------------------
[Jan 04, 2026 10:24:29.5 PM GMT:ERROR:creative_new_tab_page_ads_util.cc(159)] Successfully saved creative new tab page ads
[Jan 04, 2026 10:24:29.5 PM GMT:ERROR:creative_new_tab_page_ads_util.cc(144)] Successfully saved creative set conversions
--------------------------------------------------------------------------------
[Jan 04, 2026 10:42:50.9 PM GMT:ERROR:creative_new_tab_page_ads_util.cc(159)] Successfully saved creative new tab page ads
[Jan 04, 2026 10:42:50.9 PM GMT:ERROR:creative_new_tab_page_ads_util.cc(144)] Successfully saved creative set conversions
--------------------------------------------------------------------------------
[Jan 04, 2026 10:56:18.2 PM GMT:ERROR:creative_new_tab_page_ads_util.cc(159)] Successfully saved creative new tab page ads
[Jan 04, 2026 10:56:18.2 PM GMT:ERROR:creative_new_tab_page_ads_util.cc(144)] Successfully saved creative set conversions
--------------------------------------------------------------------------------
[Jan 05, 2026 3:29:46.9 PM GMT:ERROR:creative_new_tab_page_ads_util.cc(159)] Successfully saved creative new tab page ads
[Jan 05, 2026 3:29:46.9 PM GMT:ERROR:creative_new_tab_page_ads_util.cc(144)] Successfully saved creative set conversions
[Jan 05, 2026 3:29:49.9 PM GMT:ERROR:creative_new_tab_page_ads_util.cc(159)] Successfully saved creative new tab page ads
[Jan 05, 2026 3:29:49.9 PM GMT:ERROR:creative_new_tab_page_ads_util.cc(144)] Successfully saved creative set conversions
--------------------------------------------------------------------------------
[Jan 05, 2026 4:32:33.8 PM GMT:ERROR:creative_new_tab_page_ads_util.cc(159)] Successfully saved creative new tab page ads
[Jan 05, 2026 4:32:33.8 PM GMT:ERROR:creative_new_tab_page_ads_util.cc(144)] Successfully saved creative set conversions
--------------------------------------------------------------------------------
[Jan 05, 2026 4:54:11.2 PM GMT:ERROR:creative_new_tab_page_ads_util.cc(159)] Successfully saved creative new tab page ads
[Jan 05, 2026 4:54:11.2 PM GMT:ERROR:creative_new_tab_page_ads_util.cc(144)] Successfully saved creative set conversions
--------------------------------------------------------------------------------
[Jan 05, 2026 4:58:39.3 PM GMT:ERROR:creative_new_tab_page_ads_util.cc(159)] Successfully saved creative new tab page ads
[Jan 05, 2026 4:58:39.3 PM GMT:ERROR:creative_new_tab_page_ads_util.cc(144)] Successfully saved creative set conversions
--------------------------------------------------------------------------------
[Jan 05, 2026 5:27:54.8 PM GMT:ERROR:creative_new_tab_page_ads_util.cc(159)] Successfully saved creative new tab page ads
[Jan 05, 2026 5:27:54.8 PM GMT:ERROR:creative_new_tab_page_ads_util.cc(144)] Successfully saved creative set conversions
--------------------------------------------------------------------------------
[Jan 05, 2026 7:09:00.5 PM GMT:ERROR:creative_new_tab_page_ads_util.cc(159)] Successfully saved creative new tab page ads
[Jan 05, 2026 7:09:00.5 PM GMT:ERROR:creative_new_tab_page_ads_util.cc(144)] Successfully saved creative set conversions
--------------------------------------------------------------------------------
[Jan 05, 2026 7:09:10.6 PM GMT:ERROR:creative_new_tab_page_ads_util.cc(159)] Successfully saved creative new tab page ads
[Jan 05, 2026 7:09:10.6 PM GMT:ERROR:creative_new_tab_page_ads_util.cc(144)] Successfully saved creative set conversions
--------------------------------------------------------------------------------
[Jan 05, 2026 7:41:42.9 PM GMT:ERROR:creative_new_tab_page_ads_util.cc(159)] Successfully saved creative new tab page ads
[Jan 05, 2026 7:41:42.9 PM GMT:ERROR:creative_new_tab_page_ads_util.cc(144)] Successfully saved creative set conversions
--------------------------------------------------------------------------------
[Jan 05, 2026 8:25:40.1 PM GMT:ERROR:creative_new_tab_page_ads_util.cc(159)] Successfully saved creative new tab page ads
[Jan 05, 2026 8:25:40.1 PM GMT:ERROR:creative_new_tab_page_ads_util.cc(144)] Successfully saved creative set conversions
--------------------------------------------------------------------------------
[Jan 05, 2026 8:52:33.3 PM GMT:ERROR:creative_new_tab_page_ads_util.cc(159)] Successfully saved creative new tab page ads
[Jan 05, 2026 8:52:33.3 PM GMT:ERROR:creative_new_tab_page_ads_util.cc(144)] Successfully saved creative set conversions
--------------------------------------------------------------------------------
[Jan 05, 2026 9:42:36.1 PM GMT:ERROR:creative_new_tab_page_ads_util.cc(159)] Successfully saved creative new tab page ads
[Jan 05, 2026 9:42:36.1 PM GMT:ERROR:creative_new_tab_page_ads_util.cc(144)] Successfully saved creative set conversions
--------------------------------------------------------------------------------
[Jan 05, 2026 9:44:08.3 PM GMT:ERROR:creative_new_tab_page_ads_util.cc(159)] Successfully saved creative new tab page ads
[Jan 05, 2026 9:44:08.3 PM GMT:ERROR:creative_new_tab_page_ads_util.cc(144)] Successfully saved creative set conversions
--------------------------------------------------------------------------------
[Jan 05, 2026 9:44:15.6 PM GMT:ERROR:creative_new_tab_page_ads_util.cc(159)] Successfully saved creative new tab page ads
[Jan 05, 2026 9:44:15.6 PM GMT:ERROR:creative_new_tab_page_ads_util.cc(144)] Successfully saved creative set conversions
--------------------------------------------------------------------------------
[Jan 06, 2026 11:42:04.1 AM GMT:ERROR:creative_new_tab_page_ads_util.cc(159)] Successfully saved creative new tab page ads
[Jan 06, 2026 11:42:04.1 AM GMT:ERROR:creative_new_tab_page_ads_util.cc(144)] Successfully saved creative set conversions
[Jan 06, 2026 11:42:07.0 AM GMT:ERROR:creative_new_tab_page_ads_util.cc(159)] Successfully saved creative new tab page ads
[Jan 06, 2026 11:42:07.0 AM GMT:ERROR:creative_new_tab_page_ads_util.cc(144)] Successfully saved creative set conversions
--------------------------------------------------------------------------------
[Jan 06, 2026 11:44:46.6 AM GMT:ERROR:creative_new_tab_page_ads_util.cc(159)] Successfully saved creative new tab page ads
[Jan 06, 2026 11:44:46.6 AM GMT:ERROR:creative_new_tab_page_ads_util.cc(144)] Successfully saved creative set conversions
--------------------------------------------------------------------------------
[Jan 06, 2026 1:15:24.7 PM GMT:ERROR:creative_new_tab_page_ads_util.cc(159)] Successfully saved creative new tab page ads
[Jan 06, 2026 1:15:24.7 PM GMT:ERROR:creative_new_tab_page_ads_util.cc(144)] Successfully saved creative set conversions
--------------------------------------------------------------------------------
[Jan 06, 2026 5:26:29.4 PM GMT:ERROR:creative_new_tab_page_ads_util.cc(159)] Successfully saved creative new tab page ads
[Jan 06, 2026 5:26:29.4 PM GMT:ERROR:creative_new_tab_page_ads_util.cc(144)] Successfully saved creative set conversions
--------------------------------------------------------------------------------
[Jan 06, 2026 11:45:06.4 PM GMT:ERROR:creative_new_tab_page_ads_util.cc(159)] Successfully saved creative new tab page ads
[Jan 06, 2026 11:45:06.4 PM GMT:ERROR:creative_new_tab_page_ads_util.cc(144)] Successfully saved creative set conversions
--------------------------------------------------------------------------------
[Jan 07, 2026 10:41:50.7 AM GMT:ERROR:creative_new_tab_page_ads_util.cc(159)] Successfully saved creative new tab page ads
[Jan 07, 2026 10:41:50.7 AM GMT:ERROR:creative_new_tab_page_ads_util.cc(144)] Successfully saved creative set conversions
[Jan 07, 2026 10:56:52.8 AM GMT:ERROR:creative_new_tab_page_ads_util.cc(159)] Successfully saved creative new tab page ads
[Jan 07, 2026 10:56:52.8 AM GMT:ERROR:creative_new_tab_page_ads_util.cc(144)] Successfully saved creative set conversions
--------------------------------------------------------------------------------
[Jan 07, 2026 12:13:50.0 PM GMT:ERROR:creative_new_tab_page_ads_util.cc(159)] Successfully saved creative new tab page ads
[Jan 07, 2026 12:13:50.0 PM GMT:ERROR:creative_new_tab_page_ads_util.cc(144)] Successfully saved creative set conversions
--------------------------------------------------------------------------------
[Jan 07, 2026 3:28:59.1 PM GMT:ERROR:creative_new_tab_page_ads_util.cc(159)] Successfully saved creative new tab page ads
[Jan 07, 2026 3:28:59.1 PM GMT:ERROR:creative_new_tab_page_ads_util.cc(144)] Successfully saved creative set conversions
--------------------------------------------------------------------------------
[Jan 07, 2026 9:09:19.8 PM GMT:ERROR:creative_new_tab_page_ads_util.cc(159)] Successfully saved creative new tab page ads
[Jan 07, 2026 9:09:19.8 PM GMT:ERROR:creative_new_tab_page_ads_util.cc(144)] Successfully saved creative set conversions
--------------------------------------------------------------------------------
[Jan 07, 2026 9:37:23.4 PM GMT:ERROR:creative_new_tab_page_ads_util.cc(159)] Successfully saved creative new tab page ads
[Jan 07, 2026 9:37:23.4 PM GMT:ERROR:creative_new_tab_page_ads_util.cc(144)] Successfully saved creative set conversions
--------------------------------------------------------------------------------
[Jan 08, 2026 6:36:56.2 AM GMT:ERROR:creative_new_tab_page_ads_util.cc(159)] Successfully saved creative new tab page ads
[Jan 08, 2026 6:36:56.2 AM GMT:ERROR:creative_new_tab_page_ads_util.cc(144)] Successfully saved creative set conversions
[Jan 08, 2026 6:37:02.1 AM GMT:ERROR:creative_new_tab_page_ads_util.cc(159)] Successfully saved creative new tab page ads
[Jan 08, 2026 6:37:02.1 AM GMT:ERROR:creative_new_tab_page_ads_util.cc(144)] Successfully saved creative set conversions
--------------------------------------------------------------------------------
[Jan 08, 2026 6:46:33.0 AM GMT:ERROR:creative_new_tab_page_ads_util.cc(159)] Successfully saved creative new tab page ads
[Jan 08, 2026 6:46:33.0 AM GMT:ERROR:creative_new_tab_page_ads_util.cc(144)] Successfully saved creative set conversions
--------------------------------------------------------------------------------
[Jan 08, 2026 9:46:16.6 AM GMT:ERROR:creative_new_tab_page_ads_util.cc(159)] Successfully saved creative new tab page ads
[Jan 08, 2026 9:46:16.6 AM GMT:ERROR:creative_new_tab_page_ads_util.cc(144)] Successfully saved creative set conversions
--------------------------------------------------------------------------------
[Jan 08, 2026 2:05:51.8 PM GMT:ERROR:creative_new_tab_page_ads_util.cc(159)] Successfully saved creative new tab page ads
[Jan 08, 2026 2:05:51.8 PM GMT:ERROR:creative_new_tab_page_ads_util.cc(144)] Successfully saved creative set conversions
--------------------------------------------------------------------------------
[Jan 08, 2026 7:23:27.6 PM GMT:ERROR:creative_new_tab_page_ads_util.cc(159)] Successfully saved creative new tab page ads
[Jan 08, 2026 7:23:27.6 PM GMT:ERROR:creative_new_tab_page_ads_util.cc(144)] Successfully saved creative set conversions
--------------------------------------------------------------------------------
[Jan 09, 2026 7:31:23.6 AM GMT:ERROR:creative_new_tab_page_ads_util.cc(159)] Successfully saved creative new tab page ads
[Jan 09, 2026 7:31:23.6 AM GMT:ERROR:creative_new_tab_page_ads_util.cc(144)] Successfully saved creative set conversions
[Jan 09, 2026 7:31:27.6 AM GMT:ERROR:creative_new_tab_page_ads_util.cc(159)] Successfully saved creative new tab page ads
[Jan 09, 2026 7:31:27.6 AM GMT:ERROR:creative_new_tab_page_ads_util.cc(144)] Successfully saved creative set conversions
--------------------------------------------------------------------------------
[Jan 09, 2026 9:41:35.0 AM GMT:ERROR:creative_new_tab_page_ads_util.cc(159)] Successfully saved creative new tab page ads
[Jan 09, 2026 9:41:35.0 AM GMT:ERROR:creative_new_tab_page_ads_util.cc(144)] Successfully saved creative set conversions
--------------------------------------------------------------------------------
[Jan 09, 2026 12:11:47.3 PM GMT:ERROR:creative_new_tab_page_ads_util.cc(159)] Successfully saved creative new tab page ads
[Jan 09, 2026 12:11:47.3 PM GMT:ERROR:creative_new_tab_page_ads_util.cc(144)] Successfully saved creative set conversions
--------------------------------------------------------------------------------
[Jan 09, 2026 7:19:35.3 PM GMT:ERROR:creative_new_tab_page_ads_util.cc(159)] Successfully saved creative new tab page ads
[Jan 09, 2026 7:19:35.3 PM GMT:ERROR:creative_new_tab_page_ads_util.cc(144)] Successfully saved creative set conversions
--------------------------------------------------------------------------------
[Jan 10, 2026 9:13:47.8 AM GMT:ERROR:creative_new_tab_page_ads_util.cc(159)] Successfully saved creative new tab page ads
[Jan 10, 2026 9:13:47.8 AM GMT:ERROR:creative_new_tab_page_ads_util.cc(144)] Successfully saved creative set conversions
[Jan 10, 2026 9:13:50.7 AM GMT:ERROR:creative_new_tab_page_ads_util.cc(159)] Successfully saved creative new tab page ads
[Jan 10, 2026 9:13:50.7 AM GMT:ERROR:creative_new_tab_page_ads_util.cc(144)] Successfully saved creative set conversions
--------------------------------------------------------------------------------
[Jan 10, 2026 3:53:57.0 PM GMT:ERROR:creative_new_tab_page_ads_util.cc(159)] Successfully saved creative new tab page ads
[Jan 10, 2026 3:53:57.0 PM GMT:ERROR:creative_new_tab_page_ads_util.cc(144)] Successfully saved creative set conversions
--------------------------------------------------------------------------------
[Jan 11, 2026 10:28:56.9 AM GMT:ERROR:creative_new_tab_page_ads_util.cc(159)] Successfully saved creative new tab page ads
[Jan 11, 2026 10:28:56.9 AM GMT:ERROR:creative_new_tab_page_ads_util.cc(144)] Successfully saved creative set conversions
[Jan 11, 2026 10:29:00.9 AM GMT:ERROR:creative_new_tab_page_ads_util.cc(159)] Successfully saved creative new tab page ads
[Jan 11, 2026 10:29:00.9 AM GMT:ERROR:creative_new_tab_page_ads_util.cc(144)] Successfully saved creative set conversions
--------------------------------------------------------------------------------
[Jan 12, 2026 6:29:43.2 AM GMT:ERROR:creative_new_tab_page_ads_util.cc(159)] Successfully saved creative new tab page ads
[Jan 12, 2026 6:29:43.2 AM GMT:ERROR:creative_new_tab_page_ads_util.cc(144)] Successfully saved creative set conversions
[Jan 12, 2026 6:30:52.1 AM GMT:ERROR:creative_new_tab_page_ads_util.cc(159)] Successfully saved creative new tab page ads
[Jan 12, 2026 6:30:52.1 AM GMT:ERROR:creative_new_tab_page_ads_util.cc(144)] Successfully saved creative set conversions
--------------------------------------------------------------------------------
[Jan 12, 2026 6:45:38.5 AM GMT:ERROR:creative_new_tab_page_ads_util.cc(159)] Successfully saved creative new tab page ads
[Jan 12, 2026 6:45:38.5 AM GMT:ERROR:creative_new_tab_page_ads_util.cc(144)] Successfully saved creative set conversions
--------------------------------------------------------------------------------
[Jan 12, 2026 11:47:32.7 AM GMT:ERROR:creative_new_tab_page_ads_util.cc(159)] Successfully saved creative new tab page ads
[Jan 12, 2026 11:47:32.7 AM GMT:ERROR:creative_new_tab_page_ads_util.cc(144)] Successfully saved creative set conversions
--------------------------------------------------------------------------------
[Jan 12, 2026 11:48:08.1 AM GMT:ERROR:creative_new_tab_page_ads_util.cc(159)] Successfully saved creative new tab page ads
[Jan 12, 2026 11:48:08.1 AM GMT:ERROR:creative_new_tab_page_ads_util.cc(144)] Successfully saved creative set conversions
--------------------------------------------------------------------------------
[Jan 12, 2026 5:57:13.8 PM GMT:ERROR:creative_new_tab_page_ads_util.cc(159)] Successfully saved creative new tab page ads
[Jan 12, 2026 5:57:13.8 PM GMT:ERROR:creative_new_tab_page_ads_util.cc(144)] Successfully saved creative set conversions
--------------------------------------------------------------------------------
[Jan 12, 2026 6:51:10.3 PM GMT:ERROR:creative_new_tab_page_ads_util.cc(159)] Successfully saved creative new tab page ads
[Jan 12, 2026 6:51:10.3 PM GMT:ERROR:creative_new_tab_page_ads_util.cc(144)] Successfully saved creative set conversions
--------------------------------------------------------------------------------
[Jan 13, 2026 6:31:51.7 AM GMT:ERROR:creative_new_tab_page_ads_util.cc(159)] Successfully saved creative new tab page ads
[Jan 13, 2026 6:31:51.7 AM GMT:ERROR:creative_new_tab_page_ads_util.cc(144)] Successfully saved creative set conversions
--------------------------------------------------------------------------------
[Jan 13, 2026 10:49:45.2 AM GMT:ERROR:creative_new_tab_page_ads_util.cc(159)] Successfully saved creative new tab page ads
[Jan 13, 2026 10:49:45.2 AM GMT:ERROR:creative_new_tab_page_ads_util.cc(144)] Successfully saved creative set conversions
--------------------------------------------------------------------------------
[Jan 13, 2026 12:05:58.2 PM GMT:ERROR:creative_new_tab_page_ads_util.cc(159)] Successfully saved creative new tab page ads
[Jan 13, 2026 12:05:58.2 PM GMT:ERROR:creative_new_tab_page_ads_util.cc(144)] Successfully saved creative set conversions
[Jan 13, 2026 12:06:01.4 PM GMT:ERROR:creative_new_tab_page_ads_util.cc(159)] Successfully saved creative new tab page ads
[Jan 13, 2026 12:06:01.4 PM GMT:ERROR:creative_new_tab_page_ads_util.cc(144)] Successfully saved creative set conversions
--------------------------------------------------------------------------------
[Jan 13, 2026 1:20:32.9 PM GMT:ERROR:creative_new_tab_page_ads_util.cc(159)] Successfully saved creative new tab page ads
[Jan 13, 2026 1:20:32.9 PM GMT:ERROR:creative_new_tab_page_ads_util.cc(144)] Successfully saved creative set conversions
--------------------------------------------------------------------------------
[Jan 13, 2026 1:23:55.5 PM GMT:ERROR:creative_new_tab_page_ads_util.cc(159)] Successfully saved creative new tab page ads
[Jan 13, 2026 1:23:55.5 PM GMT:ERROR:creative_new_tab_page_ads_util.cc(144)] Successfully saved creative set conversions
--------------------------------------------------------------------------------
[Jan 13, 2026 5:58:20.7 PM GMT:ERROR:creative_new_tab_page_ads_util.cc(159)] Successfully saved creative new tab page ads
[Jan 13, 2026 5:58:20.7 PM GMT:ERROR:creative_new_tab_page_ads_util.cc(144)] Successfully saved creative set conversions
--------------------------------------------------------------------------------
[Jan 14, 2026 6:59:26.0 AM GMT:ERROR:creative_new_tab_page_ads_util.cc(159)] Successfully saved creative new tab page ads
[Jan 14, 2026 6:59:26.0 AM GMT:ERROR:creative_new_tab_page_ads_util.cc(144)] Successfully saved creative set conversions
--------------------------------------------------------------------------------
[Jan 14, 2026 7:02:54.0 AM GMT:ERROR:creative_new_tab_page_ads_util.cc(159)] Successfully saved creative new tab page ads
[Jan 14, 2026 7:02:54.0 AM GMT:ERROR:creative_new_tab_page_ads_util.cc(144)] Successfully saved creative set conversions
[Jan 14, 2026 7:04:03.4 AM GMT:ERROR:creative_new_tab_page_ads_util.cc(159)] Successfully saved creative new tab page ads
[Jan 14, 2026 7:04:03.4 AM GMT:ERROR:creative_new_tab_page_ads_util.cc(144)] Successfully saved creative set conversions
--------------------------------------------------------------------------------
[Jan 14, 2026 11:42:14.2 AM GMT:ERROR:creative_new_tab_page_ads_util.cc(159)] Successfully saved creative new tab page ads
[Jan 14, 2026 11:42:14.2 AM GMT:ERROR:creative_new_tab_page_ads_util.cc(144)] Successfully saved creative set conversions
--------------------------------------------------------------------------------
[Jan 14, 2026 12:22:18.5 PM GMT:ERROR:creative_new_tab_page_ads_util.cc(159)] Successfully saved creative new tab page ads
[Jan 14, 2026 12:22:18.5 PM GMT:ERROR:creative_new_tab_page_ads_util.cc(144)] Successfully saved creative set conversions
--------------------------------------------------------------------------------
[Jan 14, 2026 3:51:25.9 PM GMT:ERROR:creative_new_tab_page_ads_util.cc(159)] Successfully saved creative new tab page ads
[Jan 14, 2026 3:51:25.9 PM GMT:ERROR:creative_new_tab_page_ads_util.cc(144)] Successfully saved creative set conversions
--------------------------------------------------------------------------------
[Jan 14, 2026 7:20:49.0 PM GMT:ERROR:creative_new_tab_page_ads_util.cc(159)] Successfully saved creative new tab page ads
[Jan 14, 2026 7:20:49.0 PM GMT:ERROR:creative_new_tab_page_ads_util.cc(144)] Successfully saved creative set conversions
--------------------------------------------------------------------------------
[Jan 14, 2026 8:26:38.4 PM GMT:ERROR:creative_new_tab_page_ads_util.cc(159)] Successfully saved creative new tab page ads
[Jan 14, 2026 8:26:38.4 PM GMT:ERROR:creative_new_tab_page_ads_util.cc(144)] Successfully saved creative set conversions
--------------------------------------------------------------------------------
[Jan 15, 2026 7:52:00.1 AM GMT:ERROR:creative_new_tab_page_ads_util.cc(159)] Successfully saved creative new tab page ads
[Jan 15, 2026 7:52:00.1 AM GMT:ERROR:creative_new_tab_page_ads_util.cc(144)] Successfully saved creative set conversions
--------------------------------------------------------------------------------
[Jan 15, 2026 8:50:55.4 AM GMT:ERROR:creative_new_tab_page_ads_util.cc(159)] Successfully saved creative new tab page ads
[Jan 15, 2026 8:50:55.4 AM GMT:ERROR:creative_new_tab_page_ads_util.cc(144)] Successfully saved creative set conversions
[Jan 15, 2026 8:51:59.2 AM GMT:ERROR:creative_new_tab_page_ads_util.cc(159)] Successfully saved creative new tab page ads
[Jan 15, 2026 8:51:59.2 AM GMT:ERROR:creative_new_tab_page_ads_util.cc(144)] Successfully saved creative set conversions
--------------------------------------------------------------------------------
[Jan 15, 2026 9:55:33.3 AM GMT:ERROR:creative_new_tab_page_ads_util.cc(159)] Successfully saved creative new tab page ads
[Jan 15, 2026 9:55:33.3 AM GMT:ERROR:creative_new_tab_page_ads_util.cc(144)] Successfully saved creative set conversions
--------------------------------------------------------------------------------
[Jan 15, 2026 9:59:43.4 AM GMT:ERROR:creative_new_tab_page_ads_util.cc(159)] Successfully saved creative new tab page ads
[Jan 15, 2026 9:59:43.4 AM GMT:ERROR:creative_new_tab_page_ads_util.cc(144)] Successfully saved creative set conversions
--------------------------------------------------------------------------------
[Jan 15, 2026 2:07:29.0 PM GMT:ERROR:creative_new_tab_page_ads_util.cc(159)] Successfully saved creative new tab page ads
[Jan 15, 2026 2:07:29.0 PM GMT:ERROR:creative_new_tab_page_ads_util.cc(144)] Successfully saved creative set conversions
--------------------------------------------------------------------------------
[Jan 16, 2026 1:54:11.1 PM GMT:ERROR:creative_new_tab_page_ads_util.cc(159)] Successfully saved creative new tab page ads
[Jan 16, 2026 1:54:11.1 PM GMT:ERROR:creative_new_tab_page_ads_util.cc(144)] Successfully saved creative set conversions
[Jan 16, 2026 1:54:17.3 PM GMT:ERROR:creative_new_tab_page_ads_util.cc(159)] Successfully saved creative new tab page ads
[Jan 16, 2026 1:54:17.3 PM GMT:ERROR:creative_new_tab_page_ads_util.cc(144)] Successfully saved creative set conversions
--------------------------------------------------------------------------------
[Jan 16, 2026 10:02:56.7 PM GMT:ERROR:creative_new_tab_page_ads_util.cc(159)] Successfully saved creative new tab page ads
[Jan 16, 2026 10:02:56.7 PM GMT:ERROR:creative_new_tab_page_ads_util.cc(144)] Successfully saved creative set conversions
--------------------------------------------------------------------------------
[Jan 17, 2026 10:48:01.6 AM GMT:ERROR:creative_new_tab_page_ads_util.cc(159)] Successfully saved creative new tab page ads
[Jan 17, 2026 10:48:01.6 AM GMT:ERROR:creative_new_tab_page_ads_util.cc(144)] Successfully saved creative set conversions
[Jan 17, 2026 10:48:08.3 AM GMT:ERROR:creative_new_tab_page_ads_util.cc(159)] Successfully saved creative new tab page ads
[Jan 17, 2026 10:48:08.3 AM GMT:ERROR:creative_new_tab_page_ads_util.cc(144)] Successfully saved creative set conversions
--------------------------------------------------------------------------------
[Jan 18, 2026 12:33:07.4 PM GMT:ERROR:creative_new_tab_page_ads_util.cc(159)] Successfully saved creative new tab page ads
[Jan 18, 2026 12:33:07.4 PM GMT:ERROR:creative_new_tab_page_ads_util.cc(144)] Successfully saved creative set conversions
[Jan 18, 2026 12:33:12.4 PM GMT:ERROR:creative_new_tab_page_ads_util.cc(159)] Successfully saved creative new tab page ads
[Jan 18, 2026 12:33:12.4 PM GMT:ERROR:creative_new_tab_page_ads_util.cc(144)] Successfully saved creative set conversions
--------------------------------------------------------------------------------
[Jan 18, 2026 5:42:55.1 PM GMT:ERROR:creative_new_tab_page_ads_util.cc(159)] Successfully saved creative new tab page ads
[Jan 18, 2026 5:42:55.1 PM GMT:ERROR:creative_new_tab_page_ads_util.cc(144)] Successfully saved creative set conversions
--------------------------------------------------------------------------------
[Jan 19, 2026 11:42:10.3 AM GMT:ERROR:creative_new_tab_page_ads_util.cc(159)] Successfully saved creative new tab page ads
[Jan 19, 2026 11:42:10.3 AM GMT:ERROR:creative_new_tab_page_ads_util.cc(144)] Successfully saved creative set conversions
[Jan 19, 2026 11:42:20.2 AM GMT:ERROR:creative_new_tab_page_ads_util.cc(159)] Successfully saved creative new tab page ads
[Jan 19, 2026 11:42:20.2 AM GMT:ERROR:creative_new_tab_page_ads_util.cc(144)] Successfully saved creative set conversions
--------------------------------------------------------------------------------
[Jan 19, 2026 5:48:09.4 PM GMT:ERROR:creative_new_tab_page_ads_util.cc(159)] Successfully saved creative new tab page ads
[Jan 19, 2026 5:48:09.4 PM GMT:ERROR:creative_new_tab_page_ads_util.cc(144)] Successfully saved creative set conversions
--------------------------------------------------------------------------------
[Jan 20, 2026 3:04:16.2 PM GMT:ERROR:creative_new_tab_page_ads_util.cc(159)] Successfully saved creative new tab page ads
[Jan 20, 2026 3:04:16.2 PM GMT:ERROR:creative_new_tab_page_ads_util.cc(144)] Successfully saved creative set conversions
[Jan 20, 2026 3:04:19.0 PM GMT:ERROR:creative_new_tab_page_ads_util.cc(159)] Successfully saved creative new tab page ads
[Jan 20, 2026 3:04:19.0 PM GMT:ERROR:creative_new_tab_page_ads_util.cc(144)] Successfully saved creative set conversions
--------------------------------------------------------------------------------
[Jan 21, 2026 6:55:57.5 AM GMT:ERROR:creative_new_tab_page_ads_util.cc(159)] Successfully saved creative new tab page ads
[Jan 21, 2026 6:55:57.5 AM GMT:ERROR:creative_new_tab_page_ads_util.cc(144)] Successfully saved creative set conversions
--------------------------------------------------------------------------------
[Jan 21, 2026 11:25:41.3 AM GMT:ERROR:creative_new_tab_page_ads_util.cc(159)] Successfully saved creative new tab page ads
[Jan 21, 2026 11:25:41.3 AM GMT:ERROR:creative_new_tab_page_ads_util.cc(144)] Successfully saved creative set conversions
[Jan 21, 2026 11:25:44.2 AM GMT:ERROR:creative_new_tab_page_ads_util.cc(159)] Successfully saved creative new tab page ads
[Jan 21, 2026 11:25:44.2 AM GMT:ERROR:creative_new_tab_page_ads_util.cc(144)] Successfully saved creative set conversions
--------------------------------------------------------------------------------
[Jan 21, 2026 5:21:03.8 PM GMT:ERROR:creative_new_tab_page_ads_util.cc(159)] Successfully saved creative new tab page ads
[Jan 21, 2026 5:21:03.8 PM GMT:ERROR:creative_new_tab_page_ads_util.cc(144)] Successfully saved creative set conversions
--------------------------------------------------------------------------------
[Jan 22, 2026 9:48:03.8 AM GMT:ERROR:creative_new_tab_page_ads_util.cc(159)] Successfully saved creative new tab page ads
[Jan 22, 2026 9:48:03.8 AM GMT:ERROR:creative_new_tab_page_ads_util.cc(144)] Successfully saved creative set conversions
[Jan 22, 2026 9:51:03.9 AM GMT:ERROR:creative_new_tab_page_ads_util.cc(159)] Successfully saved creative new tab page ads
[Jan 22, 2026 9:51:03.9 AM GMT:ERROR:creative_new_tab_page_ads_util.cc(144)] Successfully saved creative set conversions
--------------------------------------------------------------------------------
[Jan 23, 2026 9:25:39.5 AM GMT:ERROR:creative_new_tab_page_ads_util.cc(159)] Successfully saved creative new tab page ads
[Jan 23, 2026 9:25:39.5 AM GMT:ERROR:creative_new_tab_page_ads_util.cc(144)] Successfully saved creative set conversions
[Jan 23, 2026 9:25:46.6 AM GMT:ERROR:creative_new_tab_page_ads_util.cc(159)] Successfully saved creative new tab page ads
[Jan 23, 2026 9:25:46.6 AM GMT:ERROR:creative_new_tab_page_ads_util.cc(144)] Successfully saved creative set conversions
--------------------------------------------------------------------------------
[Jan 24, 2026 9:07:13.9 AM GMT:ERROR:creative_new_tab_page_ads_util.cc(159)] Successfully saved creative new tab page ads
[Jan 24, 2026 9:07:13.9 AM GMT:ERROR:creative_new_tab_page_ads_util.cc(144)] Successfully saved creative set conversions
[Jan 24, 2026 9:07:20.2 AM GMT:ERROR:creative_new_tab_page_ads_util.cc(159)] Successfully saved creative new tab page ads
[Jan 24, 2026 9:07:20.2 AM GMT:ERROR:creative_new_tab_page_ads_util.cc(144)] Successfully saved creative set conversions
--------------------------------------------------------------------------------
[Jan 25, 2026 11:49:37.7 AM GMT:ERROR:creative_new_tab_page_ads_util.cc(159)] Successfully saved creative new tab page ads
[Jan 25, 2026 11:49:37.7 AM GMT:ERROR:creative_new_tab_page_ads_util.cc(144)] Successfully saved creative set conversions
[Jan 25, 2026 11:49:42.9 AM GMT:ERROR:creative_new_tab_page_ads_util.cc(159)] Successfully saved creative new tab page ads
[Jan 25, 2026 11:49:42.9 AM GMT:ERROR:creative_new_tab_page_ads_util.cc(144)] Successfully saved creative set conversions
--------------------------------------------------------------------------------
[Jan 26, 2026 6:24:19.2 AM GMT:ERROR:creative_new_tab_page_ads_util.cc(159)] Successfully saved creative new tab page ads
[Jan 26, 2026 6:24:19.2 AM GMT:ERROR:creative_new_tab_page_ads_util.cc(144)] Successfully saved creative set conversions
[Jan 26, 2026 6:39:20.5 AM GMT:ERROR:creative_new_tab_page_ads_util.cc(159)] Successfully saved creative new tab page ads
[Jan 26, 2026 6:39:20.5 AM GMT:ERROR:creative_new_tab_page_ads_util.cc(144)] Successfully saved creative set conversions
--------------------------------------------------------------------------------
[Jan 26, 2026 10:40:44.0 AM GMT:ERROR:creative_new_tab_page_ads_util.cc(159)] Successfully saved creative new tab page ads
[Jan 26, 2026 10:40:44.0 AM GMT:ERROR:creative_new_tab_page_ads_util.cc(144)] Successfully saved creative set conversions
--------------------------------------------------------------------------------
[Jan 26, 2026 3:51:49.2 PM GMT:ERROR:creative_new_tab_page_ads_util.cc(159)] Successfully saved creative new tab page ads
[Jan 26, 2026 3:51:49.2 PM GMT:ERROR:creative_new_tab_page_ads_util.cc(144)] Successfully saved creative set conversions
--------------------------------------------------------------------------------
[Jan 27, 2026 8:45:12.5 AM GMT:ERROR:creative_new_tab_page_ads_util.cc(159)] Successfully saved creative new tab page ads
[Jan 27, 2026 8:45:12.5 AM GMT:ERROR:creative_new_tab_page_ads_util.cc(144)] Successfully saved creative set conversions
[Jan 27, 2026 8:46:25.2 AM GMT:ERROR:creative_new_tab_page_ads_util.cc(159)] Successfully saved creative new tab page ads
[Jan 27, 2026 8:46:25.2 AM GMT:ERROR:creative_new_tab_page_ads_util.cc(144)] Successfully saved creative set conversions
--------------------------------------------------------------------------------
[Jan 27, 2026 11:34:36.8 AM GMT:ERROR:creative_new_tab_page_ads_util.cc(159)] Successfully saved creative new tab page ads
[Jan 27, 2026 11:34:36.8 AM GMT:ERROR:creative_new_tab_page_ads_util.cc(144)] Successfully saved creative set conversions
--------------------------------------------------------------------------------
[Jan 27, 2026 3:50:11.5 PM GMT:ERROR:creative_new_tab_page_ads_util.cc(159)] Successfully saved creative new tab page ads
[Jan 27, 2026 3:50:11.5 PM GMT:ERROR:creative_new_tab_page_ads_util.cc(144)] Successfully saved creative set conversions
--------------------------------------------------------------------------------
[Jan 28, 2026 8:45:28.6 AM GMT:ERROR:creative_new_tab_page_ads_util.cc(159)] Successfully saved creative new tab page ads
[Jan 28, 2026 8:45:28.6 AM GMT:ERROR:creative_new_tab_page_ads_util.cc(144)] Successfully saved creative set conversions
[Jan 28, 2026 8:45:40.3 AM GMT:ERROR:creative_new_tab_page_ads_util.cc(159)] Successfully saved creative new tab page ads
[Jan 28, 2026 8:45:40.3 AM GMT:ERROR:creative_new_tab_page_ads_util.cc(144)] Successfully saved creative set conversions
--------------------------------------------------------------------------------
[Jan 28, 2026 9:53:22.0 AM GMT:ERROR:creative_new_tab_page_ads_util.cc(159)] Successfully saved creative new tab page ads
[Jan 28, 2026 9:53:22.0 AM GMT:ERROR:creative_new_tab_page_ads_util.cc(144)] Successfully saved creative set conversions
--------------------------------------------------------------------------------
[Jan 28, 2026 10:54:12.9 AM GMT:ERROR:creative_new_tab_page_ads_util.cc(159)] Successfully saved creative new tab page ads
[Jan 28, 2026 10:54:12.9 AM GMT:ERROR:creative_new_tab_page_ads_util.cc(144)] Successfully saved creative set conversions
--------------------------------------------------------------------------------
[Jan 28, 2026 12:44:26.8 PM GMT:ERROR:creative_new_tab_page_ads_util.cc(159)] Successfully saved creative new tab page ads
[Jan 28, 2026 12:44:26.8 PM GMT:ERROR:creative_new_tab_page_ads_util.cc(144)] Successfully saved creative set conversions
--------------------------------------------------------------------------------
[Jan 28, 2026 2:49:32.6 PM GMT:ERROR:creative_new_tab_page_ads_util.cc(159)] Successfully saved creative new tab page ads
[Jan 28, 2026 2:49:32.6 PM GMT:ERROR:creative_new_tab_page_ads_util.cc(144)] Successfully saved creative set conversions
--------------------------------------------------------------------------------
[Jan 29, 2026 6:40:30.5 AM GMT:ERROR:creative_new_tab_page_ads_util.cc(159)] Successfully saved creative new tab page ads
[Jan 29, 2026 6:40:30.5 AM GMT:ERROR:creative_new_tab_page_ads_util.cc(144)] Successfully saved creative set conversions
[Jan 29, 2026 6:40:33.5 AM GMT:ERROR:creative_new_tab_page_ads_util.cc(159)] Successfully saved creative new tab page ads
[Jan 29, 2026 6:40:33.5 AM GMT:ERROR:creative_new_tab_page_ads_util.cc(144)] Successfully saved creative set conversions
--------------------------------------------------------------------------------
[Jan 29, 2026 9:08:32.9 AM GMT:ERROR:creative_new_tab_page_ads_util.cc(159)] Successfully saved creative new tab page ads
[Jan 29, 2026 9:08:32.9 AM GMT:ERROR:creative_new_tab_page_ads_util.cc(144)] Successfully saved creative set conversions
--------------------------------------------------------------------------------
[Jan 29, 2026 1:11:17.4 PM GMT:ERROR:creative_new_tab_page_ads_util.cc(159)] Successfully saved creative new tab page ads
[Jan 29, 2026 1:11:17.4 PM GMT:ERROR:creative_new_tab_page_ads_util.cc(144)] Successfully saved creative set conversions
--------------------------------------------------------------------------------
[Jan 29, 2026 4:22:35.1 PM GMT:ERROR:creative_new_tab_page_ads_util.cc(159)] Successfully saved creative new tab page ads
[Jan 29, 2026 4:22:35.1 PM GMT:ERROR:creative_new_tab_page_ads_util.cc(144)] Successfully saved creative set conversions
--------------------------------------------------------------------------------
[Jan 30, 2026 12:19:27.7 AM GMT:ERROR:creative_new_tab_page_ads_util.cc(159)] Successfully saved creative new tab page ads
[Jan 30, 2026 12:19:27.7 AM GMT:ERROR:creative_new_tab_page_ads_util.cc(144)] Successfully saved creative set conversions
--------------------------------------------------------------------------------
[Jan 30, 2026 10:38:31.5 AM GMT:ERROR:creative_new_tab_page_ads_util.cc(159)] Successfully saved creative new tab page ads
[Jan 30, 2026 10:38:31.5 AM GMT:ERROR:creative_new_tab_page_ads_util.cc(144)] Successfully saved creative set conversions
[Jan 30, 2026 10:38:37.5 AM GMT:ERROR:creative_new_tab_page_ads_util.cc(159)] Successfully saved creative new tab page ads
[Jan 30, 2026 10:38:37.5 AM GMT:ERROR:creative_new_tab_page_ads_util.cc(144)] Successfully saved creative set conversions
[Jan 30, 2026 3:23:32.3 PM GMT:ERROR:creative_new_tab_page_ads_util.cc(159)] Successfully saved creative new tab page ads
[Jan 30, 2026 3:23:32.3 PM GMT:ERROR:creative_new_tab_page_ads_util.cc(144)] Successfully saved creative set conversions
--------------------------------------------------------------------------------
[Jan 31, 2026 9:39:43.9 AM GMT:ERROR:creative_new_tab_page_ads_util.cc(159)] Successfully saved creative new tab page ads
[Jan 31, 2026 9:39:43.9 AM GMT:ERROR:creative_new_tab_page_ads_util.cc(144)] Successfully saved creative set conversions
[Jan 31, 2026 9:39:53.4 AM GMT:ERROR:creative_new_tab_page_ads_util.cc(159)] Successfully saved creative new tab page ads
[Jan 31, 2026 9:39:53.4 AM GMT:ERROR:creative_new_tab_page_ads_util.cc(144)] Successfully saved creative set conversions
--------------------------------------------------------------------------------
[Jan 31, 2026 11:23:01.3 AM GMT:ERROR:creative_new_tab_page_ads_util.cc(159)] Successfully saved creative new tab page ads
[Jan 31, 2026 11:23:01.3 AM GMT:ERROR:creative_new_tab_page_ads_util.cc(144)] Successfully saved creative set conversions
--------------------------------------------------------------------------------
[Jan 31, 2026 1:53:08.9 PM GMT:ERROR:creative_new_tab_page_ads_util.cc(159)] Successfully saved creative new tab page ads
[Jan 31, 2026 1:53:08.9 PM GMT:ERROR:creative_new_tab_page_ads_util.cc(144)] Successfully saved creative set conversions
--------------------------------------------------------------------------------
[Jan 31, 2026 10:59:06.0 PM GMT:ERROR:creative_new_tab_page_ads_util.cc(159)] Successfully saved creative new tab page ads
[Jan 31, 2026 10:59:06.0 PM GMT:ERROR:creative_new_tab_page_ads_util.cc(144)] Successfully saved creative set conversions
--------------------------------------------------------------------------------
[Feb 01, 2026 5:40:25.3 PM GMT:ERROR:creative_new_tab_page_ads_util.cc(159)] Successfully saved creative new tab page ads
[Feb 01, 2026 5:40:25.3 PM GMT:ERROR:creative_new_tab_page_ads_util.cc(144)] Successfully saved creative set conversions
[Feb 01, 2026 5:40:30.7 PM GMT:ERROR:creative_new_tab_page_ads_util.cc(159)] Successfully saved creative new tab page ads
[Feb 01, 2026 5:40:30.7 PM GMT:ERROR:creative_new_tab_page_ads_util.cc(144)] Successfully saved creative set conversions
--------------------------------------------------------------------------------
[Feb 02, 2026 10:41:01.4 AM GMT:ERROR:creative_new_tab_page_ads_util.cc(159)] Successfully saved creative new tab page ads
[Feb 02, 2026 10:41:01.4 AM GMT:ERROR:creative_new_tab_page_ads_util.cc(144)] Successfully saved creative set conversions
[Feb 02, 2026 10:42:39.7 AM GMT:ERROR:creative_new_tab_page_ads_util.cc(159)] Successfully saved creative new tab page ads
[Feb 02, 2026 10:42:39.7 AM GMT:ERROR:creative_new_tab_page_ads_util.cc(144)] Successfully saved creative set conversions
--------------------------------------------------------------------------------
[Feb 02, 2026 11:41:41.0 AM GMT:ERROR:creative_new_tab_page_ads_util.cc(159)] Successfully saved creative new tab page ads
[Feb 02, 2026 11:41:41.0 AM GMT:ERROR:creative_new_tab_page_ads_util.cc(144)] Successfully saved creative set conversions
--------------------------------------------------------------------------------
[Feb 02, 2026 3:59:04.8 PM GMT:ERROR:creative_new_tab_page_ads_util.cc(159)] Successfully saved creative new tab page ads
[Feb 02, 2026 3:59:04.8 PM GMT:ERROR:creative_new_tab_page_ads_util.cc(144)] Successfully saved creative set conversions
--------------------------------------------------------------------------------
[Feb 03, 2026 6:57:08.0 AM GMT:ERROR:creative_new_tab_page_ads_util.cc(159)] Successfully saved creative new tab page ads
[Feb 03, 2026 6:57:08.0 AM GMT:ERROR:creative_new_tab_page_ads_util.cc(144)] Successfully saved creative set conversions
--------------------------------------------------------------------------------
[Feb 03, 2026 8:44:24.9 AM GMT:ERROR:creative_new_tab_page_ads_util.cc(159)] Successfully saved creative new tab page ads
[Feb 03, 2026 8:44:24.9 AM GMT:ERROR:creative_new_tab_page_ads_util.cc(144)] Successfully saved creative set conversions
[Feb 03, 2026 8:45:35.1 AM GMT:ERROR:creative_new_tab_page_ads_util.cc(159)] Successfully saved creative new tab page ads
[Feb 03, 2026 8:45:35.1 AM GMT:ERROR:creative_new_tab_page_ads_util.cc(144)] Successfully saved creative set conversions
--------------------------------------------------------------------------------
[Feb 03, 2026 9:03:14.6 AM GMT:ERROR:creative_new_tab_page_ads_util.cc(159)] Successfully saved creative new tab page ads
[Feb 03, 2026 9:03:14.6 AM GMT:ERROR:creative_new_tab_page_ads_util.cc(144)] Successfully saved creative set conversions
--------------------------------------------------------------------------------
[Feb 03, 2026 10:10:36.3 AM GMT:ERROR:creative_new_tab_page_ads_util.cc(159)] Successfully saved creative new tab page ads
[Feb 03, 2026 10:10:36.3 AM GMT:ERROR:creative_new_tab_page_ads_util.cc(144)] Successfully saved creative set conversions
--------------------------------------------------------------------------------
[Feb 03, 2026 3:13:35.8 PM GMT:ERROR:creative_new_tab_page_ads_util.cc(159)] Successfully saved creative new tab page ads
[Feb 03, 2026 3:13:35.8 PM GMT:ERROR:creative_new_tab_page_ads_util.cc(144)] Successfully saved creative set conversions
--------------------------------------------------------------------------------
[Feb 04, 2026 6:13:43.7 AM GMT:ERROR:creative_new_tab_page_ads_util.cc(159)] Successfully saved creative new tab page ads
[Feb 04, 2026 6:13:43.7 AM GMT:ERROR:creative_new_tab_page_ads_util.cc(144)] Successfully saved creative set conversions
[Feb 04, 2026 6:13:48.7 AM GMT:ERROR:creative_new_tab_page_ads_util.cc(159)] Successfully saved creative new tab page ads
[Feb 04, 2026 6:13:48.7 AM GMT:ERROR:creative_new_tab_page_ads_util.cc(144)] Successfully saved creative set conversions
--------------------------------------------------------------------------------
[Feb 04, 2026 3:54:58.9 PM GMT:ERROR:creative_new_tab_page_ads_util.cc(159)] Successfully saved creative new tab page ads
[Feb 04, 2026 3:54:58.9 PM GMT:ERROR:creative_new_tab_page_ads_util.cc(144)] Successfully saved creative set conversions
--------------------------------------------------------------------------------
[Feb 05, 2026 6:26:47.4 AM GMT:ERROR:creative_new_tab_page_ads_util.cc(159)] Successfully saved creative new tab page ads
[Feb 05, 2026 6:26:47.4 AM GMT:ERROR:creative_new_tab_page_ads_util.cc(144)] Successfully saved creative set conversions
[Feb 05, 2026 6:27:58.2 AM GMT:ERROR:creative_new_tab_page_ads_util.cc(159)] Successfully saved creative new tab page ads
[Feb 05, 2026 6:27:58.2 AM GMT:ERROR:creative_new_tab_page_ads_util.cc(144)] Successfully saved creative set conversions
--------------------------------------------------------------------------------
[Feb 05, 2026 6:55:19.2 AM GMT:ERROR:creative_new_tab_page_ads_util.cc(159)] Successfully saved creative new tab page ads
[Feb 05, 2026 6:55:19.2 AM GMT:ERROR:creative_new_tab_page_ads_util.cc(144)] Successfully saved creative set conversions
--------------------------------------------------------------------------------
[Feb 05, 2026 7:51:04.1 AM GMT:ERROR:creative_new_tab_page_ads_util.cc(159)] Successfully saved creative new tab page ads
[Feb 05, 2026 7:51:04.1 AM GMT:ERROR:creative_new_tab_page_ads_util.cc(144)] Successfully saved creative set conversions
--------------------------------------------------------------------------------
[Feb 05, 2026 9:47:25.2 AM GMT:ERROR:creative_new_tab_page_ads_util.cc(159)] Successfully saved creative new tab page ads
[Feb 05, 2026 9:47:25.2 AM GMT:ERROR:creative_new_tab_page_ads_util.cc(144)] Successfully saved creative set conversions
--------------------------------------------------------------------------------
[Feb 05, 2026 1:50:12.0 PM GMT:ERROR:creative_new_tab_page_ads_util.cc(159)] Successfully saved creative new tab page ads
[Feb 05, 2026 1:50:12.0 PM GMT:ERROR:creative_new_tab_page_ads_util.cc(144)] Successfully saved creative set conversions
[Feb 05, 2026 2:20:13.0 PM GMT:ERROR:creative_new_tab_page_ads_util.cc(159)] Successfully saved creative new tab page ads
[Feb 05, 2026 2:20:13.0 PM GMT:ERROR:creative_new_tab_page_ads_util.cc(144)] Successfully saved creative set conversions
--------------------------------------------------------------------------------
[Feb 05, 2026 7:12:22.7 PM GMT:ERROR:creative_new_tab_page_ads_util.cc(159)] Successfully saved creative new tab page ads
[Feb 05, 2026 7:12:22.7 PM GMT:ERROR:creative_new_tab_page_ads_util.cc(144)] Successfully saved creative set conversions
