00:00:00.262348 VirtualBox GUI VM Selector Window 7.2.4 r170995 linux.amd64 (Oct 17 2025 09:04:29) release log
00:00:00.262349 Log opened 2025-11-02T13:19:06.842725000Z
00:00:00.262350 Build Type: release
00:00:00.262354 OS Product: Linux
00:00:00.262355 OS Release: 6.17.5-arch1-1
00:00:00.262356 OS Version: #1 SMP PREEMPT_DYNAMIC Thu, 23 Oct 2025 18:49:03 +0000
00:00:00.262381 DMI Product Name: Nitro AN515-51
00:00:00.262389 DMI Product Version: V1.22
00:00:00.262397 Firmware type: UEFI
00:00:00.262943 Secure Boot: Disabled
00:00:00.262993 Host RAM: 31974MB (31.2GB) total, 26790MB (26.1GB) available
00:00:00.262998 Executable: /opt/VirtualBox/VirtualBox
00:00:00.262999 Process ID: 11763
00:00:00.262999 Package type: LINUX_64BITS_GENERIC
00:00:00.263032 Qt version: 6.8.0
00:00:00.263548 GUI: UIMediumEnumerator: Initial medium-enumeration finished!
00:00:00.269895 GUI: UIMediumEnumerator: Medium-enumeration started...
00:00:00.945070 GUI: UIMediumEnumerator: Medium-enumeration finished!
00:00:04.271067 GUI: UIMediumEnumerator: Medium-enumeration finished!
00:00:05.266080 GUI: UIInvisibleWindow::sltFallback: Move event missing. Screen: 0, work area: 959x539 x 800x800
00:00:05.266096 GUI: UIDesktopWidgetWatchdog::sltHandleHostScreenAvailableGeometryCalculated: Screen 0 work area is actually resized to: 959x539 x 800x800
00:00:16.723894 GUI: UICommon: Handling aboutToQuit request..
00:00:17.298799 GUI: UICommon: aboutToQuit request handled!
