00:00:00.003505 main     VirtualBox XPCOM Server 7.2.4 r170995 linux.amd64 (Oct 17 2025 09:04:29) release log
00:00:00.003508 main     Log opened 2025-11-02T11:43:09.371335000Z
00:00:00.003509 main     Build Type: release
00:00:00.003516 main     OS Product: Linux
00:00:00.003517 main     OS Release: 6.17.5-arch1-1
00:00:00.003518 main     OS Version: #1 SMP PREEMPT_DYNAMIC Thu, 23 Oct 2025 18:49:03 +0000
00:00:00.003543 main     DMI Product Name: Nitro AN515-51
00:00:00.003552 main     DMI Product Version: V1.22
00:00:00.003559 main     Firmware type: UEFI
00:00:00.004124 main     Secure Boot: Disabled
00:00:00.004328 main     Host RAM: 31974MB (31.2GB) total, 27040MB (26.4GB) available
00:00:00.004333 main     Executable: /opt/VirtualBox/VBoxSVC
00:00:00.004333 main     Process ID: 7190
00:00:00.004333 main     Package type: LINUX_64BITS_GENERIC
00:00:00.014571 main     IPC socket path: /tmp/.vbox-chromagor-ipc/ipcd
00:00:00.027555 DCon01   VirtualBox: object creation starts
00:00:00.028146 DCon01   Home directory: '/home/chromagor/.config/VirtualBox'
00:00:00.028907 DCon01   Loading settings file "/home/chromagor/.config/VirtualBox/VirtualBox.xml" with version "1.12-linux"
00:00:00.046058 DCon01   HostDnsMonitor: initializing
00:00:00.046252 DCon01   NAT: resolv.conf: nameserver 127.0.0.53
00:00:00.046261 DCon01   NAT: resolv.conf: ignoring "options edns0 trust-ad"
00:00:00.046276 DCon01   HostDnsMonitor: updating information
00:00:00.046292 DCon01   HostDnsMonitor: old information
00:00:00.046293 DCon01     no server entries
00:00:00.046295 DCon01     no domain set
00:00:00.046296 DCon01     no search string entries
00:00:00.046298 DCon01   HostDnsMonitor: new information
00:00:00.046299 DCon01     server 1: 127.0.0.53
00:00:00.046301 DCon01     domain: .
00:00:00.046303 DCon01     search string 1: .
00:00:00.048908 DCon01   VD: VDInit finished with VINF_SUCCESS
00:00:00.051545 DCon01   Platform architecture set to 'x86'
00:00:00.052894 DCon01   Loading settings file "/VM_ORACLE/Ubuntu_Server1.0/Ubuntu_Server1.0/Ubuntu_Server1.0.vbox" with version "1.19-linux"
00:00:00.053658 DCon01   Platform architecture set to 'x86'
00:00:00.054523 DCon01   VirtualBox: object created
00:00:00.909109 DCon06   Saving settings file "/home/chromagor/.config/VirtualBox/VirtualBox.xml" with version "1.12-linux"
00:00:00.922054 DCon06   Finished saving settings file "/home/chromagor/.config/VirtualBox/VirtualBox.xml"
00:00:00.925331 DCon06   Saving settings file "/home/chromagor/.config/VirtualBox/VirtualBox.xml" with version "1.12-linux"
00:00:00.937706 DCon06   Finished saving settings file "/home/chromagor/.config/VirtualBox/VirtualBox.xml"
00:00:00.938151 DCon06   Saving settings file "/home/chromagor/.config/VirtualBox/VirtualBox.xml" with version "1.12-linux"
00:00:00.951630 DCon06   Finished saving settings file "/home/chromagor/.config/VirtualBox/VirtualBox.xml"
00:00:00.974378 DCon06   WARNING [COM]: aRC=NS_ERROR_FAILURE (0x80004005) aIID={d5dcece0-b202-4416-a138-03502784cc07} aComponent={HostWrap} aText={VirtualBox is not currently allowed to access USB devices.  You can change this by adding your user to the 'vboxusers' group.  Please see the user manual for a more detailed explanation}, preserve=true aResultDetail=0
00:00:00.975685 DCon06   WARNING [COM]: aRC=NS_ERROR_FAILURE (0x80004005) aIID={d5dcece0-b202-4416-a138-03502784cc07} aComponent={HostWrap} aText={VirtualBox is not currently allowed to access USB devices.  You can change this by adding your user to the 'vboxusers' group.  Please see the user manual for a more detailed explanation}, preserve=false aResultDetail=0
00:00:01.005164 DCon06   ERROR [COM]: aRC=VBOX_E_OBJECT_NOT_FOUND (0x80bb0001) aIID={5bfd8965-b81b-469f-8649-f717ce97a5d5} aComponent={NvramStoreWrap} aText={The UEFI NVRAM file is not existing for this machine}, preserve=false aResultDetail=0
00:00:01.117691 DCon06   ERROR [COM]: aRC=VBOX_E_INVALID_VM_STATE (0x80bb0002) aIID={e36a5081-a82a-40bd-9e4e-42a44d6ce50f} aComponent={MachineWrap} aText={The machine is not mutable, saved or running (state is PoweredOff)}, preserve=false aResultDetail=0
00:00:01.213002 DCon06   WARNING [COM]: aRC=NS_ERROR_FAILURE (0x80004005) aIID={d5dcece0-b202-4416-a138-03502784cc07} aComponent={HostWrap} aText={VirtualBox is not currently allowed to access USB devices.  You can change this by adding your user to the 'vboxusers' group.  Please see the user manual for a more detailed explanation}, preserve=true aResultDetail=0
00:00:01.215336 DCon06   WARNING [COM]: aRC=NS_ERROR_FAILURE (0x80004005) aIID={d5dcece0-b202-4416-a138-03502784cc07} aComponent={HostWrap} aText={VirtualBox is not currently allowed to access USB devices.  You can change this by adding your user to the 'vboxusers' group.  Please see the user manual for a more detailed explanation}, preserve=true aResultDetail=0
00:00:01.280076 DCon05   Saving settings file "/home/chromagor/.config/VirtualBox/VirtualBox.xml" with version "1.12-linux"
00:00:01.292805 DCon05   Finished saving settings file "/home/chromagor/.config/VirtualBox/VirtualBox.xml"
00:00:04.485989 DCon05   Saving settings file "/home/chromagor/.config/VirtualBox/VirtualBox.xml" with version "1.12-linux"
00:00:04.507981 DCon05   Finished saving settings file "/home/chromagor/.config/VirtualBox/VirtualBox.xml"
00:00:06.290499 DCon01   Launched VM: 1879478160 pid: 7225 (0x1c39) frontend: GUI/Qt name: Ubuntu_Server1.0
00:00:06.359358 DCon02   ERROR [COM]: aRC=VBOX_E_OBJECT_NOT_FOUND (0x80bb0001) aIID={5bfd8965-b81b-469f-8649-f717ce97a5d5} aComponent={NvramStoreWrap} aText={The UEFI NVRAM file is not existing for this machine}, preserve=false aResultDetail=0
00:00:06.387130 DCon02   ERROR [COM]: aRC=VBOX_E_INVALID_VM_STATE (0x80bb0002) aIID={e36a5081-a82a-40bd-9e4e-42a44d6ce50f} aComponent={MachineWrap} aText={The machine is not mutable, saved or running (state is PoweredOff)}, preserve=false aResultDetail=0
00:00:06.453075 DCon04   WARNING [COM]: aRC=NS_ERROR_FAILURE (0x80004005) aIID={d5dcece0-b202-4416-a138-03502784cc07} aComponent={HostWrap} aText={VirtualBox is not currently allowed to access USB devices.  You can change this by adding your user to the 'vboxusers' group.  Please see the user manual for a more detailed explanation}, preserve=true aResultDetail=0
00:00:06.454539 DCon04   WARNING [COM]: aRC=NS_ERROR_FAILURE (0x80004005) aIID={d5dcece0-b202-4416-a138-03502784cc07} aComponent={HostWrap} aText={VirtualBox is not currently allowed to access USB devices.  You can change this by adding your user to the 'vboxusers' group.  Please see the user manual for a more detailed explanation}, preserve=true aResultDetail=0
00:00:06.637683 DCon02   Platform architecture set to 'x86'
00:00:06.659366 DCon09   ERROR [COM]: aRC=VBOX_E_OBJECT_NOT_FOUND (0x80bb0001) aIID={5bfd8965-b81b-469f-8649-f717ce97a5d5} aComponent={NvramStoreWrap} aText={The UEFI NVRAM file is not existing for this machine}, preserve=false aResultDetail=0
00:00:06.670820 DCon09   ERROR [COM]: aRC=VBOX_E_INVALID_VM_STATE (0x80bb0002) aIID={e36a5081-a82a-40bd-9e4e-42a44d6ce50f} aComponent={MachineWrap} aText={The machine is not mutable, saved or running (state is PoweredOff)}, preserve=false aResultDetail=0
00:00:06.704366 DCon05   WARNING [COM]: aRC=NS_ERROR_FAILURE (0x80004005) aIID={d5dcece0-b202-4416-a138-03502784cc07} aComponent={HostWrap} aText={VirtualBox is not currently allowed to access USB devices.  You can change this by adding your user to the 'vboxusers' group.  Please see the user manual for a more detailed explanation}, preserve=true aResultDetail=0
00:00:06.707049 DCon05   WARNING [COM]: aRC=NS_ERROR_FAILURE (0x80004005) aIID={d5dcece0-b202-4416-a138-03502784cc07} aComponent={HostWrap} aText={VirtualBox is not currently allowed to access USB devices.  You can change this by adding your user to the 'vboxusers' group.  Please see the user manual for a more detailed explanation}, preserve=true aResultDetail=0
00:00:07.402690 DCon08   WARNING [COM]: aRC=NS_ERROR_FAILURE (0x80004005) aIID={d5dcece0-b202-4416-a138-03502784cc07} aComponent={HostWrap} aText={VirtualBox is not currently allowed to access USB devices.  You can change this by adding your user to the 'vboxusers' group.  Please see the user manual for a more detailed explanation}, preserve=true aResultDetail=0
00:00:07.403855 DCon08   WARNING [COM]: aRC=NS_ERROR_FAILURE (0x80004005) aIID={d5dcece0-b202-4416-a138-03502784cc07} aComponent={HostWrap} aText={VirtualBox is not currently allowed to access USB devices.  You can change this by adding your user to the 'vboxusers' group.  Please see the user manual for a more detailed explanation}, preserve=true aResultDetail=0
00:00:07.449857 DCon08   WARNING [COM]: aRC=NS_ERROR_FAILURE (0x80004005) aIID={d5dcece0-b202-4416-a138-03502784cc07} aComponent={HostWrap} aText={VirtualBox is not currently allowed to access USB devices.  You can change this by adding your user to the 'vboxusers' group.  Please see the user manual for a more detailed explanation}, preserve=true aResultDetail=0
00:00:07.450751 DCon08   WARNING [COM]: aRC=NS_ERROR_FAILURE (0x80004005) aIID={d5dcece0-b202-4416-a138-03502784cc07} aComponent={HostWrap} aText={VirtualBox is not currently allowed to access USB devices.  You can change this by adding your user to the 'vboxusers' group.  Please see the user manual for a more detailed explanation}, preserve=true aResultDetail=0
00:00:07.455183 DCon08   ERROR [COM]: aRC=NS_ERROR_FAILURE (0x80004005) aIID={83cfdc66-4f20-4569-ad39-8722f7d472b3} aComponent={RecordingSettingsWrap} aText={Recording not started}, preserve=false aResultDetail=0
00:00:07.499122 DCon01   WARNING [COM]: aRC=NS_ERROR_FAILURE (0x80004005) aIID={d5dcece0-b202-4416-a138-03502784cc07} aComponent={HostWrap} aText={VirtualBox is not currently allowed to access USB devices.  You can change this by adding your user to the 'vboxusers' group.  Please see the user manual for a more detailed explanation}, preserve=false aResultDetail=0
00:00:07.501026 DCon01   WARNING [COM]: aRC=NS_ERROR_FAILURE (0x80004005) aIID={d5dcece0-b202-4416-a138-03502784cc07} aComponent={HostWrap} aText={VirtualBox is not currently allowed to access USB devices.  You can change this by adding your user to the 'vboxusers' group.  Please see the user manual for a more detailed explanation}, preserve=true aResultDetail=0
00:00:07.501258 DCon01   WARNING [COM]: aRC=NS_ERROR_FAILURE (0x80004005) aIID={d5dcece0-b202-4416-a138-03502784cc07} aComponent={HostWrap} aText={VirtualBox is not currently allowed to access USB devices.  You can change this by adding your user to the 'vboxusers' group.  Please see the user manual for a more detailed explanation}, preserve=true aResultDetail=0
00:00:07.542630 DCon04   WARNING [COM]: aRC=NS_ERROR_FAILURE (0x80004005) aIID={d5dcece0-b202-4416-a138-03502784cc07} aComponent={HostWrap} aText={VirtualBox is not currently allowed to access USB devices.  You can change this by adding your user to the 'vboxusers' group.  Please see the user manual for a more detailed explanation}, preserve=true aResultDetail=0
00:00:07.557199 DCon09   WARNING [COM]: aRC=NS_ERROR_FAILURE (0x80004005) aIID={d5dcece0-b202-4416-a138-03502784cc07} aComponent={HostWrap} aText={VirtualBox is not currently allowed to access USB devices.  You can change this by adding your user to the 'vboxusers' group.  Please see the user manual for a more detailed explanation}, preserve=true aResultDetail=0
00:00:07.579347 DCon04   ERROR [COM]: aRC=VBOX_E_OBJECT_NOT_FOUND (0x80bb0001) aIID={5bfd8965-b81b-469f-8649-f717ce97a5d5} aComponent={NvramStoreWrap} aText={The UEFI NVRAM file is not existing for this machine}, preserve=false aResultDetail=0
00:00:07.604254 DCon04   ERROR [COM]: aRC=VBOX_E_INVALID_VM_STATE (0x80bb0002) aIID={e36a5081-a82a-40bd-9e4e-42a44d6ce50f} aComponent={MachineWrap} aText={The machine is not mutable, saved or running (state is Starting)}, preserve=false aResultDetail=0
00:00:07.642840 DCon09   WARNING [COM]: aRC=NS_ERROR_FAILURE (0x80004005) aIID={d5dcece0-b202-4416-a138-03502784cc07} aComponent={HostWrap} aText={VirtualBox is not currently allowed to access USB devices.  You can change this by adding your user to the 'vboxusers' group.  Please see the user manual for a more detailed explanation}, preserve=true aResultDetail=0
00:00:07.645377 DCon09   WARNING [COM]: aRC=NS_ERROR_FAILURE (0x80004005) aIID={d5dcece0-b202-4416-a138-03502784cc07} aComponent={HostWrap} aText={VirtualBox is not currently allowed to access USB devices.  You can change this by adding your user to the 'vboxusers' group.  Please see the user manual for a more detailed explanation}, preserve=true aResultDetail=0
00:00:07.647676 DCon01   ERROR [COM]: aRC=NS_ERROR_FAILURE (0x80004005) aIID={83cfdc66-4f20-4569-ad39-8722f7d472b3} aComponent={RecordingSettingsWrap} aText={Recording not started}, preserve=false aResultDetail=0
00:00:07.657117 DCon05   WARNING [COM]: aRC=NS_ERROR_FAILURE (0x80004005) aIID={d5dcece0-b202-4416-a138-03502784cc07} aComponent={HostWrap} aText={VirtualBox is not currently allowed to access USB devices.  You can change this by adding your user to the 'vboxusers' group.  Please see the user manual for a more detailed explanation}, preserve=true aResultDetail=0
00:00:07.658905 DCon05   WARNING [COM]: aRC=NS_ERROR_FAILURE (0x80004005) aIID={d5dcece0-b202-4416-a138-03502784cc07} aComponent={HostWrap} aText={VirtualBox is not currently allowed to access USB devices.  You can change this by adding your user to the 'vboxusers' group.  Please see the user manual for a more detailed explanation}, preserve=true aResultDetail=0
00:00:07.757793 DCon05   ERROR [COM]: aRC=VBOX_E_OBJECT_NOT_FOUND (0x80bb0001) aIID={7d510820-a678-4730-a862-818dcd3fbed0} aComponent={MediumWrap} aText={Property 'CRYPT/KeyId' does not exist}, preserve=false aResultDetail=0
00:00:07.759674 DCon05   HostDnsMonitorProxy::GetDomainName: .
00:00:07.759801 DCon05   HostDnsMonitorProxy::GetNameServers:
00:00:07.759804 DCon05     name server 1: 127.0.0.53
00:00:07.759910 DCon05   HostDnsMonitorProxy::GetSearchStrings:
00:00:07.759913 DCon05     search string 1: .
00:00:07.793081 DCon09   WARNING [COM]: aRC=NS_ERROR_FAILURE (0x80004005) aIID={d5dcece0-b202-4416-a138-03502784cc07} aComponent={HostWrap} aText={VirtualBox is not currently allowed to access USB devices.  You can change this by adding your user to the 'vboxusers' group.  Please see the user manual for a more detailed explanation}, preserve=true aResultDetail=0
00:00:07.795030 DCon04   WARNING [COM]: aRC=NS_ERROR_FAILURE (0x80004005) aIID={d5dcece0-b202-4416-a138-03502784cc07} aComponent={HostWrap} aText={VirtualBox is not currently allowed to access USB devices.  You can change this by adding your user to the 'vboxusers' group.  Please see the user manual for a more detailed explanation}, preserve=true aResultDetail=0
00:00:07.798323 DCon01   ERROR [COM]: aRC=NS_ERROR_FAILURE (0x80004005) aIID={83cfdc66-4f20-4569-ad39-8722f7d472b3} aComponent={RecordingSettingsWrap} aText={Recording not started}, preserve=false aResultDetail=0
00:00:07.829580 DCon01   WARNING [COM]: aRC=NS_ERROR_FAILURE (0x80004005) aIID={d5dcece0-b202-4416-a138-03502784cc07} aComponent={HostWrap} aText={VirtualBox is not currently allowed to access USB devices.  You can change this by adding your user to the 'vboxusers' group.  Please see the user manual for a more detailed explanation}, preserve=true aResultDetail=0
00:00:07.858697 DCon01   ERROR [COM]: aRC=VBOX_E_OBJECT_NOT_FOUND (0x80bb0001) aIID={5bfd8965-b81b-469f-8649-f717ce97a5d5} aComponent={NvramStoreWrap} aText={The UEFI NVRAM file is not existing for this machine}, preserve=false aResultDetail=0
00:00:07.919964 DCon09   ERROR [COM]: aRC=VBOX_E_INVALID_VM_STATE (0x80bb0002) aIID={e36a5081-a82a-40bd-9e4e-42a44d6ce50f} aComponent={MachineWrap} aText={The machine is not mutable, saved or running (state is Running)}, preserve=false aResultDetail=0
00:00:07.960874 DCon09   WARNING [COM]: aRC=NS_ERROR_FAILURE (0x80004005) aIID={d5dcece0-b202-4416-a138-03502784cc07} aComponent={HostWrap} aText={VirtualBox is not currently allowed to access USB devices.  You can change this by adding your user to the 'vboxusers' group.  Please see the user manual for a more detailed explanation}, preserve=true aResultDetail=0
00:00:07.961819 DCon09   WARNING [COM]: aRC=NS_ERROR_FAILURE (0x80004005) aIID={d5dcece0-b202-4416-a138-03502784cc07} aComponent={HostWrap} aText={VirtualBox is not currently allowed to access USB devices.  You can change this by adding your user to the 'vboxusers' group.  Please see the user manual for a more detailed explanation}, preserve=true aResultDetail=0
00:00:08.143848 DCon09   Saving settings file "/home/chromagor/.config/VirtualBox/VirtualBox.xml" with version "1.12-linux"
00:00:08.152784 DCon02   Saving settings file "/VM_ORACLE/Ubuntu_Server1.0/Ubuntu_Server1.0/Ubuntu_Server1.0.vbox" with version "1.19-linux"
00:00:08.171338 DCon02   Finished saving settings file "/VM_ORACLE/Ubuntu_Server1.0/Ubuntu_Server1.0/Ubuntu_Server1.0.vbox"
00:00:08.177224 DCon09   Finished saving settings file "/home/chromagor/.config/VirtualBox/VirtualBox.xml"
00:00:08.191684 DCon09   ERROR [COM]: aRC=VBOX_E_OBJECT_NOT_FOUND (0x80bb0001) aIID={5bfd8965-b81b-469f-8649-f717ce97a5d5} aComponent={NvramStoreWrap} aText={The UEFI NVRAM file is not existing for this machine}, preserve=false aResultDetail=0
00:00:08.205234 DCon01   ERROR [COM]: aRC=VBOX_E_INVALID_VM_STATE (0x80bb0002) aIID={e36a5081-a82a-40bd-9e4e-42a44d6ce50f} aComponent={MachineWrap} aText={The machine is not mutable, saved or running (state is Running)}, preserve=false aResultDetail=0
00:00:08.218360 DCon01   WARNING [COM]: aRC=NS_ERROR_FAILURE (0x80004005) aIID={d5dcece0-b202-4416-a138-03502784cc07} aComponent={HostWrap} aText={VirtualBox is not currently allowed to access USB devices.  You can change this by adding your user to the 'vboxusers' group.  Please see the user manual for a more detailed explanation}, preserve=true aResultDetail=0
00:00:08.219690 DCon01   WARNING [COM]: aRC=NS_ERROR_FAILURE (0x80004005) aIID={d5dcece0-b202-4416-a138-03502784cc07} aComponent={HostWrap} aText={VirtualBox is not currently allowed to access USB devices.  You can change this by adding your user to the 'vboxusers' group.  Please see the user manual for a more detailed explanation}, preserve=true aResultDetail=0
00:00:11.063977 DCon10   Saving settings file "/VM_ORACLE/Ubuntu_Server1.0/Ubuntu_Server1.0/Ubuntu_Server1.0.vbox" with version "1.19-linux"
00:00:11.076588 DCon10   Finished saving settings file "/VM_ORACLE/Ubuntu_Server1.0/Ubuntu_Server1.0/Ubuntu_Server1.0.vbox"
00:17:27.446323 DCon30   WARNING [COM]: aRC=NS_ERROR_FAILURE (0x80004005) aIID={d5dcece0-b202-4416-a138-03502784cc07} aComponent={HostWrap} aText={VirtualBox is not currently allowed to access USB devices.  You can change this by adding your user to the 'vboxusers' group.  Please see the user manual for a more detailed explanation}, preserve=true aResultDetail=0
00:17:27.447120 DCon30   WARNING [COM]: aRC=NS_ERROR_FAILURE (0x80004005) aIID={d5dcece0-b202-4416-a138-03502784cc07} aComponent={HostWrap} aText={VirtualBox is not currently allowed to access USB devices.  You can change this by adding your user to the 'vboxusers' group.  Please see the user manual for a more detailed explanation}, preserve=true aResultDetail=0
00:17:27.450578 DCon30   ERROR [COM]: aRC=NS_ERROR_FAILURE (0x80004005) aIID={83cfdc66-4f20-4569-ad39-8722f7d472b3} aComponent={RecordingSettingsWrap} aText={Recording not started}, preserve=false aResultDetail=0
00:17:29.703506 DCon38   WARNING [COM]: aRC=NS_ERROR_FAILURE (0x80004005) aIID={d5dcece0-b202-4416-a138-03502784cc07} aComponent={HostWrap} aText={VirtualBox is not currently allowed to access USB devices.  You can change this by adding your user to the 'vboxusers' group.  Please see the user manual for a more detailed explanation}, preserve=true aResultDetail=0
00:17:29.705081 DCon38   WARNING [COM]: aRC=NS_ERROR_FAILURE (0x80004005) aIID={d5dcece0-b202-4416-a138-03502784cc07} aComponent={HostWrap} aText={VirtualBox is not currently allowed to access USB devices.  You can change this by adding your user to the 'vboxusers' group.  Please see the user manual for a more detailed explanation}, preserve=true aResultDetail=0
00:17:29.706898 DCon38   ERROR [COM]: aRC=NS_ERROR_FAILURE (0x80004005) aIID={83cfdc66-4f20-4569-ad39-8722f7d472b3} aComponent={RecordingSettingsWrap} aText={Recording not started}, preserve=false aResultDetail=0
01:35:00.903756 DCon111  WARNING [COM]: aRC=NS_ERROR_FAILURE (0x80004005) aIID={d5dcece0-b202-4416-a138-03502784cc07} aComponent={HostWrap} aText={VirtualBox is not currently allowed to access USB devices.  You can change this by adding your user to the 'vboxusers' group.  Please see the user manual for a more detailed explanation}, preserve=true aResultDetail=0
01:35:00.904822 DCon111  WARNING [COM]: aRC=NS_ERROR_FAILURE (0x80004005) aIID={d5dcece0-b202-4416-a138-03502784cc07} aComponent={HostWrap} aText={VirtualBox is not currently allowed to access USB devices.  You can change this by adding your user to the 'vboxusers' group.  Please see the user manual for a more detailed explanation}, preserve=true aResultDetail=0
01:35:00.906820 DCon111  ERROR [COM]: aRC=NS_ERROR_FAILURE (0x80004005) aIID={83cfdc66-4f20-4569-ad39-8722f7d472b3} aComponent={RecordingSettingsWrap} aText={Recording not started}, preserve=false aResultDetail=0
01:35:02.489232 DCon110  WARNING [COM]: aRC=NS_ERROR_FAILURE (0x80004005) aIID={d5dcece0-b202-4416-a138-03502784cc07} aComponent={HostWrap} aText={VirtualBox is not currently allowed to access USB devices.  You can change this by adding your user to the 'vboxusers' group.  Please see the user manual for a more detailed explanation}, preserve=true aResultDetail=0
01:35:02.492072 DCon110  WARNING [COM]: aRC=NS_ERROR_FAILURE (0x80004005) aIID={d5dcece0-b202-4416-a138-03502784cc07} aComponent={HostWrap} aText={VirtualBox is not currently allowed to access USB devices.  You can change this by adding your user to the 'vboxusers' group.  Please see the user manual for a more detailed explanation}, preserve=true aResultDetail=0
01:35:02.495324 DCon110  ERROR [COM]: aRC=NS_ERROR_FAILURE (0x80004005) aIID={83cfdc66-4f20-4569-ad39-8722f7d472b3} aComponent={RecordingSettingsWrap} aText={Recording not started}, preserve=false aResultDetail=0
01:35:03.982379 DCon100  WARNING [COM]: aRC=NS_ERROR_FAILURE (0x80004005) aIID={d5dcece0-b202-4416-a138-03502784cc07} aComponent={HostWrap} aText={VirtualBox is not currently allowed to access USB devices.  You can change this by adding your user to the 'vboxusers' group.  Please see the user manual for a more detailed explanation}, preserve=true aResultDetail=0
01:35:03.983609 DCon111  WARNING [COM]: aRC=NS_ERROR_FAILURE (0x80004005) aIID={d5dcece0-b202-4416-a138-03502784cc07} aComponent={HostWrap} aText={VirtualBox is not currently allowed to access USB devices.  You can change this by adding your user to the 'vboxusers' group.  Please see the user manual for a more detailed explanation}, preserve=true aResultDetail=0
01:35:03.985837 DCon111  ERROR [COM]: aRC=NS_ERROR_FAILURE (0x80004005) aIID={83cfdc66-4f20-4569-ad39-8722f7d472b3} aComponent={RecordingSettingsWrap} aText={Recording not started}, preserve=false aResultDetail=0
01:35:03.988663 DCon111  Saving settings file "/VM_ORACLE/Ubuntu_Server1.0/Ubuntu_Server1.0/Ubuntu_Server1.0.vbox" with version "1.19-linux"
01:35:04.007175 DCon111  Finished saving settings file "/VM_ORACLE/Ubuntu_Server1.0/Ubuntu_Server1.0/Ubuntu_Server1.0.vbox"
01:35:04.032803 DCon110  WARNING [COM]: aRC=NS_ERROR_FAILURE (0x80004005) aIID={d5dcece0-b202-4416-a138-03502784cc07} aComponent={HostWrap} aText={VirtualBox is not currently allowed to access USB devices.  You can change this by adding your user to the 'vboxusers' group.  Please see the user manual for a more detailed explanation}, preserve=true aResultDetail=0
01:35:04.034328 DCon111  WARNING [COM]: aRC=NS_ERROR_FAILURE (0x80004005) aIID={d5dcece0-b202-4416-a138-03502784cc07} aComponent={HostWrap} aText={VirtualBox is not currently allowed to access USB devices.  You can change this by adding your user to the 'vboxusers' group.  Please see the user manual for a more detailed explanation}, preserve=true aResultDetail=0
01:35:04.040125 DCon110  ERROR [COM]: aRC=NS_ERROR_FAILURE (0x80004005) aIID={83cfdc66-4f20-4569-ad39-8722f7d472b3} aComponent={RecordingSettingsWrap} aText={Recording not started}, preserve=false aResultDetail=0
01:35:04.042719 DCon111  ERROR [COM]: aRC=NS_ERROR_INVALID_ARG (0x80070057) aIID={e36a5081-a82a-40bd-9e4e-42a44d6ce50f} aComponent={SessionMachine} aText={Properties with TRANSIENT or TRANSRESET flag cannot be set or modified if VM is not running}, preserve=false aResultDetail=0
01:35:08.649167 DCon109  Saving settings file "/home/chromagor/.config/VirtualBox/VirtualBox.xml" with version "1.12-linux"
01:35:08.671201 DCon109  Finished saving settings file "/home/chromagor/.config/VirtualBox/VirtualBox.xml"
01:35:08.671592 DCon109  Saving settings file "/home/chromagor/.config/VirtualBox/VirtualBox.xml" with version "1.12-linux"
01:35:08.684281 DCon109  Finished saving settings file "/home/chromagor/.config/VirtualBox/VirtualBox.xml"
01:35:08.684530 DCon109  Saving settings file "/home/chromagor/.config/VirtualBox/VirtualBox.xml" with version "1.12-linux"
01:35:08.697285 DCon109  Finished saving settings file "/home/chromagor/.config/VirtualBox/VirtualBox.xml"
01:35:08.720084 DCon109  WARNING [COM]: aRC=NS_ERROR_FAILURE (0x80004005) aIID={d5dcece0-b202-4416-a138-03502784cc07} aComponent={HostWrap} aText={VirtualBox is not currently allowed to access USB devices.  You can change this by adding your user to the 'vboxusers' group.  Please see the user manual for a more detailed explanation}, preserve=true aResultDetail=0
01:35:08.721855 DCon109  WARNING [COM]: aRC=NS_ERROR_FAILURE (0x80004005) aIID={d5dcece0-b202-4416-a138-03502784cc07} aComponent={HostWrap} aText={VirtualBox is not currently allowed to access USB devices.  You can change this by adding your user to the 'vboxusers' group.  Please see the user manual for a more detailed explanation}, preserve=false aResultDetail=0
01:35:08.764256 DCon109  ERROR [COM]: aRC=VBOX_E_OBJECT_NOT_FOUND (0x80bb0001) aIID={5bfd8965-b81b-469f-8649-f717ce97a5d5} aComponent={NvramStoreWrap} aText={The UEFI NVRAM file is not existing for this machine}, preserve=false aResultDetail=0
01:35:08.879299 DCon99   ERROR [COM]: aRC=VBOX_E_INVALID_VM_STATE (0x80bb0002) aIID={e36a5081-a82a-40bd-9e4e-42a44d6ce50f} aComponent={MachineWrap} aText={The machine is not mutable, saved or running (state is PoweredOff)}, preserve=false aResultDetail=0
01:35:08.968509 DCon109  WARNING [COM]: aRC=NS_ERROR_FAILURE (0x80004005) aIID={d5dcece0-b202-4416-a138-03502784cc07} aComponent={HostWrap} aText={VirtualBox is not currently allowed to access USB devices.  You can change this by adding your user to the 'vboxusers' group.  Please see the user manual for a more detailed explanation}, preserve=true aResultDetail=0
01:35:08.971477 DCon109  WARNING [COM]: aRC=NS_ERROR_FAILURE (0x80004005) aIID={d5dcece0-b202-4416-a138-03502784cc07} aComponent={HostWrap} aText={VirtualBox is not currently allowed to access USB devices.  You can change this by adding your user to the 'vboxusers' group.  Please see the user manual for a more detailed explanation}, preserve=true aResultDetail=0
01:35:09.060589 DCon109  Saving settings file "/home/chromagor/.config/VirtualBox/VirtualBox.xml" with version "1.12-linux"
01:35:09.082076 DCon109  Finished saving settings file "/home/chromagor/.config/VirtualBox/VirtualBox.xml"
01:35:12.861712 DCon120  Saving settings file "/home/chromagor/.config/VirtualBox/VirtualBox.xml" with version "1.12-linux"
01:35:12.883412 DCon120  Finished saving settings file "/home/chromagor/.config/VirtualBox/VirtualBox.xml"
01:35:14.033835 DCon99   Launched VM: 731929024 pid: 11589 (0x2d45) frontend: GUI/Qt name: Ubuntu_Server1.0
01:35:14.085006 DCon99   ERROR [COM]: aRC=VBOX_E_OBJECT_NOT_FOUND (0x80bb0001) aIID={5bfd8965-b81b-469f-8649-f717ce97a5d5} aComponent={NvramStoreWrap} aText={The UEFI NVRAM file is not existing for this machine}, preserve=false aResultDetail=0
01:35:14.119038 DCon99   ERROR [COM]: aRC=VBOX_E_INVALID_VM_STATE (0x80bb0002) aIID={e36a5081-a82a-40bd-9e4e-42a44d6ce50f} aComponent={MachineWrap} aText={The machine is not mutable, saved or running (state is PoweredOff)}, preserve=false aResultDetail=0
01:35:14.177497 DCon99   WARNING [COM]: aRC=NS_ERROR_FAILURE (0x80004005) aIID={d5dcece0-b202-4416-a138-03502784cc07} aComponent={HostWrap} aText={VirtualBox is not currently allowed to access USB devices.  You can change this by adding your user to the 'vboxusers' group.  Please see the user manual for a more detailed explanation}, preserve=true aResultDetail=0
01:35:14.179881 DCon99   WARNING [COM]: aRC=NS_ERROR_FAILURE (0x80004005) aIID={d5dcece0-b202-4416-a138-03502784cc07} aComponent={HostWrap} aText={VirtualBox is not currently allowed to access USB devices.  You can change this by adding your user to the 'vboxusers' group.  Please see the user manual for a more detailed explanation}, preserve=true aResultDetail=0
01:35:14.398179 DCon99   Platform architecture set to 'x86'
01:35:14.413962 DCon118  ERROR [COM]: aRC=VBOX_E_OBJECT_NOT_FOUND (0x80bb0001) aIID={5bfd8965-b81b-469f-8649-f717ce97a5d5} aComponent={NvramStoreWrap} aText={The UEFI NVRAM file is not existing for this machine}, preserve=false aResultDetail=0
01:35:14.420733 DCon99   ERROR [COM]: aRC=VBOX_E_INVALID_VM_STATE (0x80bb0002) aIID={e36a5081-a82a-40bd-9e4e-42a44d6ce50f} aComponent={MachineWrap} aText={The machine is not mutable, saved or running (state is PoweredOff)}, preserve=false aResultDetail=0
01:35:14.446776 DCon99   WARNING [COM]: aRC=NS_ERROR_FAILURE (0x80004005) aIID={d5dcece0-b202-4416-a138-03502784cc07} aComponent={HostWrap} aText={VirtualBox is not currently allowed to access USB devices.  You can change this by adding your user to the 'vboxusers' group.  Please see the user manual for a more detailed explanation}, preserve=true aResultDetail=0
01:35:14.450971 DCon99   WARNING [COM]: aRC=NS_ERROR_FAILURE (0x80004005) aIID={d5dcece0-b202-4416-a138-03502784cc07} aComponent={HostWrap} aText={VirtualBox is not currently allowed to access USB devices.  You can change this by adding your user to the 'vboxusers' group.  Please see the user manual for a more detailed explanation}, preserve=true aResultDetail=0
01:35:15.091088 DCon115  WARNING [COM]: aRC=NS_ERROR_FAILURE (0x80004005) aIID={d5dcece0-b202-4416-a138-03502784cc07} aComponent={HostWrap} aText={VirtualBox is not currently allowed to access USB devices.  You can change this by adding your user to the 'vboxusers' group.  Please see the user manual for a more detailed explanation}, preserve=true aResultDetail=0
01:35:15.092363 DCon115  WARNING [COM]: aRC=NS_ERROR_FAILURE (0x80004005) aIID={d5dcece0-b202-4416-a138-03502784cc07} aComponent={HostWrap} aText={VirtualBox is not currently allowed to access USB devices.  You can change this by adding your user to the 'vboxusers' group.  Please see the user manual for a more detailed explanation}, preserve=true aResultDetail=0
01:35:15.142955 DCon117  WARNING [COM]: aRC=NS_ERROR_FAILURE (0x80004005) aIID={d5dcece0-b202-4416-a138-03502784cc07} aComponent={HostWrap} aText={VirtualBox is not currently allowed to access USB devices.  You can change this by adding your user to the 'vboxusers' group.  Please see the user manual for a more detailed explanation}, preserve=true aResultDetail=0
01:35:15.146800 DCon115  WARNING [COM]: aRC=NS_ERROR_FAILURE (0x80004005) aIID={d5dcece0-b202-4416-a138-03502784cc07} aComponent={HostWrap} aText={VirtualBox is not currently allowed to access USB devices.  You can change this by adding your user to the 'vboxusers' group.  Please see the user manual for a more detailed explanation}, preserve=true aResultDetail=0
01:35:15.151325 DCon115  ERROR [COM]: aRC=NS_ERROR_FAILURE (0x80004005) aIID={83cfdc66-4f20-4569-ad39-8722f7d472b3} aComponent={RecordingSettingsWrap} aText={Recording not started}, preserve=false aResultDetail=0
01:35:15.201196 DCon118  WARNING [COM]: aRC=NS_ERROR_FAILURE (0x80004005) aIID={d5dcece0-b202-4416-a138-03502784cc07} aComponent={HostWrap} aText={VirtualBox is not currently allowed to access USB devices.  You can change this by adding your user to the 'vboxusers' group.  Please see the user manual for a more detailed explanation}, preserve=false aResultDetail=0
01:35:15.202266 DCon118  WARNING [COM]: aRC=NS_ERROR_FAILURE (0x80004005) aIID={d5dcece0-b202-4416-a138-03502784cc07} aComponent={HostWrap} aText={VirtualBox is not currently allowed to access USB devices.  You can change this by adding your user to the 'vboxusers' group.  Please see the user manual for a more detailed explanation}, preserve=true aResultDetail=0
01:35:15.202472 DCon115  WARNING [COM]: aRC=NS_ERROR_FAILURE (0x80004005) aIID={d5dcece0-b202-4416-a138-03502784cc07} aComponent={HostWrap} aText={VirtualBox is not currently allowed to access USB devices.  You can change this by adding your user to the 'vboxusers' group.  Please see the user manual for a more detailed explanation}, preserve=true aResultDetail=0
01:35:15.237366 DCon100  WARNING [COM]: aRC=NS_ERROR_FAILURE (0x80004005) aIID={d5dcece0-b202-4416-a138-03502784cc07} aComponent={HostWrap} aText={VirtualBox is not currently allowed to access USB devices.  You can change this by adding your user to the 'vboxusers' group.  Please see the user manual for a more detailed explanation}, preserve=true aResultDetail=0
01:35:15.251602 DCon100  WARNING [COM]: aRC=NS_ERROR_FAILURE (0x80004005) aIID={d5dcece0-b202-4416-a138-03502784cc07} aComponent={HostWrap} aText={VirtualBox is not currently allowed to access USB devices.  You can change this by adding your user to the 'vboxusers' group.  Please see the user manual for a more detailed explanation}, preserve=true aResultDetail=0
01:35:15.269344 DCon113  ERROR [COM]: aRC=VBOX_E_OBJECT_NOT_FOUND (0x80bb0001) aIID={5bfd8965-b81b-469f-8649-f717ce97a5d5} aComponent={NvramStoreWrap} aText={The UEFI NVRAM file is not existing for this machine}, preserve=false aResultDetail=0
01:35:15.292535 DCon113  ERROR [COM]: aRC=VBOX_E_INVALID_VM_STATE (0x80bb0002) aIID={e36a5081-a82a-40bd-9e4e-42a44d6ce50f} aComponent={MachineWrap} aText={The machine is not mutable, saved or running (state is Starting)}, preserve=false aResultDetail=0
01:35:15.355586 DCon100  WARNING [COM]: aRC=NS_ERROR_FAILURE (0x80004005) aIID={d5dcece0-b202-4416-a138-03502784cc07} aComponent={HostWrap} aText={VirtualBox is not currently allowed to access USB devices.  You can change this by adding your user to the 'vboxusers' group.  Please see the user manual for a more detailed explanation}, preserve=true aResultDetail=0
01:35:15.358232 DCon100  WARNING [COM]: aRC=NS_ERROR_FAILURE (0x80004005) aIID={d5dcece0-b202-4416-a138-03502784cc07} aComponent={HostWrap} aText={VirtualBox is not currently allowed to access USB devices.  You can change this by adding your user to the 'vboxusers' group.  Please see the user manual for a more detailed explanation}, preserve=true aResultDetail=0
01:35:15.369851 DCon100  WARNING [COM]: aRC=NS_ERROR_FAILURE (0x80004005) aIID={d5dcece0-b202-4416-a138-03502784cc07} aComponent={HostWrap} aText={VirtualBox is not currently allowed to access USB devices.  You can change this by adding your user to the 'vboxusers' group.  Please see the user manual for a more detailed explanation}, preserve=true aResultDetail=0
01:35:15.371220 DCon100  WARNING [COM]: aRC=NS_ERROR_FAILURE (0x80004005) aIID={d5dcece0-b202-4416-a138-03502784cc07} aComponent={HostWrap} aText={VirtualBox is not currently allowed to access USB devices.  You can change this by adding your user to the 'vboxusers' group.  Please see the user manual for a more detailed explanation}, preserve=true aResultDetail=0
01:35:15.373406 DCon100  ERROR [COM]: aRC=NS_ERROR_FAILURE (0x80004005) aIID={83cfdc66-4f20-4569-ad39-8722f7d472b3} aComponent={RecordingSettingsWrap} aText={Recording not started}, preserve=false aResultDetail=0
01:35:15.449468 DCon100  ERROR [COM]: aRC=VBOX_E_OBJECT_NOT_FOUND (0x80bb0001) aIID={7d510820-a678-4730-a862-818dcd3fbed0} aComponent={MediumWrap} aText={Property 'CRYPT/KeyId' does not exist}, preserve=false aResultDetail=0
01:35:15.451006 DCon100  HostDnsMonitorProxy::GetDomainName: .
01:35:15.451132 DCon100  HostDnsMonitorProxy::GetNameServers:
01:35:15.451135 DCon100    name server 1: 127.0.0.53
01:35:15.451249 DCon100  HostDnsMonitorProxy::GetSearchStrings:
01:35:15.451251 DCon100    search string 1: .
01:35:15.491456 DCon116  WARNING [COM]: aRC=NS_ERROR_FAILURE (0x80004005) aIID={d5dcece0-b202-4416-a138-03502784cc07} aComponent={HostWrap} aText={VirtualBox is not currently allowed to access USB devices.  You can change this by adding your user to the 'vboxusers' group.  Please see the user manual for a more detailed explanation}, preserve=true aResultDetail=0
01:35:15.495376 DCon110  WARNING [COM]: aRC=NS_ERROR_FAILURE (0x80004005) aIID={d5dcece0-b202-4416-a138-03502784cc07} aComponent={HostWrap} aText={VirtualBox is not currently allowed to access USB devices.  You can change this by adding your user to the 'vboxusers' group.  Please see the user manual for a more detailed explanation}, preserve=true aResultDetail=0
01:35:15.499832 DCon100  ERROR [COM]: aRC=NS_ERROR_FAILURE (0x80004005) aIID={83cfdc66-4f20-4569-ad39-8722f7d472b3} aComponent={RecordingSettingsWrap} aText={Recording not started}, preserve=false aResultDetail=0
01:35:15.521305 DCon110  WARNING [COM]: aRC=NS_ERROR_FAILURE (0x80004005) aIID={d5dcece0-b202-4416-a138-03502784cc07} aComponent={HostWrap} aText={VirtualBox is not currently allowed to access USB devices.  You can change this by adding your user to the 'vboxusers' group.  Please see the user manual for a more detailed explanation}, preserve=true aResultDetail=0
01:35:15.552845 DCon100  ERROR [COM]: aRC=VBOX_E_OBJECT_NOT_FOUND (0x80bb0001) aIID={5bfd8965-b81b-469f-8649-f717ce97a5d5} aComponent={NvramStoreWrap} aText={The UEFI NVRAM file is not existing for this machine}, preserve=false aResultDetail=0
01:35:15.597917 DCon117  ERROR [COM]: aRC=VBOX_E_INVALID_VM_STATE (0x80bb0002) aIID={e36a5081-a82a-40bd-9e4e-42a44d6ce50f} aComponent={MachineWrap} aText={The machine is not mutable, saved or running (state is Running)}, preserve=false aResultDetail=0
01:35:15.639702 DCon110  WARNING [COM]: aRC=NS_ERROR_FAILURE (0x80004005) aIID={d5dcece0-b202-4416-a138-03502784cc07} aComponent={HostWrap} aText={VirtualBox is not currently allowed to access USB devices.  You can change this by adding your user to the 'vboxusers' group.  Please see the user manual for a more detailed explanation}, preserve=true aResultDetail=0
01:35:15.641282 DCon117  WARNING [COM]: aRC=NS_ERROR_FAILURE (0x80004005) aIID={d5dcece0-b202-4416-a138-03502784cc07} aComponent={HostWrap} aText={VirtualBox is not currently allowed to access USB devices.  You can change this by adding your user to the 'vboxusers' group.  Please see the user manual for a more detailed explanation}, preserve=true aResultDetail=0
01:35:15.732806 DCon113  Saving settings file "/home/chromagor/.config/VirtualBox/VirtualBox.xml" with version "1.12-linux"
01:35:15.751031 DCon120  Saving settings file "/VM_ORACLE/Ubuntu_Server1.0/Ubuntu_Server1.0/Ubuntu_Server1.0.vbox" with version "1.19-linux"
01:35:15.754081 DCon113  Finished saving settings file "/home/chromagor/.config/VirtualBox/VirtualBox.xml"
01:35:15.773909 DCon120  Finished saving settings file "/VM_ORACLE/Ubuntu_Server1.0/Ubuntu_Server1.0/Ubuntu_Server1.0.vbox"
01:35:15.795854 DCon113  ERROR [COM]: aRC=VBOX_E_OBJECT_NOT_FOUND (0x80bb0001) aIID={5bfd8965-b81b-469f-8649-f717ce97a5d5} aComponent={NvramStoreWrap} aText={The UEFI NVRAM file is not existing for this machine}, preserve=false aResultDetail=0
01:35:15.840827 DCon113  ERROR [COM]: aRC=VBOX_E_INVALID_VM_STATE (0x80bb0002) aIID={e36a5081-a82a-40bd-9e4e-42a44d6ce50f} aComponent={MachineWrap} aText={The machine is not mutable, saved or running (state is Running)}, preserve=false aResultDetail=0
01:35:15.859730 DCon123  WARNING [COM]: aRC=NS_ERROR_FAILURE (0x80004005) aIID={d5dcece0-b202-4416-a138-03502784cc07} aComponent={HostWrap} aText={VirtualBox is not currently allowed to access USB devices.  You can change this by adding your user to the 'vboxusers' group.  Please see the user manual for a more detailed explanation}, preserve=true aResultDetail=0
01:35:15.861252 DCon123  WARNING [COM]: aRC=NS_ERROR_FAILURE (0x80004005) aIID={d5dcece0-b202-4416-a138-03502784cc07} aComponent={HostWrap} aText={VirtualBox is not currently allowed to access USB devices.  You can change this by adding your user to the 'vboxusers' group.  Please see the user manual for a more detailed explanation}, preserve=true aResultDetail=0
01:35:19.677631 DCon109  Saving settings file "/VM_ORACLE/Ubuntu_Server1.0/Ubuntu_Server1.0/Ubuntu_Server1.0.vbox" with version "1.19-linux"
01:35:19.699031 DCon109  Finished saving settings file "/VM_ORACLE/Ubuntu_Server1.0/Ubuntu_Server1.0/Ubuntu_Server1.0.vbox"
01:35:50.068153 DCon114  WARNING [COM]: aRC=NS_ERROR_FAILURE (0x80004005) aIID={d5dcece0-b202-4416-a138-03502784cc07} aComponent={HostWrap} aText={VirtualBox is not currently allowed to access USB devices.  You can change this by adding your user to the 'vboxusers' group.  Please see the user manual for a more detailed explanation}, preserve=true aResultDetail=0
01:35:50.069125 DCon114  WARNING [COM]: aRC=NS_ERROR_FAILURE (0x80004005) aIID={d5dcece0-b202-4416-a138-03502784cc07} aComponent={HostWrap} aText={VirtualBox is not currently allowed to access USB devices.  You can change this by adding your user to the 'vboxusers' group.  Please see the user manual for a more detailed explanation}, preserve=true aResultDetail=0
01:35:50.070953 DCon114  ERROR [COM]: aRC=NS_ERROR_FAILURE (0x80004005) aIID={83cfdc66-4f20-4569-ad39-8722f7d472b3} aComponent={RecordingSettingsWrap} aText={Recording not started}, preserve=false aResultDetail=0
01:35:51.022848 DCon126  WARNING [COM]: aRC=NS_ERROR_FAILURE (0x80004005) aIID={d5dcece0-b202-4416-a138-03502784cc07} aComponent={HostWrap} aText={VirtualBox is not currently allowed to access USB devices.  You can change this by adding your user to the 'vboxusers' group.  Please see the user manual for a more detailed explanation}, preserve=true aResultDetail=0
01:35:51.025401 DCon126  WARNING [COM]: aRC=NS_ERROR_FAILURE (0x80004005) aIID={d5dcece0-b202-4416-a138-03502784cc07} aComponent={HostWrap} aText={VirtualBox is not currently allowed to access USB devices.  You can change this by adding your user to the 'vboxusers' group.  Please see the user manual for a more detailed explanation}, preserve=true aResultDetail=0
01:35:51.029083 DCon126  ERROR [COM]: aRC=NS_ERROR_FAILURE (0x80004005) aIID={83cfdc66-4f20-4569-ad39-8722f7d472b3} aComponent={RecordingSettingsWrap} aText={Recording not started}, preserve=false aResultDetail=0
01:35:52.724854 DCon127  Saving settings file "/VM_ORACLE/Ubuntu_Server1.0/Ubuntu_Server1.0/Ubuntu_Server1.0.vbox" with version "1.19-linux"
01:35:52.737066 DCon127  Finished saving settings file "/VM_ORACLE/Ubuntu_Server1.0/Ubuntu_Server1.0/Ubuntu_Server1.0.vbox"
01:35:52.783128 DCon109  WARNING [COM]: aRC=NS_ERROR_FAILURE (0x80004005) aIID={d5dcece0-b202-4416-a138-03502784cc07} aComponent={HostWrap} aText={VirtualBox is not currently allowed to access USB devices.  You can change this by adding your user to the 'vboxusers' group.  Please see the user manual for a more detailed explanation}, preserve=true aResultDetail=0
01:35:52.786250 DCon127  WARNING [COM]: aRC=NS_ERROR_FAILURE (0x80004005) aIID={d5dcece0-b202-4416-a138-03502784cc07} aComponent={HostWrap} aText={VirtualBox is not currently allowed to access USB devices.  You can change this by adding your user to the 'vboxusers' group.  Please see the user manual for a more detailed explanation}, preserve=true aResultDetail=0
01:35:52.801088 DCon127  ERROR [COM]: aRC=NS_ERROR_FAILURE (0x80004005) aIID={83cfdc66-4f20-4569-ad39-8722f7d472b3} aComponent={RecordingSettingsWrap} aText={Recording not started}, preserve=false aResultDetail=0
01:35:52.843173 DCon127  WARNING [COM]: aRC=NS_ERROR_FAILURE (0x80004005) aIID={d5dcece0-b202-4416-a138-03502784cc07} aComponent={HostWrap} aText={VirtualBox is not currently allowed to access USB devices.  You can change this by adding your user to the 'vboxusers' group.  Please see the user manual for a more detailed explanation}, preserve=true aResultDetail=0
01:35:52.845513 DCon109  WARNING [COM]: aRC=NS_ERROR_FAILURE (0x80004005) aIID={d5dcece0-b202-4416-a138-03502784cc07} aComponent={HostWrap} aText={VirtualBox is not currently allowed to access USB devices.  You can change this by adding your user to the 'vboxusers' group.  Please see the user manual for a more detailed explanation}, preserve=true aResultDetail=0
01:35:52.851106 DCon109  ERROR [COM]: aRC=NS_ERROR_FAILURE (0x80004005) aIID={83cfdc66-4f20-4569-ad39-8722f7d472b3} aComponent={RecordingSettingsWrap} aText={Recording not started}, preserve=false aResultDetail=0
01:35:52.854438 DCon127  ERROR [COM]: aRC=NS_ERROR_INVALID_ARG (0x80070057) aIID={e36a5081-a82a-40bd-9e4e-42a44d6ce50f} aComponent={SessionMachine} aText={Properties with TRANSIENT or TRANSRESET flag cannot be set or modified if VM is not running}, preserve=false aResultDetail=0
01:35:58.090702 DCon127  Saving settings file "/home/chromagor/.config/VirtualBox/VirtualBox.xml" with version "1.12-linux"
01:35:58.112234 DCon127  Finished saving settings file "/home/chromagor/.config/VirtualBox/VirtualBox.xml"
01:35:58.112645 DCon127  Saving settings file "/home/chromagor/.config/VirtualBox/VirtualBox.xml" with version "1.12-linux"
01:35:58.125418 DCon127  Finished saving settings file "/home/chromagor/.config/VirtualBox/VirtualBox.xml"
01:35:58.125982 DCon127  Saving settings file "/home/chromagor/.config/VirtualBox/VirtualBox.xml" with version "1.12-linux"
01:35:58.138219 DCon127  Finished saving settings file "/home/chromagor/.config/VirtualBox/VirtualBox.xml"
01:35:58.163201 DCon127  WARNING [COM]: aRC=NS_ERROR_FAILURE (0x80004005) aIID={d5dcece0-b202-4416-a138-03502784cc07} aComponent={HostWrap} aText={VirtualBox is not currently allowed to access USB devices.  You can change this by adding your user to the 'vboxusers' group.  Please see the user manual for a more detailed explanation}, preserve=true aResultDetail=0
01:35:58.164561 DCon127  WARNING [COM]: aRC=NS_ERROR_FAILURE (0x80004005) aIID={d5dcece0-b202-4416-a138-03502784cc07} aComponent={HostWrap} aText={VirtualBox is not currently allowed to access USB devices.  You can change this by adding your user to the 'vboxusers' group.  Please see the user manual for a more detailed explanation}, preserve=false aResultDetail=0
01:35:58.209030 DCon127  ERROR [COM]: aRC=VBOX_E_OBJECT_NOT_FOUND (0x80bb0001) aIID={5bfd8965-b81b-469f-8649-f717ce97a5d5} aComponent={NvramStoreWrap} aText={The UEFI NVRAM file is not existing for this machine}, preserve=false aResultDetail=0
01:35:58.322429 DCon127  ERROR [COM]: aRC=VBOX_E_INVALID_VM_STATE (0x80bb0002) aIID={e36a5081-a82a-40bd-9e4e-42a44d6ce50f} aComponent={MachineWrap} aText={The machine is not mutable, saved or running (state is PoweredOff)}, preserve=false aResultDetail=0
01:35:58.403600 DCon127  WARNING [COM]: aRC=NS_ERROR_FAILURE (0x80004005) aIID={d5dcece0-b202-4416-a138-03502784cc07} aComponent={HostWrap} aText={VirtualBox is not currently allowed to access USB devices.  You can change this by adding your user to the 'vboxusers' group.  Please see the user manual for a more detailed explanation}, preserve=true aResultDetail=0
01:35:58.405105 DCon127  WARNING [COM]: aRC=NS_ERROR_FAILURE (0x80004005) aIID={d5dcece0-b202-4416-a138-03502784cc07} aComponent={HostWrap} aText={VirtualBox is not currently allowed to access USB devices.  You can change this by adding your user to the 'vboxusers' group.  Please see the user manual for a more detailed explanation}, preserve=true aResultDetail=0
01:35:58.481485 DCon127  Saving settings file "/home/chromagor/.config/VirtualBox/VirtualBox.xml" with version "1.12-linux"
01:35:58.503175 DCon127  Finished saving settings file "/home/chromagor/.config/VirtualBox/VirtualBox.xml"
01:35:59.524259 DCon128  Launched VM: 1677758528 pid: 11796 (0x2e14) frontend: GUI/Qt name: Ubuntu_Server1.0
01:35:59.614240 DCon114  ERROR [COM]: aRC=VBOX_E_OBJECT_NOT_FOUND (0x80bb0001) aIID={5bfd8965-b81b-469f-8649-f717ce97a5d5} aComponent={NvramStoreWrap} aText={The UEFI NVRAM file is not existing for this machine}, preserve=false aResultDetail=0
01:35:59.648957 DCon109  ERROR [COM]: aRC=VBOX_E_INVALID_VM_STATE (0x80bb0002) aIID={e36a5081-a82a-40bd-9e4e-42a44d6ce50f} aComponent={MachineWrap} aText={The machine is not mutable, saved or running (state is PoweredOff)}, preserve=false aResultDetail=0
01:35:59.744182 DCon114  WARNING [COM]: aRC=NS_ERROR_FAILURE (0x80004005) aIID={d5dcece0-b202-4416-a138-03502784cc07} aComponent={HostWrap} aText={VirtualBox is not currently allowed to access USB devices.  You can change this by adding your user to the 'vboxusers' group.  Please see the user manual for a more detailed explanation}, preserve=true aResultDetail=0
01:35:59.746235 DCon114  WARNING [COM]: aRC=NS_ERROR_FAILURE (0x80004005) aIID={d5dcece0-b202-4416-a138-03502784cc07} aComponent={HostWrap} aText={VirtualBox is not currently allowed to access USB devices.  You can change this by adding your user to the 'vboxusers' group.  Please see the user manual for a more detailed explanation}, preserve=true aResultDetail=0
01:35:59.962006 DCon129  Saving settings file "/home/chromagor/.config/VirtualBox/VirtualBox.xml" with version "1.12-linux"
01:35:59.983249 DCon129  Finished saving settings file "/home/chromagor/.config/VirtualBox/VirtualBox.xml"
01:35:59.992935 DCon129  Platform architecture set to 'x86'
01:36:00.020936 DCon129  ERROR [COM]: aRC=VBOX_E_OBJECT_NOT_FOUND (0x80bb0001) aIID={5bfd8965-b81b-469f-8649-f717ce97a5d5} aComponent={NvramStoreWrap} aText={The UEFI NVRAM file is not existing for this machine}, preserve=false aResultDetail=0
01:36:00.029728 DCon128  ERROR [COM]: aRC=VBOX_E_INVALID_VM_STATE (0x80bb0002) aIID={e36a5081-a82a-40bd-9e4e-42a44d6ce50f} aComponent={MachineWrap} aText={The machine is not mutable, saved or running (state is PoweredOff)}, preserve=false aResultDetail=0
01:36:00.047389 DCon129  WARNING [COM]: aRC=NS_ERROR_FAILURE (0x80004005) aIID={d5dcece0-b202-4416-a138-03502784cc07} aComponent={HostWrap} aText={VirtualBox is not currently allowed to access USB devices.  You can change this by adding your user to the 'vboxusers' group.  Please see the user manual for a more detailed explanation}, preserve=true aResultDetail=0
01:36:00.049131 DCon129  WARNING [COM]: aRC=NS_ERROR_FAILURE (0x80004005) aIID={d5dcece0-b202-4416-a138-03502784cc07} aComponent={HostWrap} aText={VirtualBox is not currently allowed to access USB devices.  You can change this by adding your user to the 'vboxusers' group.  Please see the user manual for a more detailed explanation}, preserve=true aResultDetail=0
01:36:00.695641 DCon129  WARNING [COM]: aRC=NS_ERROR_FAILURE (0x80004005) aIID={d5dcece0-b202-4416-a138-03502784cc07} aComponent={HostWrap} aText={VirtualBox is not currently allowed to access USB devices.  You can change this by adding your user to the 'vboxusers' group.  Please see the user manual for a more detailed explanation}, preserve=true aResultDetail=0
01:36:00.696896 DCon129  WARNING [COM]: aRC=NS_ERROR_FAILURE (0x80004005) aIID={d5dcece0-b202-4416-a138-03502784cc07} aComponent={HostWrap} aText={VirtualBox is not currently allowed to access USB devices.  You can change this by adding your user to the 'vboxusers' group.  Please see the user manual for a more detailed explanation}, preserve=true aResultDetail=0
01:36:00.742450 DCon129  WARNING [COM]: aRC=NS_ERROR_FAILURE (0x80004005) aIID={d5dcece0-b202-4416-a138-03502784cc07} aComponent={HostWrap} aText={VirtualBox is not currently allowed to access USB devices.  You can change this by adding your user to the 'vboxusers' group.  Please see the user manual for a more detailed explanation}, preserve=true aResultDetail=0
01:36:00.743469 DCon129  WARNING [COM]: aRC=NS_ERROR_FAILURE (0x80004005) aIID={d5dcece0-b202-4416-a138-03502784cc07} aComponent={HostWrap} aText={VirtualBox is not currently allowed to access USB devices.  You can change this by adding your user to the 'vboxusers' group.  Please see the user manual for a more detailed explanation}, preserve=true aResultDetail=0
01:36:00.747674 DCon129  ERROR [COM]: aRC=NS_ERROR_FAILURE (0x80004005) aIID={83cfdc66-4f20-4569-ad39-8722f7d472b3} aComponent={RecordingSettingsWrap} aText={Recording not started}, preserve=false aResultDetail=0
01:36:00.790938 DCon109  WARNING [COM]: aRC=NS_ERROR_FAILURE (0x80004005) aIID={d5dcece0-b202-4416-a138-03502784cc07} aComponent={HostWrap} aText={VirtualBox is not currently allowed to access USB devices.  You can change this by adding your user to the 'vboxusers' group.  Please see the user manual for a more detailed explanation}, preserve=false aResultDetail=0
01:36:00.792035 DCon109  WARNING [COM]: aRC=NS_ERROR_FAILURE (0x80004005) aIID={d5dcece0-b202-4416-a138-03502784cc07} aComponent={HostWrap} aText={VirtualBox is not currently allowed to access USB devices.  You can change this by adding your user to the 'vboxusers' group.  Please see the user manual for a more detailed explanation}, preserve=true aResultDetail=0
01:36:00.792264 DCon109  WARNING [COM]: aRC=NS_ERROR_FAILURE (0x80004005) aIID={d5dcece0-b202-4416-a138-03502784cc07} aComponent={HostWrap} aText={VirtualBox is not currently allowed to access USB devices.  You can change this by adding your user to the 'vboxusers' group.  Please see the user manual for a more detailed explanation}, preserve=true aResultDetail=0
01:36:00.830891 DCon126  WARNING [COM]: aRC=NS_ERROR_FAILURE (0x80004005) aIID={d5dcece0-b202-4416-a138-03502784cc07} aComponent={HostWrap} aText={VirtualBox is not currently allowed to access USB devices.  You can change this by adding your user to the 'vboxusers' group.  Please see the user manual for a more detailed explanation}, preserve=true aResultDetail=0
01:36:00.847393 DCon130  WARNING [COM]: aRC=NS_ERROR_FAILURE (0x80004005) aIID={d5dcece0-b202-4416-a138-03502784cc07} aComponent={HostWrap} aText={VirtualBox is not currently allowed to access USB devices.  You can change this by adding your user to the 'vboxusers' group.  Please see the user manual for a more detailed explanation}, preserve=true aResultDetail=0
01:36:00.883026 DCon132  ERROR [COM]: aRC=VBOX_E_OBJECT_NOT_FOUND (0x80bb0001) aIID={5bfd8965-b81b-469f-8649-f717ce97a5d5} aComponent={NvramStoreWrap} aText={The UEFI NVRAM file is not existing for this machine}, preserve=false aResultDetail=0
01:36:00.908445 DCon132  ERROR [COM]: aRC=VBOX_E_INVALID_VM_STATE (0x80bb0002) aIID={e36a5081-a82a-40bd-9e4e-42a44d6ce50f} aComponent={MachineWrap} aText={The machine is not mutable, saved or running (state is Starting)}, preserve=false aResultDetail=0
01:36:00.923089 DCon132  WARNING [COM]: aRC=NS_ERROR_FAILURE (0x80004005) aIID={d5dcece0-b202-4416-a138-03502784cc07} aComponent={HostWrap} aText={VirtualBox is not currently allowed to access USB devices.  You can change this by adding your user to the 'vboxusers' group.  Please see the user manual for a more detailed explanation}, preserve=true aResultDetail=0
01:36:00.925161 DCon130  WARNING [COM]: aRC=NS_ERROR_FAILURE (0x80004005) aIID={d5dcece0-b202-4416-a138-03502784cc07} aComponent={HostWrap} aText={VirtualBox is not currently allowed to access USB devices.  You can change this by adding your user to the 'vboxusers' group.  Please see the user manual for a more detailed explanation}, preserve=true aResultDetail=0
01:36:00.927919 DCon132  ERROR [COM]: aRC=NS_ERROR_FAILURE (0x80004005) aIID={83cfdc66-4f20-4569-ad39-8722f7d472b3} aComponent={RecordingSettingsWrap} aText={Recording not started}, preserve=false aResultDetail=0
01:36:00.968373 DCon131  WARNING [COM]: aRC=NS_ERROR_FAILURE (0x80004005) aIID={d5dcece0-b202-4416-a138-03502784cc07} aComponent={HostWrap} aText={VirtualBox is not currently allowed to access USB devices.  You can change this by adding your user to the 'vboxusers' group.  Please see the user manual for a more detailed explanation}, preserve=true aResultDetail=0
01:36:00.975671 DCon131  WARNING [COM]: aRC=NS_ERROR_FAILURE (0x80004005) aIID={d5dcece0-b202-4416-a138-03502784cc07} aComponent={HostWrap} aText={VirtualBox is not currently allowed to access USB devices.  You can change this by adding your user to the 'vboxusers' group.  Please see the user manual for a more detailed explanation}, preserve=true aResultDetail=0
01:36:01.032451 DCon127  ERROR [COM]: aRC=VBOX_E_OBJECT_NOT_FOUND (0x80bb0001) aIID={7d510820-a678-4730-a862-818dcd3fbed0} aComponent={MediumWrap} aText={Property 'CRYPT/KeyId' does not exist}, preserve=false aResultDetail=0
01:36:01.041175 DCon132  HostDnsMonitorProxy::GetDomainName: .
01:36:01.041324 DCon132  HostDnsMonitorProxy::GetNameServers:
01:36:01.041332 DCon132    name server 1: 127.0.0.53
01:36:01.041603 DCon132  HostDnsMonitorProxy::GetSearchStrings:
01:36:01.041607 DCon132    search string 1: .
01:36:01.082955 DCon130  WARNING [COM]: aRC=NS_ERROR_FAILURE (0x80004005) aIID={d5dcece0-b202-4416-a138-03502784cc07} aComponent={HostWrap} aText={VirtualBox is not currently allowed to access USB devices.  You can change this by adding your user to the 'vboxusers' group.  Please see the user manual for a more detailed explanation}, preserve=true aResultDetail=0
01:36:01.084445 DCon130  WARNING [COM]: aRC=NS_ERROR_FAILURE (0x80004005) aIID={d5dcece0-b202-4416-a138-03502784cc07} aComponent={HostWrap} aText={VirtualBox is not currently allowed to access USB devices.  You can change this by adding your user to the 'vboxusers' group.  Please see the user manual for a more detailed explanation}, preserve=true aResultDetail=0
01:36:01.089590 DCon128  ERROR [COM]: aRC=NS_ERROR_FAILURE (0x80004005) aIID={83cfdc66-4f20-4569-ad39-8722f7d472b3} aComponent={RecordingSettingsWrap} aText={Recording not started}, preserve=false aResultDetail=0
01:36:01.116049 DCon129  WARNING [COM]: aRC=NS_ERROR_FAILURE (0x80004005) aIID={d5dcece0-b202-4416-a138-03502784cc07} aComponent={HostWrap} aText={VirtualBox is not currently allowed to access USB devices.  You can change this by adding your user to the 'vboxusers' group.  Please see the user manual for a more detailed explanation}, preserve=true aResultDetail=0
01:36:01.147937 DCon130  ERROR [COM]: aRC=VBOX_E_OBJECT_NOT_FOUND (0x80bb0001) aIID={5bfd8965-b81b-469f-8649-f717ce97a5d5} aComponent={NvramStoreWrap} aText={The UEFI NVRAM file is not existing for this machine}, preserve=false aResultDetail=0
01:36:01.208389 DCon130  ERROR [COM]: aRC=VBOX_E_INVALID_VM_STATE (0x80bb0002) aIID={e36a5081-a82a-40bd-9e4e-42a44d6ce50f} aComponent={MachineWrap} aText={The machine is not mutable, saved or running (state is Running)}, preserve=false aResultDetail=0
01:36:01.247976 DCon130  WARNING [COM]: aRC=NS_ERROR_FAILURE (0x80004005) aIID={d5dcece0-b202-4416-a138-03502784cc07} aComponent={HostWrap} aText={VirtualBox is not currently allowed to access USB devices.  You can change this by adding your user to the 'vboxusers' group.  Please see the user manual for a more detailed explanation}, preserve=true aResultDetail=0
01:36:01.249131 DCon130  WARNING [COM]: aRC=NS_ERROR_FAILURE (0x80004005) aIID={d5dcece0-b202-4416-a138-03502784cc07} aComponent={HostWrap} aText={VirtualBox is not currently allowed to access USB devices.  You can change this by adding your user to the 'vboxusers' group.  Please see the user manual for a more detailed explanation}, preserve=true aResultDetail=0
01:36:01.447218 DCon129  Saving settings file "/home/chromagor/.config/VirtualBox/VirtualBox.xml" with version "1.12-linux"
01:36:01.450444 DCon128  Saving settings file "/VM_ORACLE/Ubuntu_Server1.0/Ubuntu_Server1.0/Ubuntu_Server1.0.vbox" with version "1.19-linux"
01:36:01.468666 DCon128  Finished saving settings file "/VM_ORACLE/Ubuntu_Server1.0/Ubuntu_Server1.0/Ubuntu_Server1.0.vbox"
01:36:01.474922 DCon129  Finished saving settings file "/home/chromagor/.config/VirtualBox/VirtualBox.xml"
01:36:01.493775 DCon109  ERROR [COM]: aRC=VBOX_E_OBJECT_NOT_FOUND (0x80bb0001) aIID={5bfd8965-b81b-469f-8649-f717ce97a5d5} aComponent={NvramStoreWrap} aText={The UEFI NVRAM file is not existing for this machine}, preserve=false aResultDetail=0
01:36:01.508879 DCon109  ERROR [COM]: aRC=VBOX_E_INVALID_VM_STATE (0x80bb0002) aIID={e36a5081-a82a-40bd-9e4e-42a44d6ce50f} aComponent={MachineWrap} aText={The machine is not mutable, saved or running (state is Running)}, preserve=false aResultDetail=0
01:36:01.522193 DCon109  WARNING [COM]: aRC=NS_ERROR_FAILURE (0x80004005) aIID={d5dcece0-b202-4416-a138-03502784cc07} aComponent={HostWrap} aText={VirtualBox is not currently allowed to access USB devices.  You can change this by adding your user to the 'vboxusers' group.  Please see the user manual for a more detailed explanation}, preserve=true aResultDetail=0
01:36:01.524063 DCon109  WARNING [COM]: aRC=NS_ERROR_FAILURE (0x80004005) aIID={d5dcece0-b202-4416-a138-03502784cc07} aComponent={HostWrap} aText={VirtualBox is not currently allowed to access USB devices.  You can change this by adding your user to the 'vboxusers' group.  Please see the user manual for a more detailed explanation}, preserve=true aResultDetail=0
01:36:14.866863 DCon138  Saving settings file "/VM_ORACLE/Ubuntu_Server1.0/Ubuntu_Server1.0/Ubuntu_Server1.0.vbox" with version "1.19-linux"
01:36:14.888153 DCon138  Finished saving settings file "/VM_ORACLE/Ubuntu_Server1.0/Ubuntu_Server1.0/Ubuntu_Server1.0.vbox"
03:07:48.782824 DCon260  WARNING [COM]: aRC=NS_ERROR_FAILURE (0x80004005) aIID={d5dcece0-b202-4416-a138-03502784cc07} aComponent={HostWrap} aText={VirtualBox is not currently allowed to access USB devices.  You can change this by adding your user to the 'vboxusers' group.  Please see the user manual for a more detailed explanation}, preserve=true aResultDetail=0
03:07:48.784126 DCon260  WARNING [COM]: aRC=NS_ERROR_FAILURE (0x80004005) aIID={d5dcece0-b202-4416-a138-03502784cc07} aComponent={HostWrap} aText={VirtualBox is not currently allowed to access USB devices.  You can change this by adding your user to the 'vboxusers' group.  Please see the user manual for a more detailed explanation}, preserve=true aResultDetail=0
03:07:48.786243 DCon260  ERROR [COM]: aRC=NS_ERROR_FAILURE (0x80004005) aIID={83cfdc66-4f20-4569-ad39-8722f7d472b3} aComponent={RecordingSettingsWrap} aText={Recording not started}, preserve=false aResultDetail=0
03:07:48.797607 DCon260  Saving settings file "/VM_ORACLE/Ubuntu_Server1.0/Ubuntu_Server1.0/Ubuntu_Server1.0.vbox" with version "1.19-linux"
03:07:48.810763 DCon260  Finished saving settings file "/VM_ORACLE/Ubuntu_Server1.0/Ubuntu_Server1.0/Ubuntu_Server1.0.vbox"
03:07:48.833985 DCon258  WARNING [COM]: aRC=NS_ERROR_FAILURE (0x80004005) aIID={d5dcece0-b202-4416-a138-03502784cc07} aComponent={HostWrap} aText={VirtualBox is not currently allowed to access USB devices.  You can change this by adding your user to the 'vboxusers' group.  Please see the user manual for a more detailed explanation}, preserve=true aResultDetail=0
03:07:48.836483 DCon260  WARNING [COM]: aRC=NS_ERROR_FAILURE (0x80004005) aIID={d5dcece0-b202-4416-a138-03502784cc07} aComponent={HostWrap} aText={VirtualBox is not currently allowed to access USB devices.  You can change this by adding your user to the 'vboxusers' group.  Please see the user manual for a more detailed explanation}, preserve=true aResultDetail=0
03:07:48.838361 DCon258  ERROR [COM]: aRC=NS_ERROR_FAILURE (0x80004005) aIID={83cfdc66-4f20-4569-ad39-8722f7d472b3} aComponent={RecordingSettingsWrap} aText={Recording not started}, preserve=false aResultDetail=0
03:07:48.840295 DCon258  ERROR [COM]: aRC=NS_ERROR_INVALID_ARG (0x80070057) aIID={e36a5081-a82a-40bd-9e4e-42a44d6ce50f} aComponent={SessionMachine} aText={Properties with TRANSIENT or TRANSRESET flag cannot be set or modified if VM is not running}, preserve=false aResultDetail=0
03:07:54.809027 main     VirtualBox: object deletion starts
03:07:54.809091 main     ERROR [COM]: aRC=VBOX_E_OBJECT_IN_USE (0x80bb000c) aIID={7d510820-a678-4730-a862-818dcd3fbed0} aComponent={MediumWrap} aText={Medium '/VM_ORACLE/Ubuntu_Server1.0/Ubuntu_Server1.0/Ubuntu_Server1.0.vdi' cannot be closed because it is still attached to 1 virtual machines}, preserve=false aResultDetail=0
03:07:54.809545 main     HostDnsMonitor: shutting down ...
03:07:54.813423 main     HostDnsMonitor: shut down
03:07:54.824105 Watcher  ERROR [COM]: aRC=E_ACCESSDENIED (0x80070005) aIID={2ce10519-3c09-45d8-a12d-e887786146b7} aComponent={VirtualBoxWrap} aText={The object is not ready}, preserve=false aResultDetail=0
03:07:54.824168 main     VirtualBox: object deleted
