0.026 Sys [Diag]: Process Command-line: -silent -log:/Preprocess.log -graphicsDriver:dx11 -cluster:public -language:en -applet:/EE/Types/Framework/ContentUpdate
0.026 Sys [Diag]: Build Label: 2026.03.30.17.06 Retail Windows x64 [Stripped]
0.026 Sys [Diag]: Build Unique ID: 440285162
0.026 Sys [Diag]: Windows user-name: steamuser
0.027 Sys [Diag]: Windows computer-name: ncor
0.027 Sys [Diag]: Current time: Thu Apr  2 12:04:58 2026 [UTC: Thu Apr  2 10:04:58 2026]
0.027 Sys [Diag]: Current directory: Z:\home
0.027 Sys [Diag]: cor\.local\share\Steam\steamapps\common\Warframe\Tools
0.077 Sys [Diag]: Processor: AMD 16-Core-HT Ryzen 9 8940HX 2400MHz HT/SSE/SSE2/SSE3/SSSE3/SSE4A/SSE41/SSE42/AVX/AVX2/AVX512F/AVX512CD/POPCNT/F16C/FMA3/SHA/BMI1/BMI2 F/M/S/EF/EM/UC: F/1/2/A/6/0
0.077 Sys [Diag]: Physical Memory: 25GB / 31GB free
0.077 Sys [Diag]: Address Space: 128TB / 128TB free
0.077 Sys [Diag]: No page file found!
0.077 Sys [Diag]: Page size: 4KB (Granularity: 64KB)
0.077 Sys [Diag]: Operating System: WINE 10.0
0.077 Sys [Diag]: Mitigation Policies:
0.079 Sys [Diag]: System Processes: 18
0.079 Sys [Diag]: System Threads: 168
0.079 Sys [Diag]: System Handles: 4,352
0.079 Sys [Diag]: System GDI Objects: 0
0.079 Sys [Diag]: System USER Objects: 0
0.079 Sys [Diag]: System Up-Time: 0d 0h 3m 34s
0.079 Sys [Diag]: Free Disk Space on C: 878,304,727,040 bytes
0.080 Sys [Diag]: Free Disk Space on Z: 16,401,428,480 bytes
0.095 Sys [Diag]: Found Monitor: (0, 0) - (1920, 1080) : 1920x1080
0.095 Sys [Diag]: Process is DPI-aware
0.095 Sys [Diag]: Clock frequency: 10,000,000Hz
0.102 Gfx [Info]: Private shader options need 22 bits
0.102 Sys [Info]: CancelJobs batchcount 0
0.108 Sys [Info]: Loading packages took 0.0ms
0.108 Sys [Info]: Redirecting package load to: C:\users\steamuser\AppData\Local\Warframe\Editor.cfg
0.109 Sys [Info]: Cache languages enabled: _en
0.109 Sys [Error]: WINHTTP_OPTION_IPV6_FAST_FALLBACK() failed (ERROR_WINHTTP_INVALID_OPTION)
0.137 Sys [Info]: Scanning Z:\home
0.137 Sys [Info]: cor\.local\share\Steam\steamapps\common\Warframe\Cache.Windows\ for cache blocks...
0.138 Sys [Info]: Found 97 cache blocks...
0.145 Sys [Info]: Downloading cache manifest index...
0.652 Sys [Info]: Loaded TOC for Windows/H.Misc (took 201ms, loaded 242418 entries, found 307 deleted)
0.652 Sys [Info]: Used shared /H.Cache.bin (571B Copy: 38us Write: 201ms Latency: 507ms)
0.733 Sys [Info]: Loaded TOC for Windows/B.Misc (took 60.4ms, loaded 149086 entries, found 55 deleted)
0.744 Sys [Info]: Loaded TOC for Windows/H.Font (took 8.67ms, loaded 5235 entries, found 14 deleted)
0.752 Sys [Info]: Loaded TOC for Windows/B.Font (took 4.88ms, loaded 5225 entries, found 40 deleted)
0.773 Sys [Info]: Loaded TOC for Windows/H.AnimRetarget (took 17.4ms, loaded 11048 entries, found 95 deleted)
0.799 Sys [Info]: Loaded TOC for Windows/B.AnimRetarget (took 4.86ms, loaded 9157 entries, found 11 deleted)
0.803 Sys [Info]: Loaded TOC for Windows/H.CharacterCodesCache (took 3us, loaded 1 entries, found 0 deleted)
0.828 Sys [Info]: Loaded TOC for Windows/B.CharacterCodesCache (took 7us, loaded 1 entries, found 0 deleted)
0.845 Sys [Info]: Loaded TOC for Windows/H.LightMap (took 10.9ms, loaded 58353 entries, found 0 deleted)
0.860 Sys [Info]: Loaded TOC for Windows/B.LightMap (took 8.26ms, loaded 55964 entries, found 0 deleted)
1.075 Sys [Info]: Cache manifest hash U4grBHr3sUrS3O9wmtFYNw
1.112 Sys [Info]: Loaded TOC for Windows/B.Texture (took 36.9ms, loaded 52156 entries, found 3 deleted)
1.159 Sys [Info]: Loaded TOC for Windows/H.Texture (took 46.3ms, loaded 66823 entries, found 2 deleted)
1.163 Sys [Info]: Loaded TOC for Windows/H.VideoTexture (took 83us, loaded 47 entries, found 1 deleted)
1.266 Sys [Info]: Initialize dictionary: 1048576b
1.755 Sys [Info]: Loading package cache took 0.6s (Parse: 0.5s)
1.757 Sys [Info]: Loaded TOC for Windows/H.VideoTextureStreaming (took 67us, loaded 66 entries, found 0 deleted)
1.757 Sys [Info]: Loaded TOC for Windows/B.VideoTexture (took 6us, loaded 1 entries, found 0 deleted)
2.044 Sys [Info]: Load deps cache took 289ms
2.098 Sys [Info]: ResourceMgr release queue size=128
2.099 Net [Info]: RMI::Initialize - Methods: 431 Hash: 1296882635015985376
2.099 Sys [Info]: Redirecting package load to: C:\users\steamuser\AppData\Local\Warframe\EE.cfg
2.101 Sys [Diag]: Engine config profile: /Configs/EE.cfg/Windows_Config
2.101 Sys [Info]: JobMgr: 31 threads (+4 low)
2.104 Phys [Info]: Custom physx allocator in use
2.120 Phys [Info]: PhysX Core Version: 4.1.1.0
2.120 Phys [Info]: PhysX SDK initialized.
2.120 Phys [Info]: PhysX scene manager initialized.
2.141 Sys [Info]: Driver registered: ScriptDriver Supported types: [Script]
2.141 Script [Info]: ScriptMgr::Initialize() 0 bytes, 0 allocs
2.141 Sys [Info]: Using language: _en
2.155 Sys [Info]: Loaded TOC for Windows/H.Misc_en (took 13.6ms, loaded 29796 entries, found 2 deleted, spot-loaded)
2.163 Sys [Info]: Loaded TOC for Windows/F.LightMap (took 6.08ms, loaded 36281 entries, found 0 deleted)
2.197 Sys [Info]: Loaded TOC for Windows/F.Misc (took 29.7ms, loaded 54937 entries, found 8 deleted)
2.348 Sys [Info]: Loading language cache took 0.207078s
2.348 Sys [Diag]: Command line: -silent -log:/Preprocess.log -graphicsDriver:dx11 -cluster:public -language:en -applet:/EE/Types/Framework/ContentUpdate
2.348 Sys [Diag]: SRand seeded with: -2403050055954216564
2.348 Sys [Info]: ResourceLoader 0x000000001F49B580 (/EE/Types/GameRules/GameConfig) Found 5 items to load (0ms) [Heap: 169,813,888/170,459,136 Footprint: 466,665,472 Handles: 0]
2.348 Sys [Info]: Resloader 0x000000001F49B580 (/EE/Types/GameRules/GameConfig) starting
2.349 Sys [Info]: Loaded TOC for Windows/F.VideoTextureStreaming (took 94us, loaded 66 entries, found 0 deleted)
2.349 Sys [Info]: Loaded TOC for Windows/F.VideoTexture (took 72us, loaded 46 entries, found 1 deleted)
2.377 Sys [Info]: Loaded TOC for Windows/F.Texture (took 28.4ms, loaded 58470 entries, found 0 deleted)
2.383 Sys [Error]: Could not find game rules: /EE/Types/GameRules/DefaultGameRules
2.383 Sys [Error]: Required by game config /EE/Types/GameRules/GameConfig
2.383 Sys [Error]: Failed to create run-time type: DefaultGameRules (parent GameRules is abstract)
2.383 Sys [Error]: Could not find game rules: /EE/Types/GameRules/MultiplayerGameRules
2.383 Sys [Error]: Required by game config /EE/Types/GameRules/GameConfig
2.383 Sys [Error]: Failed to create run-time type: MultiplayerGameRules (parent GameRules is abstract)
2.383 Sys [Error]: Could not find platform icon collection: /EE/Types/GraphicsRes/DefaultPlatformIconCollection
2.383 Sys [Error]: Required by game config /EE/Types/GameRules/GameConfig
2.383 Sys [Info]: Finished load of Flyweight batch (1) [0.00s and 0 frames at 1 ms/frame avg, 35 ms/update peak], 1/1/1, 5 item(s), 0k total so far, 0.00% utilization
2.383 Sys [Info]: Resource load completed 0x000000001F49B580 (/EE/Types/GameRules/GameConfig) in one pass and 0.0s (I/O ~= 0.0%, inherited 0 of 5)
2.399 Sys [Info]: Loaded TOC for Windows/H.Texture_en (took 48us, loaded 11 entries, found 0 deleted)
2.410 Sys [Info]: Loaded TOC for Windows/B.Misc_en (took 10.6ms, loaded 29795 entries, found 0 deleted)
2.411 Sys [Info]: ResourceLoader 0x000000001F49B580 (/EE/Types/GameRules/GameConfig) spot-loaded in 62.1ms
2.411 Net [Info]: UPnP enabled.
2.411 Net [Info]: NAT-PMP enabled.
2.411 Sys [Info]: Driver registered: MaterialLibrary Supported types: [PhysicsMaterial]
2.413 Sys [Info]: Loaded TOC for Windows/B.Texture_en (took 42us, loaded 11 entries, found 0 deleted)
2.426 Sys [Info]: Loaded TOC for Windows/F.Misc_en (took 9.56ms, loaded 29783 entries, found 0 deleted)
2.427 Sys [Info]: No stripped assets to preprocess (manifest hash matched)
2.429 Sys [Info]: TypeMgr cleaned 0 instances (0us) and unbuilt 0 types (1.38ms) in 1.38ms
2.429 Sys [Info]: Startup time: 2.43s
2.429 Sys [Info]: Done.
2.429 Sys [Info]: /Cache.Windows/B.AnimRetarget.cache 170,187 / 142,665,979 bytes wasted (0%)
2.429 Sys [Info]: /Cache.Windows/B.Font.cache 781,142 / 23,616,724 bytes wasted (3%)
2.429 Sys [Info]: /Cache.Windows/B.Misc.cache 3,278,994 / 4,729,513,014 bytes wasted (0%)
2.429 Sys [Info]: Loaded TOC for Windows/B.Misc_de (took 267us, loaded 11 entries, found 0 deleted, spot-loaded)
2.429 Sys [Info]: Loaded TOC for Windows/B.Misc_es (took 182us, loaded 11 entries, found 0 deleted, spot-loaded)
2.429 Sys [Info]: Loaded TOC for Windows/B.Misc_fr (took 165us, loaded 11 entries, found 0 deleted, spot-loaded)
2.429 Sys [Info]: Loaded TOC for Windows/B.Misc_it (took 158us, loaded 11 entries, found 0 deleted, spot-loaded)
2.430 Sys [Info]: Loaded TOC for Windows/B.Misc_ja (took 74us, loaded 11 entries, found 0 deleted, spot-loaded)
2.430 Sys [Info]: Loaded TOC for Windows/B.Misc_ko (took 123us, loaded 11 entries, found 0 deleted, spot-loaded)
2.430 Sys [Info]: Loaded TOC for Windows/B.Misc_pl (took 115us, loaded 11 entries, found 0 deleted, spot-loaded)
2.430 Sys [Info]: Loaded TOC for Windows/B.Misc_pt (took 176us, loaded 11 entries, found 0 deleted, spot-loaded)
2.430 Sys [Info]: Loaded TOC for Windows/B.Misc_ru (took 123us, loaded 11 entries, found 0 deleted, spot-loaded)
2.453 Sys [Info]: Loaded TOC for Windows/B.Misc_tc (took 22.9ms, loaded 11 entries, found 0 deleted, spot-loaded)
2.453 Sys [Info]: Loaded TOC for Windows/B.Misc_th (took 494us, loaded 11 entries, found 0 deleted, spot-loaded)
2.454 Sys [Info]: Loaded TOC for Windows/B.Misc_tr (took 118us, loaded 11 entries, found 0 deleted, spot-loaded)
2.454 Sys [Info]: Loaded TOC for Windows/B.Misc_uk (took 116us, loaded 11 entries, found 0 deleted, spot-loaded)
2.457 Sys [Info]: Loaded TOC for Windows/B.Misc_xx (took 3.12ms, loaded 5682 entries, found 0 deleted, spot-loaded)
2.472 Sys [Info]: Loaded TOC for Windows/B.Misc_zh (took 14.6ms, loaded 29795 entries, found 0 deleted, spot-loaded)
2.472 Sys [Info]: Loaded TOC for Dx11/B.ShaderDictionary (took 630us, loaded 1 entries, found 0 deleted, spot-loaded)
2.473 Sys [Info]: Loaded TOC for Dx12/B.ShaderDictionary (took 174us, loaded 1 entries, found 0 deleted, spot-loaded)
2.473 Sys [Info]: Loaded TOC for Dx11/B.Shader (took 314us, loaded 117 entries, found 0 deleted, spot-loaded)
2.473 Sys [Info]: Loaded TOC for Dx12/B.Shader (took 183us, loaded 117 entries, found 0 deleted, spot-loaded)
2.478 Sys [Info]: Loaded TOC for Dx11/B.ShaderPermutation (took 4.43ms, loaded 11860 entries, found 24 deleted, spot-loaded)
2.478 Sys [Info]: /Cache.Windows/B.ShaderPermutationDx11.cache 1,367,601 / 266,893,326 bytes wasted (0%)
2.481 Sys [Info]: Loaded TOC for Dx12/B.ShaderPermutation (took 3.49ms, loaded 11855 entries, found 0 deleted, spot-loaded)
2.481 Sys [Info]: /Cache.Windows/B.Texture.cache 22,137 / 818,046,932 bytes wasted (0%)
2.481 Sys [Info]: Loaded TOC for Windows/B.Texture_de (took 223us, loaded 11 entries, found 0 deleted, spot-loaded)
2.482 Sys [Info]: Loaded TOC for Windows/B.Texture_es (took 150us, loaded 11 entries, found 0 deleted, spot-loaded)
2.482 Sys [Info]: Loaded TOC for Windows/B.Texture_fr (took 114us, loaded 11 entries, found 0 deleted, spot-loaded)
2.482 Sys [Info]: Loaded TOC for Windows/B.Texture_it (took 141us, loaded 11 entries, found 0 deleted, spot-loaded)
2.482 Sys [Info]: Loaded TOC for Windows/B.Texture_ja (took 129us, loaded 11 entries, found 0 deleted, spot-loaded)
2.482 Sys [Info]: Loaded TOC for Windows/B.Texture_ko (took 71us, loaded 11 entries, found 0 deleted, spot-loaded)
2.482 Sys [Info]: Loaded TOC for Windows/B.Texture_pl (took 73us, loaded 11 entries, found 0 deleted, spot-loaded)
2.482 Sys [Info]: Loaded TOC for Windows/B.Texture_pt (took 87us, loaded 11 entries, found 0 deleted, spot-loaded)
2.482 Sys [Info]: Loaded TOC for Windows/B.Texture_ru (took 115us, loaded 11 entries, found 0 deleted, spot-loaded)
2.482 Sys [Info]: Loaded TOC for Windows/B.Texture_tc (took 76us, loaded 11 entries, found 0 deleted, spot-loaded)
2.483 Sys [Info]: Loaded TOC for Windows/B.Texture_th (took 163us, loaded 11 entries, found 0 deleted, spot-loaded)
2.483 Sys [Info]: Loaded TOC for Windows/B.Texture_tr (took 113us, loaded 11 entries, found 0 deleted, spot-loaded)
2.483 Sys [Info]: Loaded TOC for Windows/B.Texture_uk (took 71us, loaded 11 entries, found 0 deleted, spot-loaded)
2.483 Sys [Info]: Loaded TOC for Windows/B.Texture_zh (took 170us, loaded 11 entries, found 0 deleted, spot-loaded)
2.483 Sys [Info]: /Cache.Windows/F.Misc.cache 589,650 / 9,250,398,734 bytes wasted (0%)
2.486 Sys [Info]: Loaded TOC for Windows/F.Misc_xx (took 2.95ms, loaded 5681 entries, found 0 deleted, spot-loaded)
2.500 Sys [Info]: Loaded TOC for Windows/F.Misc_zh (took 14.0ms, loaded 29783 entries, found 0 deleted, spot-loaded)
2.500 Sys [Info]: /Cache.Windows/F.VideoTexture.cache 2,321,580 / 516,818,764 bytes wasted (0%)
2.500 Sys [Info]: /Cache.Windows/H.AnimRetarget.cache 830,264 / 80,168,966 bytes wasted (1%)
2.500 Sys [Info]: /Cache.Windows/H.Font.cache 13,903 / 2,526,729 bytes wasted (0%)
2.500 Sys [Info]: /Cache.Windows/H.Misc.cache 97,623,211 / 274,223,746 bytes wasted (35%)
2.501 Sys [Info]: Loaded TOC for Windows/H.Misc_de (took 554us, loaded 12 entries, found 0 deleted, spot-loaded)
2.501 Sys [Info]: /Cache.Windows/H.Misc_en.cache 9,561,964 / 23,580,422 bytes wasted (40%)
2.501 Sys [Info]: Loaded TOC for Windows/H.Misc_es (took 185us, loaded 12 entries, found 0 deleted, spot-loaded)
2.501 Sys [Info]: Loaded TOC for Windows/H.Misc_fr (took 92us, loaded 12 entries, found 0 deleted, spot-loaded)
2.501 Sys [Info]: Loaded TOC for Windows/H.Misc_it (took 137us, loaded 12 entries, found 0 deleted, spot-loaded)
2.501 Sys [Info]: Loaded TOC for Windows/H.Misc_ja (took 114us, loaded 12 entries, found 0 deleted, spot-loaded)
2.502 Sys [Info]: Loaded TOC for Windows/H.Misc_ko (took 63us, loaded 12 entries, found 0 deleted, spot-loaded)
2.502 Sys [Info]: Loaded TOC for Windows/H.Misc_pl (took 175us, loaded 12 entries, found 0 deleted, spot-loaded)
2.502 Sys [Info]: Loaded TOC for Windows/H.Misc_pt (took 80us, loaded 12 entries, found 0 deleted, spot-loaded)
2.502 Sys [Info]: Loaded TOC for Windows/H.Misc_ru (took 169us, loaded 12 entries, found 0 deleted, spot-loaded)
2.502 Sys [Info]: Loaded TOC for Windows/H.Misc_tc (took 171us, loaded 12 entries, found 0 deleted, spot-loaded)
2.502 Sys [Info]: Loaded TOC for Windows/H.Misc_th (took 144us, loaded 12 entries, found 0 deleted, spot-loaded)
2.503 Sys [Info]: Loaded TOC for Windows/H.Misc_tr (took 132us, loaded 12 entries, found 0 deleted, spot-loaded)
2.503 Sys [Info]: Loaded TOC for Windows/H.Misc_uk (took 75us, loaded 12 entries, found 0 deleted, spot-loaded)
2.505 Sys [Info]: Loaded TOC for Windows/H.Misc_xx (took 2.75ms, loaded 5683 entries, found 0 deleted, spot-loaded)
2.519 Sys [Info]: Loaded TOC for Windows/H.Misc_zh (took 13.3ms, loaded 29796 entries, found 0 deleted, spot-loaded)
2.519 Sys [Info]: Loaded TOC for Dx11/H.ShaderDictionary (took 530us, loaded 1 entries, found 0 deleted, spot-loaded)
2.519 Sys [Info]: Loaded TOC for Dx12/H.ShaderDictionary (took 75us, loaded 1 entries, found 0 deleted, spot-loaded)
2.520 Sys [Info]: Loaded TOC for Dx11/H.Shader (took 562us, loaded 407 entries, found 2 deleted, spot-loaded)
2.520 Sys [Info]: /Cache.Windows/H.ShaderDx11.cache 3,793 / 589,149 bytes wasted (0%)
2.520 Sys [Info]: Loaded TOC for Dx12/H.Shader (took 38us, loaded 407 entries, found 0 deleted)
2.524 Sys [Info]: Loaded TOC for Dx11/H.ShaderPermutation (took 4.34ms, loaded 11860 entries, found 16 deleted, spot-loaded)
2.524 Sys [Info]: /Cache.Windows/H.ShaderPermutationDx11.cache 8,887 / 5,611,556 bytes wasted (0%)
2.528 Sys [Info]: Loaded TOC for Dx12/H.ShaderPermutation (took 3.63ms, loaded 11855 entries, found 0 deleted, spot-loaded)
2.528 Sys [Info]: /Cache.Windows/H.Texture.cache 468 / 17,142,662 bytes wasted (0%)
2.528 Sys [Info]: Loaded TOC for Windows/H.Texture_de (took 235us, loaded 11 entries, found 0 deleted, spot-loaded)
2.529 Sys [Info]: Loaded TOC for Windows/H.Texture_es (took 175us, loaded 11 entries, found 0 deleted, spot-loaded)
2.529 Sys [Info]: Loaded TOC for Windows/H.Texture_fr (took 118us, loaded 11 entries, found 0 deleted, spot-loaded)
2.529 Sys [Info]: Loaded TOC for Windows/H.Texture_it (took 125us, loaded 11 entries, found 0 deleted, spot-loaded)
2.529 Sys [Info]: Loaded TOC for Windows/H.Texture_ja (took 134us, loaded 11 entries, found 0 deleted, spot-loaded)
2.529 Sys [Info]: Loaded TOC for Windows/H.Texture_ko (took 126us, loaded 11 entries, found 0 deleted, spot-loaded)
2.529 Sys [Info]: Loaded TOC for Windows/H.Texture_pl (took 90us, loaded 11 entries, found 0 deleted, spot-loaded)
2.529 Sys [Info]: Loaded TOC for Windows/H.Texture_pt (took 88us, loaded 11 entries, found 0 deleted, spot-loaded)
2.529 Sys [Info]: Loaded TOC for Windows/H.Texture_ru (took 92us, loaded 11 entries, found 0 deleted, spot-loaded)
2.530 Sys [Info]: Loaded TOC for Windows/H.Texture_tc (took 136us, loaded 11 entries, found 0 deleted, spot-loaded)
2.530 Sys [Info]: Loaded TOC for Windows/H.Texture_th (took 92us, loaded 11 entries, found 0 deleted, spot-loaded)
2.530 Sys [Info]: Loaded TOC for Windows/H.Texture_tr (took 150us, loaded 11 entries, found 0 deleted, spot-loaded)
2.530 Sys [Info]: Loaded TOC for Windows/H.Texture_uk (took 97us, loaded 11 entries, found 0 deleted, spot-loaded)
2.530 Sys [Info]: Loaded TOC for Windows/H.Texture_zh (took 149us, loaded 11 entries, found 0 deleted, spot-loaded)
2.530 Sys [Info]: /Cache.Windows/H.VideoTexture.cache 84 / 4,539 bytes wasted (1%)
2.530 Sys [Info]: Wasted cache space: 116,573,865 bytes (0%)
2.530 Sys [Info]: All stripped assets preprocessed
2.530 Sys [Info]: Main Shutdown Initiated.
2.531 Sys [Info]: TypeMgr cleaned 0 instances (0us) and unbuilt 0 types (1.26ms) in 1.26ms
2.532 Sys [Info]: Shutting down content update...
2.532 Net [Info]: MatchingService::DeleteSession
2.532 Net [Info]: DeleteSessionCallback(1, )
2.532 Net [Info]: Deleted session
2.532 Net [Info]: MatchingServiceWeb::LeavePlatformPartyDone
2.533 Sys [Info]: Redirecting package save to: C:\users\steamuser\AppData\Local\Warframe\EE.cfg
2.534 Sys [Info]: Skipping SavePackage for /Configs/EE.cfg (no changes detected)
2.534 Sys [Info]: Saved package: /Configs/EE.cfg
2.540 Sys [Info]: Used 1 shared assets (0 async, 1 sync)
2.540 Phys [Info]: PhysX SDK shutdown.
2.540 Phys [Info]: PhysX scene manager shutdown.
Sys [Info]: All smart pointers were destroyed!
2.553 Sys [Info]: Main Shutdown Complete.
