Mono path[0] = '/home/chromagor/.local/share/Steam/steamapps/common/Muck/Muck_Data/Managed'
Mono config path = '/home/chromagor/.local/share/Steam/steamapps/common/Muck/Muck_Data/MonoBleedingEdge/etc'
Preloaded 'libsteam_api.so'
Display 0 'HDMI-A-1 24"': 1920x1080 (primary device).
Desktop is 1920 x 1080 @ 60 Hz
Initialize engine version: 2019.4.19f1 (ca5b14067cec)
[Subsystems] Discovering subsystems at path /home/chromagor/.local/share/Steam/steamapps/common/Muck/Muck_Data/UnitySubsystems
GfxDevice: creating device client; threaded=1
Renderer: zink Vulkan 1.4(NVIDIA GeForce GTX 1050 (NVIDIA_PROPRIETARY))
Vendor:   Mesa
Version:  4.6 (Core Profile) Mesa 25.3.1-arch1.2
GLES:     0
 GL_AMD_conservative_depth GL_AMD_draw_buffers_blend GL_AMD_gpu_shader_int64 GL_AMD_multi_draw_indirect GL_AMD_performance_monitor GL_AMD_pinned_memory GL_AMD_query_buffer_object GL_AMD_seamless_cubemap_per_texture GL_AMD_shader_trinary_minmax GL_AMD_texture_texture4 GL_AMD_vertex_shader_layer GL_AMD_vertex_shader_viewport_index GL_ANGLE_texture_compression_dxt3 GL_ANGLE_texture_compression_dxt5 GL_ARB_ES2_compatibility GL_ARB_ES3_1_compatibility GL_ARB_ES3_2_compatibility GL_ARB_ES3_compatibility GL_ARB_arrays_of_arrays GL_ARB_base_instance GL_ARB_bindless_texture GL_ARB_blend_func_extended GL_ARB_buffer_storage GL_ARB_clear_buffer_object GL_ARB_clear_texture GL_ARB_clip_control GL_ARB_compressed_texture_pixel_storage GL_ARB_compute_shader GL_ARB_compute_variable_group_size GL_ARB_conditional_render_inverted GL_ARB_conservative_depth GL_ARB_copy_buffer GL_ARB_copy_image GL_ARB_cull_distance GL_ARB_debug_output GL_ARB_depth_buffer_float GL_ARB_depth_clamp GL_ARB_derivative_control GL_ARB_direct_state_access 
GL_ARB_draw_buffers GL_ARB_draw_buffers_blend GL_ARB_draw_elements_base_vertex GL_ARB_draw_indirect GL_ARB_draw_instanced GL_ARB_enhanced_layouts GL_ARB_explicit_attrib_location GL_ARB_explicit_uniform_location GL_ARB_fragment_coord_conventions GL_ARB_fragment_layer_viewport GL_ARB_fragment_shader GL_ARB_fragment_shader_interlock GL_ARB_framebuffer_no_attachments GL_ARB_framebuffer_object GL_ARB_framebuffer_sRGB GL_ARB_get_program_binary GL_ARB_get_texture_sub_image GL_ARB_gl_spirv GL_ARB_gpu_shader5 GL_ARB_gpu_shader_fp64 GL_ARB_gpu_shader_int64 GL_ARB_half_float_pixel GL_ARB_half_float_vertex GL_ARB_indirect_parameters GL_ARB_instanced_arrays GL_ARB_internalformat_query GL_ARB_internalformat_query2 GL_ARB_invalidate_subdata GL_ARB_map_buffer_alignment GL_ARB_map_buffer_range GL_ARB_multi_bind GL_ARB_multi_draw_indirect GL_ARB_occlusion_query2 GL_ARB_parallel_shader_compile GL_ARB_pipeline_statistics_query GL_ARB_pixel_buffer_object GL_ARB_point_sprite GL_ARB_polygon_offset_clamp GL_ARB_post_depth_coverage 
GL_ARB_program_interface_query GL_ARB_provoking_vertex GL_ARB_query_buffer_object GL_ARB_robust_buffer_access_behavior GL_ARB_robustness GL_ARB_sample_locations GL_ARB_sample_shading GL_ARB_sampler_objects GL_ARB_seamless_cube_map GL_ARB_seamless_cubemap_per_texture GL_ARB_separate_shader_objects GL_ARB_shader_atomic_counter_ops GL_ARB_shader_atomic_counters GL_ARB_shader_ballot GL_ARB_shader_bit_encoding GL_ARB_shader_clock GL_ARB_shader_draw_parameters GL_ARB_shader_group_vote GL_ARB_shader_image_load_store GL_ARB_shader_image_size GL_ARB_shader_objects GL_ARB_shader_precision GL_ARB_shader_storage_buffer_object GL_ARB_shader_subroutine GL_ARB_shader_texture_image_samples GL_ARB_shader_texture_lod GL_ARB_shader_viewport_layer_array GL_ARB_shading_language_420pack GL_ARB_shading_language_include GL_ARB_shading_language_packing GL_ARB_sparse_buffer GL_ARB_sparse_texture GL_ARB_sparse_texture2 GL_ARB_sparse_texture_clamp GL_ARB_spirv_extensions GL_ARB_stencil_texturing GL_ARB_sync GL_ARB_tessellation_shader G
L_ARB_texture_barrier GL_ARB_texture_border_clamp GL_ARB_texture_buffer_object GL_ARB_texture_buffer_object_rgb32 GL_ARB_texture_buffer_range GL_ARB_texture_compression_bptc GL_ARB_texture_compression_rgtc GL_ARB_texture_cube_map_array GL_ARB_texture_filter_anisotropic GL_ARB_texture_filter_minmax GL_ARB_texture_float GL_ARB_texture_gather GL_ARB_texture_mirror_clamp_to_edge GL_ARB_texture_multisample GL_ARB_texture_non_power_of_two GL_ARB_texture_query_levels GL_ARB_texture_query_lod GL_ARB_texture_rectangle GL_ARB_texture_rg GL_ARB_texture_rgb10_a2ui GL_ARB_texture_stencil8 GL_ARB_texture_storage GL_ARB_texture_storage_multisample GL_ARB_texture_swizzle GL_ARB_texture_view GL_ARB_timer_query GL_ARB_transform_feedback2 GL_ARB_transform_feedback3 GL_ARB_transform_feedback_instanced GL_ARB_transform_feedback_overflow_query GL_ARB_uniform_buffer_object GL_ARB_vertex_array_bgra GL_ARB_vertex_array_object GL_ARB_vertex_attrib_64bit GL_ARB_vertex_attrib_binding GL_ARB_vertex_buffer_object GL_ARB_vertex_shader GL_
ARB_vertex_type_10f_11f_11f_rev GL_ARB_vertex_type_2_10_10_10_rev GL_ARB_viewport_array GL_ATI_blend_equation_separate GL_ATI_meminfo GL_ATI_texture_float GL_EXT_EGL_image_storage GL_EXT_EGL_image_storage_compression GL_EXT_EGL_sync GL_EXT_abgr GL_EXT_blend_equation_separate GL_EXT_debug_label GL_EXT_demote_to_helper_invocation GL_EXT_depth_bounds_test GL_EXT_draw_buffers2 GL_EXT_draw_instanced GL_EXT_framebuffer_blit GL_EXT_framebuffer_multisample GL_EXT_framebuffer_multisample_blit_scaled GL_EXT_framebuffer_object GL_EXT_framebuffer_sRGB GL_EXT_memory_object GL_EXT_memory_object_fd GL_EXT_packed_depth_stencil GL_EXT_packed_float GL_EXT_pixel_buffer_object GL_EXT_polygon_offset_clamp GL_EXT_provoking_vertex GL_EXT_semaphore GL_EXT_semaphore_fd GL_EXT_shader_clock GL_EXT_shader_image_load_formatted GL_EXT_shader_integer_mix GL_EXT_texture_array GL_EXT_texture_compression_dxt1 GL_EXT_texture_compression_rgtc GL_EXT_texture_compression_s3tc GL_EXT_texture_filter_anisotropic GL_EXT_texture_integer GL_EXT_textur
e_sRGB GL_EXT_texture_sRGB_R8 GL_EXT_texture_sRGB_decode GL_EXT_texture_shared_exponent GL_EXT_texture_snorm GL_EXT_texture_storage GL_EXT_texture_swizzle GL_EXT_timer_query GL_EXT_transform_feedback GL_EXT_vertex_array_bgra GL_EXT_vertex_attrib_64bit GL_IBM_multimode_draw_arrays GL_KHR_blend_equation_advanced GL_KHR_context_flush_control GL_KHR_debug GL_KHR_no_error GL_KHR_parallel_shader_compile GL_KHR_robust_buffer_access_behavior GL_KHR_robustness GL_KHR_shader_subgroup GL_KHR_texture_compression_astc_ldr GL_KHR_texture_compression_astc_sliced_3d GL_MESA_framebuffer_flip_y GL_MESA_pack_invert GL_MESA_shader_integer_functions GL_MESA_texture_signed_rgba GL_NVX_gpu_memory_info GL_NV_conditional_render GL_NV_copy_image GL_NV_depth_clamp GL_NV_fragment_shader_interlock GL_NV_packed_depth_stencil GL_NV_sample_locations GL_NV_shader_atomic_float GL_NV_shader_atomic_int64 GL_NV_texture_barrier GL_NV_timeline_semaphore GL_OES_EGL_image GL_OVR_multiview GL_OVR_multiview2 GL_OVR_multiview_multisampled_render_to_te
xture GL_S3_s3tc
OPENGL LOG: Creating OpenGL 4.6 graphics device ; Context level  <OpenGL 4.5> ; Context handle 802314064
Begin MonoManager ReloadAssembly
- Completed reload, in  0.059 seconds
Default vsync count 0
requesting resize 1920 x 1080
Using native desktop resolution 1920 x 1080
requesting fullscreen 1920 x 1080 at 0 Hz
Desktop is 1920 x 1080 @ 60 Hz
UnloadTime: 0.578489 ms
Creating new save file 
(Filename: ./Runtime/Export/Debug/Debug.bindings.h Line: 35)

DontDestroyOnLoad only works for root GameObjects or components on root GameObjects. 
(Filename:  Line: 606)

DontDestroyOnLoad only works for root GameObjects or components on root GameObjects. 
(Filename:  Line: 606)

[S_API] SteamAPI_Init(): Loaded '/home/chromagor/.local/share/Steam/linux64/steamclient.so' OK.
Setting breakpad minidump AppID = 1625450
SteamInternal_SetMinidumpSteamID:  Caching Steam ID:  76561199397160167 [API loaded no]
Steam initialized: Chromagor 
(Filename: ./Runtime/Export/Debug/Debug.bindings.h Line: 35)

updates sens to: 1 
(Filename: ./Runtime/Export/Debug/Debug.bindings.h Line: 35)

Setting grass to: True 
(Filename: ./Runtime/Export/Debug/Debug.bindings.h Line: 35)

Setting tutorial to: True 
(Filename: ./Runtime/Export/Debug/Debug.bindings.h Line: 35)

updating shadow quality 
(Filename: ./Runtime/Export/Debug/Debug.bindings.h Line: 35)

updating shadow res 
(Filename: ./Runtime/Export/Debug/Debug.bindings.h Line: 35)

updating shadow cascades 
(Filename: ./Runtime/Export/Debug/Debug.bindings.h Line: 35)

updating shadow distance 
(Filename: ./Runtime/Export/Debug/Debug.bindings.h Line: 35)

updating texture quality 
(Filename: ./Runtime/Export/Debug/Debug.bindings.h Line: 35)

updating AA 
(Filename: ./Runtime/Export/Debug/Debug.bindings.h Line: 35)

updating soft particles 
(Filename: ./Runtime/Export/Debug/Debug.bindings.h Line: 35)

updating bloom 
(Filename: ./Runtime/Export/Debug/Debug.bindings.h Line: 35)

updating motion blur 
(Filename: ./Runtime/Export/Debug/Debug.bindings.h Line: 35)

updating AO 
(Filename: ./Runtime/Export/Debug/Debug.bindings.h Line: 35)

finding custom res 
(Filename: ./Runtime/Export/Debug/Debug.bindings.h Line: 35)

Updated screen resoltion 
(Filename: ./Runtime/Export/Debug/Debug.bindings.h Line: 35)

updated fullscreen 
(Filename: ./Runtime/Export/Debug/Debug.bindings.h Line: 35)

updated vsync 
(Filename: ./Runtime/Export/Debug/Debug.bindings.h Line: 35)

updated fullscreenmode 
(Filename: ./Runtime/Export/Debug/Debug.bindings.h Line: 35)

updated fps limit 
(Filename: ./Runtime/Export/Debug/Debug.bindings.h Line: 35)

updated volume 
(Filename: ./Runtime/Export/Debug/Debug.bindings.h Line: 35)

updated music 
(Filename: ./Runtime/Export/Debug/Debug.bindings.h Line: 35)

Initializing packets. 
(Filename: ./Runtime/Export/Debug/Debug.bindings.h Line: 35)

Muck started: 2 
(Filename: ./Runtime/Export/Debug/Debug.bindings.h Line: 35)

requesting resize 1920 x 1080
Using native desktop resolution 1920 x 1080
requesting fullscreen 1920 x 1080 at 60 Hz
Desktop is 1920 x 1080 @ 60 Hz
/proc/self/maps:
00400000-00401000 r-xp 00000000 103:02 15469813                          /home/chromagor/.local/share/Steam/steamapps/common/Muck/Muck.x86_64
00600000-00601000 r--p 00000000 103:02 15469813                          /home/chromagor/.local/share/Steam/steamapps/common/Muck/Muck.x86_64
00601000-00602000 rw-p 00001000 103:02 15469813                          /home/chromagor/.local/share/Steam/steamapps/common/Muck/Muck.x86_64
2f2a6000-32191000 rw-p 00000000 00:00 0                                  [heap]
403bc000-403cc000 rwxp 00000000 00:00 0 
40981000-40ab9000 rwxp 00000000 00:00 0 
7fa1e0000000-7fa1e096f000 rw-p 00000000 00:00 0 
7fa1e096f000-7fa1e4000000 ---p 00000000 00:00 0 
7fa1e8000000-7fa1e8057000 rw-p 00000000 00:00 0 
7fa1e8057000-7fa1ec000000 ---p 00000000 00:00 0 
7fa1ec000000-7fa1ec021000 rw-p 00000000 00:00 0 
7fa1ec021000-7fa1f0000000 ---p 00000000 00:00 0 
7fa1f0000000-7fa1f0051000 rw-p 00000000 00:00 0 
7fa1f0051000-7fa1f4000000 ---p 00000000 00:00 0 
7fa1f4000000-7fa1f4021000 rw-p 00000000 00:00 0 
7fa1f4021000-7fa1f8000000 ---p 00000000 00:00 0 
7fa1f8000000-7fa1f8023000 rw-p 00000000 00:00 0 
7fa1f8023000-7fa1fc000000 ---p 00000000 00:00 0 
7fa1fefff000-7fa200000000 rw-p 00000000 00:00 0 
7fa200000000-7fa2000b4000 rw-p 00000000 00:00 0 
7fa2000b4000-7fa204000000 ---p 00000000 00:00 0 
7fa204000000-7fa20429f000 rw-p 00000000 00:00 0 
7fa20429f000-7fa208000000 ---p 00000000 00:00 0 
7fa2081ff000-7fa208201000 rw-p 00000000 00:00 0 
7fa208201000-7fa208209000 ---p 00000000 00:00 0 
7fa208209000-7fa208400000 rw-p 00000000 00:00 0 
7fa208400000-7fa209114000 r--p 00000000 103:02 15349358                  /home/chromagor/.local/share/Steam/linux64/steamclient.so
7fa209114000-7fa20ad5f000 r-xp 00d13000 103:02 15349358                  /home/chromagor/.local/share/Steam/linux64/steamclient.so
7fa20ad5f000-7fa20aeb4000 r--p 0295d000 103:02 15349358                  /home/chromagor/.local/share/Steam/linux64/steamclient.so
7fa20aeb4000-7fa20aeec000 rw-p 02ab1000 103:02 15349358                  /home/chromagor/.local/share/Steam/linux64/steamclient.so
7fa20aeec000-7fa20af9d000 rw-p 00000000 00:00 0 
7fa20afff000-7fa20c000000 rw-p 00000000 00:00 0 
7fa20c000000-7fa20c3b4000 rw-p 00000000 00:00 0 
7fa20c3b4000-7fa210000000 ---p 00000000 00:00 0 
7fa210014000-7fa2101fd000 rw-p 00000000 00:00 0 
7fa2101fd000-7fa2101ff000 rw-p 00000000 00:00 0 
7fa2101ff000-7fa210207000 ---p 00000000 00:00 0 
7fa210207000-7fa210400000 rw-p 00000000 00:00 0 
7fa210400000-7fa210408000 ---p 00000000 00:00 0 
7fa210408000-7fa210601000 rw-p 00000000 00:00 0 
7fa210601000-7fa210609000 ---p 00000000 00:00 0 
7fa210609000-7fa210800000 rw-p 00000000 00:00 0 
7fa210800000-7fa210a4e000 r--p 00000000 103:02 15469830                  /home/chromagor/.local/share/Steam/steamapps/common/Muck/Muck_Data/Managed/System.Xml.dll
7fa210bfe000-7fa210ffe000 rw-s 00000000 00:06 890                        /dev/nvidia0
7fa210ffe000-7fa213000000 rw-p 00000000 00:00 0 
7fa218000000-7fa218021000 rw-p 00000000 00:00 0 
7fa218021000-7fa21c000000 ---p 00000000 00:00 0 
7fa21c000000-7fa21c09a000 rw-p 00000000 00:00 0 
7fa21c09a000-7fa220000000 ---p 00000000 00:00 0 
7fa220000000-7fa220100000 rw-p 00000000 00:00 0 
7fa220100000-7fa230000000 ---p 00000000 00:00 0 
7fa230000000-7fa238884000 rw-p 00000000 00:00 0 
7fa238884000-7fa23e3ef000 ---p 00000000 00:00 0 
7fa23e3ef000-7fa23e503000 rw-p 00000000 00:00 0 
7fa23e503000-7fa23f34d000 ---p 00000000 00:00 0 
7fa23f34d000-7fa240000000 ---p 00000000 00:00 0 
7fa240000000-7fa240533000 rw-p 00000000 00:00 0 
7fa240533000-7fa250000000 ---p 00000000 00:00 0 
7fa250000000-7fa250400000 rw-p 00000000 00:00 0 
7fa250400000-7fa250600000 ---p 00000000 00:00 0 
7fa250600000-7fa260000000 ---p 00000000 00:00 0 
7fa260000000-7fa260001000 rw-p 00000000 00:00 0 
7fa260001000-7fa263311000 ---p 00000000 00:00 0 
7fa263311000-7fa26dbf0000 rw-p 00000000 00:00 0 
7fa26dbf0000-7fa270000000 ---p 00000000 00:00 0 
7fa270000000-7fa2702f0000 rw-p 00000000 00:00 0 
7fa2702f0000-7fa274000000 ---p 00000000 00:00 0 
7fa274000000-7fa274188000 rw-p 00000000 00:00 0 
7fa274188000-7fa278000000 ---p 00000000 00:00 0 
7fa278000000-7fa278d44000 rw-p 00000000 00:00 0 
7fa278d44000-7fa27c000000 ---p 00000000 00:00 0 
7fa27c000000-7fa27c021000 rw-p 00000000 00:00 0 
7fa27c021000-7fa280000000 ---p 00000000 00:00 0 
7fa280000000-7fa280021000 rw-p 00000000 00:00 0 
7fa280021000-7fa284000000 ---p 00000000 00:00 0 
7fa284000000-7fa2897dc000 rw-p 00000000 00:00 0 
7fa2897dc000-7fa28c000000 ---p 00000000 00:00 0 
7fa28c000000-7fa28c021000 rw-p 00000000 00:00 0 
7fa28c021000-7fa290000000 ---p 00000000 00:00 0 
7fa290000000-7fa291803000 rw-p 00000000 00:00 0 
7fa291803000-7fa2a0000000 ---p 00000000 00:00 0 
7fa2a0000000-7fa2a0400000 rw-p 00000000 00:00 0 
7fa2a0400000-7fa2b0000000 ---p 00000000 00:00 0 
7fa2b0090000-7fa2b01ff000 rw-p 00000000 00:00 0 
7fa2b0a16000-7fa2b11ff000 rw-s 00000000 00:06 888                        /dev/nvidiactl
7fa2b11ff000-7fa2b13ff000 rw-s 00000000 00:06 890                        /dev/nvidia0
7fa2b15ff000-7fa2b17ff000 rw-s 00000000 00:06 890                        /dev/nvidia0
7fa2b17ff000-7fa2b19ff000 rw-s 00000000 00:06 890                        /dev/nvidia0
7fa2b19ff000-7fa2b1bff000 rw-s 00000000 00:06 888                        /dev/nvidiactl
7fa2b1bff000-7fa2b2c00000 rw-p 00000000 00:00 0 
7fa2b2c0a000-7fa2b2e0a000 rw-s 00000000 00:06 888                        /dev/nvidiactl
7fa2b2e0a000-7fa2b300a000 rw-s 00000000 00:06 888                        /dev/nvidiactl
7fa2b300a000-7fa2b320a000 rw-s 00000000 00:06 888                        /dev/nvidiactl
7fa2b320a000-7fa2b4015000 rw-p 00000000 00:00 0 
7fa2b4015000-7fa2b6017000 rw-p 00000000 00:00 0 
7fa2b6174000-7fa2b6374000 rw-s 00000000 00:06 888                        /dev/nvidiactl
7fa2b6374000-7fa2b6600000 rw-p 00000000 00:00 0 
7fa2b6600000-7fa2b6800000 rw-s 00000000 00:06 890                        /dev/nvidia0
7fa2b6800000-7fa2b6a0b000 r--p 00000000 103:02 15469832                  /home/chromagor/.local/share/Steam/steamapps/common/Muck/Muck_Data/Managed/System.dll
7fa2b6a30000-7fa2b6c00000 rw-s 00000000 00:06 890                        /dev/nvidia0
7fa2b6c00000-7fa2b6c08000 r-xp 00000000 103:02 14957895                  /usr/lib/x86_64-linux-gnu/libogg.so.0.8.2
7fa2b6c08000-7fa2b6e07000 ---p 00008000 103:02 14957895                  /usr/lib/x86_64-linux-gnu/libogg.so.0.8.2
7fa2b6e07000-7fa2b6e08000 r--p 00007000 103:02 14957895                  /usr/lib/x86_64-linux-gnu/libogg.so.0.8.2
7fa2b6e08000-7fa2b6e09000 rw-p 00008000 103:02 14957895                  /usr/lib/x86_64-linux-gnu/libogg.so.0.8.2
7fa2b6e57000-7fa2b6ea3000 r--p 00000000 103:02 15469818                  /home/chromagor/.local/share/Steam/steamapps/common/Muck/Muck_Data/Managed/Mono.Security.dll
7fa2b6ea3000-7fa2b6ff7000 rw-p 00000000 00:00 0 
7fa2b6ff7000-7fa2c0000000 rw-p 00000000 00:00 0 
7fa2c0000000-7fa2c0f00000 rw-p 00000000 00:00 0 
7fa2c0f00000-7fa2c1100000 ---p 00000000 00:00 0 
7fa2c1100000-7fa2d0000000 ---p 00000000 00:00 0 
7fa2d0000000-7fa2d0200000 rw-s 00000000 00:06 888                        /dev/nvidiactl
7fa2d0200000-7fa2d0400000 rw-s 00000000 00:06 888                        /dev/nvidiactl
7fa2d0400000-7fa2d0405000 r-xp 00000000 103:02 14957346                  /usr/lib/x86_64-linux-gnu/libasyncns.so.0.3.1
7fa2d0405000-7fa2d0604000 ---p 00005000 103:02 14957346                  /usr/lib/x86_64-linux-gnu/libasyncns.so.0.3.1
7fa2d0604000-7fa2d0605000 r--p 00004000 103:02 14957346                  /usr/lib/x86_64-linux-gnu/libasyncns.so.0.3.1
7fa2d0605000-7fa2d0606000 rw-p 00005000 103:02 14957346                  /usr/lib/x86_64-linux-gnu/libasyncns.so.0.3.1
7fa2d0623000-7fa2d0800000 rw-p 00000000 00:00 0 
7fa2d0800000-7fa2d0805000 r-xp 00000000 103:02 14957946                  /usr/lib/x86_64-linux-gnu/libXtst.so.6.1.0
7fa2d0805000-7fa2d0a04000 ---p 00005000 103:02 14957946                  /usr/lib/x86_64-linux-gnu/libXtst.so.6.1.0
7fa2d0a04000-7fa2d0a05000 r--p 00004000 103:02 14957946                  /usr/lib/x86_64-linux-gnu/libXtst.so.6.1.0
7fa2d0a05000-7fa2d0a06000 rw-p 00005000 103:02 14957946                  /usr/lib/x86_64-linux-gnu/libXtst.so.6.1.0
7fa2d0a27000-7fa2d0ac0000 rw-p 00000000 00:00 0 
7fa2d0ac0000-7fa2d0b40000 rw-s 00000000 00:06 888                        /dev/nvidiactl
7fa2d0b40000-7fa2d0bc0000 rw-s 00000000 00:06 888                        /dev/nvidiactl
7fa2d0bc0000-7fa2d0c00000 rw-p 00000000 00:00 0 
7fa2d0c00000-7fa2d0c17000 r-xp 00000000 103:02 14957590                  /usr/lib/x86_64-linux-gnu/libICE.so.6.3.0
7fa2d0c17000-7fa2d0e17000 ---p 00017000 103:02 14957590                  /usr/lib/x86_64-linux-gnu/libICE.so.6.3.0
7fa2d0e17000-7fa2d0e18000 r--p 00017000 103:02 14957590                  /usr/lib/x86_64-linux-gnu/libICE.so.6.3.0
7fa2d0e18000-7fa2d0e19000 rw-p 00018000 103:02 14957590                  /usr/lib/x86_64-linux-gnu/libICE.so.6.3.0
7fa2d0e19000-7fa2d0e1d000 rw-p 00000000 00:00 0 
7fa2d0e35000-7fa2d0e75000 rw-p 00000000 00:00 0 
7fa2d0e75000-7fa2d0e77000 rw-p 00000000 00:00 0 
7fa2d0e77000-7fa2d0e7f000 ---p 00000000 00:00 0 
7fa2d0e7f000-7fa2d0ef6000 rw-p 00000000 00:00 0 
7fa2d0ef6000-7fa2d0ff9000 r--p 00000000 103:02 15469819                  /home/chromagor/.local/share/Steam/steamapps/common/Muck/Muck_Data/Managed/System.Core.dll
7fa2d0ff9000-7fa2d8000000 rw-p 00000000 00:00 0 
7fa2d8000000-7fa2d8021000 rw-p 00000000 00:00 0 
7fa2d8021000-7fa2dc000000 ---p 00000000 00:00 0 
7fa2dc02b000-7fa2dc814000 rw-s 00000000 00:06 888                        /dev/nvidiactl
7fa2dc814000-7fa2dcffd000 rw-s 00000000 00:06 888                        /dev/nvidiactl
7fa2dcffd000-7fa2e0000000 rw-p 00000000 00:00 0 
7fa2e0000000-7fa2e0021000 rw-p 00000000 00:00 0 
7fa2e0021000-7fa2e4000000 ---p 00000000 00:00 0 
7fa2e401a000-7fa2e4025000 r--p 00000000 103:02 15469826                  /home/chromagor/.local/share/Steam/steamapps/common/Muck/Muck_Data/Managed/System.Configuration.dll
7fa2e4025000-7fa2e4031000 rw-p 00000000 00:00 0 
7fa2e4031000-7fa2e4153000 rw-p 00000000 00:00 0 
7fa2e4153000-7fa2e4167000 r--p 00000000 103:02 14957933                  /usr/lib/x86_64-linux-gnu/libvorbisenc.so.2.0.11
7fa2e4167000-7fa2e416a000 r-xp 00014000 103:02 14957933                  /usr/lib/x86_64-linux-gnu/libvorbisenc.so.2.0.11
7fa2e416a000-7fa2e41e1000 r--p 00017000 103:02 14957933                  /usr/lib/x86_64-linux-gnu/libvorbisenc.so.2.0.11
7fa2e41e1000-7fa2e41fd000 r--p 0008d000 103:02 14957933                  /usr/lib/x86_64-linux-gnu/libvorbisenc.so.2.0.11
7fa2e41fd000-7fa2e41fe000 rw-p 000a9000 103:02 14957933                  /usr/lib/x86_64-linux-gnu/libvorbisenc.so.2.0.11
7fa2e41fe000-7fa2e43fe000 rw-s 00000000 00:06 888                        /dev/nvidiactl
7fa2e43fe000-7fa2e6400000 rw-p 00000000 00:00 0 
7fa2e6400000-7fa2e644c000 r-xp 00000000 103:02 15469895                  /home/chromagor/.local/share/Steam/steamapps/common/Muck/Muck_Data/Plugins/libsteam_api.so
7fa2e644c000-7fa2e664c000 ---p 0004c000 103:02 15469895                  /home/chromagor/.local/share/Steam/steamapps/common/Muck/Muck_Data/Plugins/libsteam_api.so
7fa2e664c000-7fa2e664e000 r--p 0004c000 103:02 15469895                  /home/chromagor/.local/share/Steam/steamapps/common/Muck/Muck_Data/Plugins/libsteam_api.so
7fa2e664e000-7fa2e664f000 rw-p 0004e000 103:02 15469895                  /home/chromagor/.local/share/Steam/steamapps/common/Muck/Muck_Data/Plugins/libsteam_api.so
7fa2e664f000-7fa2e6660000 rw-p 00000000 00:00 0 
7fa2e6661000-7fa2e6665000 rw-p 00000000 00:00 0 
7fa2e6665000-7fa2e6669000 r--p 00000000 103:02 14958539                  /usr/lib/x86_64-linux-gnu/libvorbis.so.0.4.8
7fa2e6669000-7fa2e667f000 r-xp 00004000 103:02 14958539                  /usr/lib/x86_64-linux-gnu/libvorbis.so.0.4.8
7fa2e667f000-7fa2e6690000 r--p 0001a000 103:02 14958539                  /usr/lib/x86_64-linux-gnu/libvorbis.so.0.4.8
7fa2e6690000-7fa2e6691000 ---p 0002b000 103:02 14958539                  /usr/lib/x86_64-linux-gnu/libvorbis.so.0.4.8
7fa2e6691000-7fa2e6692000 r--p 0002b000 103:02 14958539                  /usr/lib/x86_64-linux-gnu/libvorbis.so.0.4.8
7fa2e6692000-7fa2e6693000 rw-p 0002c000 103:02 14958539                  /usr/lib/x86_64-linux-gnu/libvorbis.so.0.4.8
7fa2e6693000-7fa2e669c000 r--p 00000000 103:02 14957777                  /usr/lib/x86_64-linux-gnu/libFLAC.so.8.3.0
7fa2e669c000-7fa2e66f2000 r-xp 00009000 103:02 14957777                  /usr/lib/x86_64-linux-gnu/libFLAC.so.8.3.0
7fa2e66f2000-7fa2e66fb000 r--p 0005f000 103:02 14957777                  /usr/lib/x86_64-linux-gnu/libFLAC.so.8.3.0
7fa2e66fb000-7fa2e66fd000 r--p 00067000 103:02 14957777                  /usr/lib/x86_64-linux-gnu/libFLAC.so.8.3.0
7fa2e66fd000-7fa2e66fe000 rw-p 00069000 103:02 14957777                  /usr/lib/x86_64-linux-gnu/libFLAC.so.8.3.0
7fa2e66fe000-7fa2e6705000 r--p 00000000 103:02 14958113                  /usr/lib/x86_64-linux-gnu/libsndfile.so.1.0.28
7fa2e6705000-7fa2e6757000 r-xp 00007000 103:02 14958113                  /usr/lib/x86_64-linux-gnu/libsndfile.so.1.0.28
7fa2e6757000-7fa2e6774000 r--p 00059000 103:02 14958113                  /usr/lib/x86_64-linux-gnu/libsndfile.so.1.0.28
7fa2e6774000-7fa2e6777000 r--p 00075000 103:02 14958113                  /usr/lib/x86_64-linux-gnu/libsndfile.so.1.0.28
7fa2e6777000-7fa2e6778000 rw-p 00078000 103:02 14958113                  /usr/lib/x86_64-linux-gnu/libsndfile.so.1.0.28
7fa2e6778000-7fa2e677a000 rw-p 00000000 00:00 0 
7fa2e677a000-7fa2e678e000 r--p 00000000 103:02 14958014                  /usr/lib/x86_64-linux-gnu/pulseaudio/libpulsecommon-12.2.so
7fa2e678e000-7fa2e67d6000 r-xp 00014000 103:02 14958014                  /usr/lib/x86_64-linux-gnu/pulseaudio/libpulsecommon-12.2.so
7fa2e67d6000-7fa2e67fc000 r--p 0005c000 103:02 14958014                  /usr/lib/x86_64-linux-gnu/pulseaudio/libpulsecommon-12.2.so
7fa2e67fc000-7fa2e67fd000 ---p 00082000 103:02 14958014                  /usr/lib/x86_64-linux-gnu/pulseaudio/libpulsecommon-12.2.so
7fa2e67fd000-7fa2e67ff000 r--p 00082000 103:02 14958014                  /usr/lib/x86_64-linux-gnu/pulseaudio/libpulsecommon-12.2.so
7fa2e67ff000-7fa2e6800000 rw-p 00084000 103:02 14958014                  /usr/lib/x86_64-linux-gnu/pulseaudio/libpulsecommon-12.2.so
7fa2e6800000-7fa2e6b54000 r-xp 00000000 103:02 15469894                  /home/chromagor/.local/share/Steam/steamapps/common/Muck/Muck_Data/MonoBleedingEdge/x86_64/libmonobdwgc-2.0.so
7fa2e6b54000-7fa2e6d54000 ---p 00354000 103:02 15469894                  /home/chromagor/.local/share/Steam/steamapps/common/Muck/Muck_Data/MonoBleedingEdge/x86_64/libmonobdwgc-2.0.so
7fa2e6d54000-7fa2e6d5b000 r--p 00354000 103:02 15469894                  /home/chromagor/.local/share/Steam/steamapps/common/Muck/Muck_Data/MonoBleedingEdge/x86_64/libmonobdwgc-2.0.so
7fa2e6d5b000-7fa2e6d61000 rw-p 0035b000 103:02 15469894                  /home/chromagor/.local/share/Steam/steamapps/common/Muck/Muck_Data/MonoBleedingEdge/x86_64/libmonobdwgc-2.0.so
7fa2e6d61000-7fa2e6f81000 rw-p 00000000 00:00 0 
7fa2e6f81000-7fa2e6f96000 r--p 00000000 103:02 15469821                  /home/chromagor/.local/share/Steam/steamapps/common/Muck/Muck_Data/Managed/netstandard.dll
7fa2e6f96000-7fa2e6f99000 r--p 00000000 103:02 33557890                  /run/host/usr/lib/libresolv.so.2
7fa2e6f99000-7fa2e6fa2000 r-xp 00003000 103:02 33557890                  /run/host/usr/lib/libresolv.so.2
7fa2e6fa2000-7fa2e6fa5000 r--p 0000c000 103:02 33557890                  /run/host/usr/lib/libresolv.so.2
7fa2e6fa5000-7fa2e6fa6000 r--p 0000f000 103:02 33557890                  /run/host/usr/lib/libresolv.so.2
7fa2e6fa6000-7fa2e6fa7000 rw-p 00010000 103:02 33557890                  /run/host/usr/lib/libresolv.so.2
7fa2e6fa7000-7fa2e6fa9000 rw-p 00000000 00:00 0 
7fa2e6fa9000-7fa2e6fad000 r--p 00000000 103:02 33557869                  /run/host/usr/lib/libnsl.so.1
7fa2e6fad000-7fa2e6fbb000 r-xp 00004000 103:02 33557869                  /run/host/usr/lib/libnsl.so.1
7fa2e6fbb000-7fa2e6fc1000 r--p 00012000 103:02 33557869                  /run/host/usr/lib/libnsl.so.1
7fa2e6fc1000-7fa2e6fc2000 r--p 00017000 103:02 33557869                  /run/host/usr/lib/libnsl.so.1
7fa2e6fc2000-7fa2e6fc3000 rw-p 00018000 103:02 33557869                  /run/host/usr/lib/libnsl.so.1
7fa2e6fc3000-7fa2e6fc5000 rw-p 00000000 00:00 0 
7fa2e6fc5000-7fa2e6fc7000 r--p 00000000 103:02 14957924                  /usr/lib/x86_64-linux-gnu/libuuid.so.1.3.0
7fa2e6fc7000-7fa2e6fcb000 r-xp 00002000 103:02 14957924                  /usr/lib/x86_64-linux-gnu/libuuid.so.1.3.0
7fa2e6fcb000-7fa2e6fcc000 r--p 00006000 103:02 14957924                  /usr/lib/x86_64-linux-gnu/libuuid.so.1.3.0
7fa2e6fcc000-7fa2e6fcd000 r--p 00006000 103:02 14957924                  /usr/lib/x86_64-linux-gnu/libuuid.so.1.3.0
7fa2e6fcd000-7fa2e6fce000 rw-p 00007000 103:02 14957924                  /usr/lib/x86_64-linux-gnu/libuuid.so.1.3.0
7fa2e6fce000-7fa2e6fd2000 r--p 00000000 103:02 14957607                  /usr/lib/x86_64-linux-gnu/libbsd.so.0.9.1
7fa2e6fd2000-7fa2e6fe1000 r-xp 00004000 103:02 14957607                  /usr/lib/x86_64-linux-gnu/libbsd.so.0.9.1
7fa2e6fe1000-7fa2e6fe4000 r--p 00013000 103:02 14957607                  /usr/lib/x86_64-linux-gnu/libbsd.so.0.9.1
7fa2e6fe4000-7fa2e6fe5000 ---p 00016000 103:02 14957607                  /usr/lib/x86_64-linux-gnu/libbsd.so.0.9.1
7fa2e6fe5000-7fa2e6fe6000 r--p 00016000 103:02 14957607                  /usr/lib/x86_64-linux-gnu/libbsd.so.0.9.1
7fa2e6fe6000-7fa2e6fe7000 rw-p 00017000 103:02 14957607                  /usr/lib/x86_64-linux-gnu/libbsd.so.0.9.1
7fa2e6fe7000-7fa2e6fe8000 rw-p 00000000 00:00 0 
7fa2e6fe8000-7fa2e6feb000 r--p 00000000 103:02 14958160                  /usr/lib/x86_64-linux-gnu/libwrap.so.0.7.6
7fa2e6feb000-7fa2e6ff0000 r-xp 00003000 103:02 14958160                  /usr/lib/x86_64-linux-gnu/libwrap.so.0.7.6
7fa2e6ff0000-7fa2e6ff2000 r--p 00008000 103:02 14958160                  /usr/lib/x86_64-linux-gnu/libwrap.so.0.7.6
7fa2e6ff2000-7fa2e6ff3000 r--p 00009000 103:02 14958160                  /usr/lib/x86_64-linux-gnu/libwrap.so.0.7.6
7fa2e6ff3000-7fa2e6ff4000 rw-p 0000a000 103:02 14958160                  /usr/lib/x86_64-linux-gnu/libwrap.so.0.7.6
7fa2e6ff4000-7fa2e6ff6000 r--p 00000000 103:02 14957996                  /usr/lib/x86_64-linux-gnu/libSM.so.6.0.1
7fa2e6ff6000-7fa2e6ffb000 r-xp 00002000 103:02 14957996                  /usr/lib/x86_64-linux-gnu/libSM.so.6.0.1
7fa2e6ffb000-7fa2e6ffd000 r--p 00007000 103:02 14957996                  /usr/lib/x86_64-linux-gnu/libSM.so.6.0.1
7fa2e6ffd000-7fa2e6ffe000 r--p 00008000 103:02 14957996                  /usr/lib/x86_64-linux-gnu/libSM.so.6.0.1
7fa2e6ffe000-7fa2e6fff000 rw-p 00009000 103:02 14957996                  /usr/lib/x86_64-linux-gnu/libSM.so.6.0.1
7fa2e6fff000-7fa2e8000000 rw-p 00000000 00:00 0 
7fa2e8000000-7fa2e8083000 rw-p 00000000 00:00 0 
7fa2e8083000-7fa2ec000000 ---p 00000000 00:00 0 
7fa2ec000000-7fa2ec00c000 r--p 00000000 103:02 14957894                  /usr/lib/x86_64-linux-gnu/libpulse.so.0.20.3
7fa2ec00c000-7fa2ec03b000 r-xp 0000c000 103:02 14957894                  /usr/lib/x86_64-linux-gnu/libpulse.so.0.20.3
7fa2ec03b000-7fa2ec050000 r--p 0003b000 103:02 14957894                  /usr/lib/x86_64-linux-gnu/libpulse.so.0.20.3
7fa2ec050000-7fa2ec051000 ---p 00050000 103:02 14957894                  /usr/lib/x86_64-linux-gnu/libpulse.so.0.20.3
7fa2ec051000-7fa2ec053000 r--p 00050000 103:02 14957894                  /usr/lib/x86_64-linux-gnu/libpulse.so.0.20.3
7fa2ec053000-7fa2ec054000 rw-p 00052000 103:02 14957894                  /usr/lib/x86_64-linux-gnu/libpulse.so.0.20.3
7fa2ec054000-7fa2ec056000 r--p 00000000 103:02 14957884                  /usr/lib/x86_64-linux-gnu/libpulse-simple.so.0.1.1
7fa2ec056000-7fa2ec058000 r-xp 00002000 103:02 14957884                  /usr/lib/x86_64-linux-gnu/libpulse-simple.so.0.1.1
7fa2ec058000-7fa2ec059000 r--p 00004000 103:02 14957884                  /usr/lib/x86_64-linux-gnu/libpulse-simple.so.0.1.1
7fa2ec059000-7fa2ec05a000 r--p 00004000 103:02 14957884                  /usr/lib/x86_64-linux-gnu/libpulse-simple.so.0.1.1
7fa2ec05a000-7fa2ec05b000 rw-p 00005000 103:02 14957884                  /usr/lib/x86_64-linux-gnu/libpulse-simple.so.0.1.1
7fa2ec05b000-7fa2ec05f000 rw-s 00000000 00:06 888                        /dev/nvidiactl
7fa2ec05f000-7fa2ec15f000 rw-s 00000000 00:06 888                        /dev/nvidiactl
7fa2ec15f000-7fa2ec19f000 rw-s 00000000 00:06 888                        /dev/nvidiactl
7fa2ec1bf000-7fa2ec1ff000 rw-s 00000000 00:06 888                        /dev/nvidiactl
7fa2ec1ff000-7fa2ec201000 rw-p 00000000 00:00 0 
7fa2ec201000-7fa2ec209000 ---p 00000000 00:00 0 
7fa2ec209000-7fa2ec400000 rw-p 00000000 00:00 0 
7fa2ec400000-7fa2ec7ba000 r--p 00000000 103:02 15469816                  /home/chromagor/.local/share/Steam/steamapps/common/Muck/Muck_Data/Managed/mscorlib.dll
7fa2ec7bd000-7fa2ec83d000 rw-s 00000000 00:06 888                        /dev/nvidiactl
7fa2ec83d000-7fa2ec8bd000 rw-s 00000000 00:06 888                        /dev/nvidiactl
7fa2ec8bd000-7fa2ecabd000 rw-s 00000000 00:06 888                        /dev/nvidiactl
7fa2ecabd000-7fa2ecadd000 rw-s 00000000 00:06 888                        /dev/nvidiactl
7fa2ecadd000-7fa2ecb1d000 rw-s 00000000 00:06 888                        /dev/nvidiactl
7fa2ecb1d000-7fa2ecb1e000 rw-p 00000000 00:00 0 
7fa2ecb1e000-7fa2ecb7d000 ---p 00000000 00:00 0 
7fa2ecb7d000-7fa2ecbfd000 rw-p 00000000 00:00 0 
7fa2ecbfd000-7fa2ecdfd000 rw-s 00000000 00:06 888                        /dev/nvidiactl
7fa2ecdfd000-7fa2ecffd000 rw-s 00000000 00:06 890                        /dev/nvidia0
7fa2ecffd000-7fa2f0000000 rw-p 00000000 00:00 0 
7fa2f0000000-7fa2f0021000 rw-p 00000000 00:00 0 
7fa2f0021000-7fa2f4000000 ---p 00000000 00:00 0 
7fa2f4000000-7fa2f4021000 rw-p 00000000 00:00 0 
7fa2f4021000-7fa2f8000000 ---p 00000000 00:00 0 
7fa2f8000000-7fa2f8021000 rw-p 00000000 00:00 0 
7fa2f8021000-7fa2fc000000 ---p 00000000 00:00 0 
7fa2fc000000-7fa2fc021000 rw-p 00000000 00:00 0 
7fa2fc021000-7fa300000000 ---p 00000000 00:00 0 
7fa300002000-7fa300015000 rw-s 00000000 00:06 888                        /dev/nvidiactl
7fa300015000-7fa300017000 rw-s 00000000 00:06 888                        /dev/nvidiactl
7fa300017000-7fa300037000 rw-s 00000000 00:06 888                        /dev/nvidiactl
7fa300037000-7fa3000b7000 rw-p 00000000 00:00 0 
7fa3000b7000-7fa3000ba000 r--p 00000000 103:02 33571693                  /run/host/usr/lib/libcap.so.2.77
7fa3000ba000-7fa3000bf000 r-xp 00003000 103:02 33571693                  /run/host/usr/lib/libcap.so.2.77
7fa3000bf000-7fa3000c1000 r--p 00008000 103:02 33571693                  /run/host/usr/lib/libcap.so.2.77
7fa3000c1000-7fa3000c2000 r--p 00009000 103:02 33571693                  /run/host/usr/lib/libcap.so.2.77
7fa3000c2000-7fa3000c3000 rw-p 0000a000 103:02 33571693                  /run/host/usr/lib/libcap.so.2.77
7fa3000c3000-7fa3000c8000 r--p 00000000 103:02 33570369                  /run/host/usr/lib/libudev.so.1.7.11
7fa3000c8000-7fa3000f1000 r-xp 00005000 103:02 33570369                  /run/host/usr/lib/libudev.so.1.7.11
7fa3000f1000-7fa300105000 r--p 0002e000 103:02 33570369                  /run/host/usr/lib/libudev.so.1.7.11
7fa300105000-7fa30010a000 r--p 00042000 103:02 33570369                  /run/host/usr/lib/libudev.so.1.7.11
7fa30010a000-7fa30010b000 rw-p 00047000 103:02 33570369                  /run/host/usr/lib/libudev.so.1.7.11
7fa30010b000-7fa30018b000 rw-s 00000000 00:06 888                        /dev/nvidiactl
7fa30018b000-7fa3002cc000 rw-s 00000000 103:02 15473356                  /home/chromagor/.local/share/Steam/steamapps/shadercache/1625450/mesa_shader_cache_sf/a59c36c74768656f0c1faba9a7173a6761cbae10/zink/index
7fa3002cc000-7fa3004cc000 rw-s 00000000 00:06 888                        /dev/nvidiactl
7fa3004cc000-7fa300bbd000 rw-p 00000000 00:00 0 
7fa300bbd000-7fa302bbf000 rw-p 00000000 00:00 0 
7fa302bbf000-7fa302c3f000 rw-s 00000000 00:06 888                        /dev/nvidiactl
7fa302c3f000-7fa302d3f000 rw-s 00000000 00:06 888                        /dev/nvidiactl
7fa302d3f000-7fa302d7f000 rw-s 00000000 00:06 888                        /dev/nvidiactl
7fa302d7f000-7fa302d9f000 rw-s 00000000 00:06 888                        /dev/nvidiactl
7fa302d9f000-7fa302ddf000 rw-s 00000000 00:06 888                        /dev/nvidiactl
7fa302ddf000-7fa302dff000 rw-s 00000000 00:06 888                        /dev/nvidiactl
7fa302dff000-7fa302fff000 rw-s 00000000 00:06 888                        /dev/nvidiactl
7fa302fff000-7fa304000000 rw-p 00000000 00:00 0 
7fa304000000-7fa304021000 rw-p 00000000 00:00 0 
7fa304021000-7fa308000000 ---p 00000000 00:00 0 
7fa308000000-7fa308001000 rw-s 00000000 00:06 890                        /dev/nvidia0
7fa308001000-7fa308002000 rw-s 00000000 00:06 890                        /dev/nvidia0
7fa308002000-7fa308009000 r--s 00000000 103:02 33608774                  /run/host/usr/lib/gconv/gconv-modules.cache
7fa308009000-7fa30801c000 rw-s 00000000 00:06 888                        /dev/nvidiactl
7fa30801c000-7fa30811c000 rw-s 00000000 00:06 888                        /dev/nvidiactl
7fa30811c000-7fa30815c000 rw-s 00000000 00:06 888                        /dev/nvidiactl
7fa30815c000-7fa30817c000 rw-s 00000000 00:06 888                        /dev/nvidiactl
7fa30817c000-7fa3081bc000 rw-s 00000000 00:06 888                        /dev/nvidiactl
7fa3081bc000-7fa3091bd000 rw-p 00000000 00:00 0 
7fa3091bd000-7fa3092bd000 rw-s 00000000 00:06 888                        /dev/nvidiactl
7fa3092bd000-7fa3092fd000 rw-s 00000000 00:06 888                        /dev/nvidiactl
7fa3092fd000-7fa30b2ff000 rw-p 00000000 00:00 0 
7fa30b2ff000-7fa30b3ff000 rw-s 00000000 00:06 888                        /dev/nvidiactl
7fa30b3ff000-7fa30c400000 rw-p 00000000 00:00 0 
7fa30c400000-7fa30c431000 r--p 00000000 103:02 33606595                  /run/host/usr/lib/libnvidia-glvkspirv.so.580.105.08
7fa30c431000-7fa30cb4f000 r-xp 00031000 103:02 33606595                  /run/host/usr/lib/libnvidia-glvkspirv.so.580.105.08
7fa30cb4f000-7fa30cc80000 r--p 0074f000 103:02 33606595                  /run/host/usr/lib/libnvidia-glvkspirv.so.580.105.08
7fa30cc80000-7fa30cc81000 ---p 00880000 103:02 33606595                  /run/host/usr/lib/libnvidia-glvkspirv.so.580.105.08
7fa30cc81000-7fa30cc92000 r--p 00880000 103:02 33606595                  /run/host/usr/lib/libnvidia-glvkspirv.so.580.105.08
7fa30cc92000-7fa30cd1d000 rw-p 00891000 103:02 33606595                  /run/host/usr/lib/libnvidia-glvkspirv.so.580.105.08
7fa30cd1d000-7fa30cd32000 rw-p 00000000 00:00 0 
7fa30cd32000-7fa30cd33000 rw-s 00000000 00:06 890                        /dev/nvidia0
7fa30cd33000-7fa30cd37000 rw-p 00000000 00:00 0 
7fa30cd37000-7fa30cd4a000 rw-s 00000000 00:06 888                        /dev/nvidiactl
7fa30cd6a000-7fa30cd8a000 rw-s 00000000 00:06 888                        /dev/nvidiactl
7fa30cd8a000-7fa30ce0a000 rw-s 00000000 00:06 888                        /dev/nvidiactl
7fa30ce0a000-7fa30ce8a000 rw-s 00000000 00:06 888                        /dev/nvidiactl
7fa30ce8a000-7fa30ceac000 r--p 00000000 103:02 15349340                  /home/chromagor/.local/share/Steam/ubuntu12_64/steamoverlayvulkanlayer.so
7fa30ceac000-7fa30cf06000 r-xp 00021000 103:02 15349340                  /home/chromagor/.local/share/Steam/ubuntu12_64/steamoverlayvulkanlayer.so
7fa30cf06000-7fa30cf0b000 r--p 0007a000 103:02 15349340                  /home/chromagor/.local/share/Steam/ubuntu12_64/steamoverlayvulkanlayer.so
7fa30cf0b000-7fa30cf18000 rw-p 0007e000 103:02 15349340                  /home/chromagor/.local/share/Steam/ubuntu12_64/steamoverlayvulkanlayer.so
7fa30cf18000-7fa30cf1a000 rw-p 00000000 00:00 0 
7fa30cf1a000-7fa30cf4d000 r--p 00000000 103:02 15349338                  /home/chromagor/.local/share/Steam/ubuntu12_64/libVkLayer_steam_fossilize.so
7fa30cf4d000-7fa30cff8000 r-xp 00032000 103:02 15349338                  /home/chromagor/.local/share/Steam/ubuntu12_64/libVkLayer_steam_fossilize.so
7fa30cff8000-7fa30cffd000 r--p 000dc000 103:02 15349338                  /home/chromagor/.local/share/Steam/ubuntu12_64/libVkLayer_steam_fossilize.so
7fa30cffd000-7fa30cffe000 rw-p 000e0000 103:02 15349338                  /home/chromagor/.local/share/Steam/ubuntu12_64/libVkLayer_steam_fossilize.so
7fa30cffe000-7fa30d000000 rw-p 00000000 00:00 0 
7fa30d000000-7fa30d2ab000 r--p 00000000 103:02 33606599                  /run/host/usr/lib/libnvidia-gpucomp.so.580.105.08
7fa30d2ab000-7fa310398000 r-xp 002ab000 103:02 33606599                  /run/host/usr/lib/libnvidia-gpucomp.so.580.105.08
7fa310398000-7fa311208000 r--p 03398000 103:02 33606599                  /run/host/usr/lib/libnvidia-gpucomp.so.580.105.08
7fa311208000-7fa311209000 ---p 04208000 103:02 33606599                  /run/host/usr/lib/libnvidia-gpucomp.so.580.105.08
7fa311209000-7fa3113e0000 r--p 04208000 103:02 33606599                  /run/host/usr/lib/libnvidia-gpucomp.so.580.105.08
7fa3113e0000-7fa3114eb000 rw-p 043df000 103:02 33606599                  /run/host/usr/lib/libnvidia-gpucomp.so.580.105.08
7fa3114eb000-7fa31158b000 rw-p 00000000 00:00 0 
7fa31158b000-7fa31158c000 rw-s 00000000 00:06 890                        /dev/nvidia0
7fa31158c000-7fa31158d000 rw-s 00000000 00:06 890                        /dev/nvidia0
7fa31158d000-7fa3115a0000 rw-s 00000000 00:06 888                        /dev/nvidiactl
7fa3115a0000-7fa3115e0000 rw-s 00000000 00:06 888                        /dev/nvidiactl
7fa3115e0000-7fa311600000 rw-s 00000000 00:06 888                        /dev/nvidiactl
7fa311600000-7fa311859000 r-xp 00000000 103:02 33606590                  /run/host/usr/lib/libnvidia-glcore.so.580.105.08
7fa311859000-7fa31187a000 rwxp 00259000 103:02 33606590                  /run/host/usr/lib/libnvidia-glcore.so.580.105.08
7fa31187a000-7fa311a00000 r-xp 0027a000 103:02 33606590                  /run/host/usr/lib/libnvidia-glcore.so.580.105.08
7fa311a00000-7fa312600000 r-xp 00400000 103:02 33606590                  /run/host/usr/lib/libnvidia-glcore.so.580.105.08
7fa312600000-7fa313777000 r-xp 01000000 103:02 33606590                  /run/host/usr/lib/libnvidia-glcore.so.580.105.08
7fa313777000-7fa3138f2000 r--p 02176000 103:02 33606590                  /run/host/usr/lib/libnvidia-glcore.so.580.105.08
7fa3138f2000-7fa313955000 rw-p 022f1000 103:02 33606590                  /run/host/usr/lib/libnvidia-glcore.so.580.105.08
7fa313955000-7fa313974000 rw-p 00000000 00:00 0 
7fa313974000-7fa313975000 rw-s 00000000 00:06 888                        /dev/nvidiactl
7fa313975000-7fa313979000 rw-p 00000000 00:00 0 
7fa313979000-7fa31397a000 rw-s 00000000 00:19 37995                      /dev/shm/mono.16054
7fa31397a000-7fa31397b000 r-xp 00000000 00:00 0 
7fa31397b000-7fa31397c000 r--p 00000000 00:00 0 
7fa31397c000-7fa31397d000 r-xp 00000000 00:00 0 
7fa31397d000-7fa31397e000 r--p 00000000 00:00 0 
7fa31397e000-7fa31397f000 r-xp 00000000 00:00 0 
7fa31397f000-7fa313980000 r--p 00000000 00:00 0 
7fa313980000-7fa3139c0000 rw-s 00000000 00:06 888                        /dev/nvidiactl
7fa3139c0000-7fa313a00000 rw-s 00000000 00:06 888                        /dev/nvidiactl
7fa313a00000-7fa313f3e000 r--p 00000000 103:02 33594734                  /run/host/usr/lib/libLLVM.so.21.1
7fa313f3e000-7fa319757000 r-xp 0053e000 103:02 33594734                  /run/host/usr/lib/libLLVM.so.21.1
7fa319757000-7fa31cd81000 r--p 05d57000 103:02 33594734                  /run/host/usr/lib/libLLVM.so.21.1
7fa31cd81000-7fa31cf8a000 r--p 09380000 103:02 33594734                  /run/host/usr/lib/libLLVM.so.21.1
7fa31cf8a000-7fa31cfcf000 rw-p 09589000 103:02 33594734                  /run/host/usr/lib/libLLVM.so.21.1
7fa31cfcf000-7fa31d097000 rw-p 00000000 00:00 0 
7fa31d097000-7fa31d098000 rw-s 00000000 00:06 888                        /dev/nvidiactl
7fa31d098000-7fa31d0b8000 rw-s 00000000 00:06 888                        /dev/nvidiactl
7fa31d0b8000-7fa31d0bb000 r--p 00000000 103:02 33606569                  /run/host/usr/lib/libnvidia-allocator.so.580.105.08
7fa31d0bb000-7fa31d0d4000 r-xp 00003000 103:02 33606569                  /run/host/usr/lib/libnvidia-allocator.so.580.105.08
7fa31d0d4000-7fa31d0df000 r--p 0001c000 103:02 33606569                  /run/host/usr/lib/libnvidia-allocator.so.580.105.08
7fa31d0df000-7fa31d0e0000 r--p 00026000 103:02 33606569                  /run/host/usr/lib/libnvidia-allocator.so.580.105.08
7fa31d0e0000-7fa31d0e1000 rw-p 00027000 103:02 33606569                  /run/host/usr/lib/libnvidia-allocator.so.580.105.08
7fa31d0e1000-7fa31d0e2000 rw-p 00000000 00:00 0 
7fa31d0e2000-7fa31d0ee000 r--p 00000000 103:02 14957758                  /usr/lib/x86_64-linux-gnu/libgcrypt.so.20.2.4
7fa31d0ee000-7fa31d1bc000 r-xp 0000c000 103:02 14957758                  /usr/lib/x86_64-linux-gnu/libgcrypt.so.20.2.4
7fa31d1bc000-7fa31d1f9000 r--p 000da000 103:02 14957758                  /usr/lib/x86_64-linux-gnu/libgcrypt.so.20.2.4
7fa31d1f9000-7fa31d1fb000 r--p 00116000 103:02 14957758                  /usr/lib/x86_64-linux-gnu/libgcrypt.so.20.2.4
7fa31d1fb000-7fa31d200000 rw-p 00118000 103:02 14957758                  /usr/lib/x86_64-linux-gnu/libgcrypt.so.20.2.4
7fa31d200000-7fa31d219000 r--p 00000000 103:02 33607184                  /run/host/usr/lib/libgallium-25.3.1-arch1.2.so
7fa31d219000-7fa31ecb1000 r-xp 00019000 103:02 33607184                  /run/host/usr/lib/libgallium-25.3.1-arch1.2.so
7fa31ecb1000-7fa31fca8000 r--p 01ab1000 103:02 33607184                  /run/host/usr/lib/libgallium-25.3.1-arch1.2.so
7fa31fca8000-7fa31fdc8000 r--p 02aa8000 103:02 33607184                  /run/host/usr/lib/libgallium-25.3.1-arch1.2.so
7fa31fdc8000-7fa31fde9000 rw-p 02bc8000 103:02 33607184                  /run/host/usr/lib/libgallium-25.3.1-arch1.2.so
7fa31fde9000-7fa31ffb4000 rw-p 00000000 00:00 0 
7fa31ffb4000-7fa31ffb5000 r-xp 00000000 00:00 0 
7fa31ffb5000-7fa31ffb6000 r--p 00000000 00:00 0 
7fa31ffb6000-7fa31ffb7000 rw-s 00000000 00:06 888                        /dev/nvidiactl
7fa31ffb7000-7fa31ffb8000 rw-s 00000000 00:06 888                        /dev/nvidiactl
7fa31ffb8000-7fa31ffb9000 rw-s 00000000 00:06 890                        /dev/nvidia0
7fa31ffb9000-7fa31ffbb000 rw-s 00000000 00:06 888                        /dev/nvidiactl
7fa31ffbb000-7fa31ffbc000 rw-s 00000000 00:06 890                        /dev/nvidia0
7fa31ffbc000-7fa31ffbd000 rw-s 00000000 00:06 890                        /dev/nvidia0
7fa31ffbd000-7fa31ffdd000 rw-s 00000000 00:06 888                        /dev/nvidiactl
7fa31ffdd000-7fa31ffe1000 r--p 00000000 103:02 14957578                  /usr/lib/x86_64-linux-gnu/libgpg-error.so.0.26.1
7fa31ffe1000-7fa31fff4000 r-xp 00004000 103:02 14957578                  /usr/lib/x86_64-linux-gnu/libgpg-error.so.0.26.1
7fa31fff4000-7fa31fffd000 r--p 00017000 103:02 14957578                  /usr/lib/x86_64-linux-gnu/libgpg-error.so.0.26.1
7fa31fffd000-7fa31fffe000 ---p 00020000 103:02 14957578                  /usr/lib/x86_64-linux-gnu/libgpg-error.so.0.26.1
7fa31fffe000-7fa31ffff000 r--p 00020000 103:02 14957578                  /usr/lib/x86_64-linux-gnu/libgpg-error.so.0.26.1
7fa31ffff000-7fa320000000 rw-p 00021000 103:02 14957578                  /usr/lib/x86_64-linux-gnu/libgpg-error.so.0.26.1
7fa320000000-7fa320400000 rw-p 00000000 00:00 0 
7fa320400000-7fa330000000 ---p 00000000 00:00 0 
7fa330000000-7fa330400000 rw-p 00000000 00:00 0 
7fa330400000-7fa340000000 ---p 00000000 00:00 0 
7fa340000000-7fa340800000 rw-p 00000000 00:00 0 
7fa340800000-7fa350000000 ---p 00000000 00:00 0 
7fa350000000-7fa351c00000 rw-p 00000000 00:00 0 
7fa351c00000-7fa360000000 ---p 00000000 00:00 0 
7fa360000000-7fa360111000 rw-p 00000000 00:00 0 
7fa360111000-7fa360200000 ---p 00000000 00:00 0 
7fa360200000-7fa360240000 rw-p 00000000 00:00 0 
7fa360240000-7fa360280000 ---p 00000000 00:00 0 
7fa360280000-7fa3602c0000 rw-p 00000000 00:00 0 
7fa3602c0000-7fa360300000 ---p 00000000 00:00 0 
7fa360300000-7fa360340000 rw-p 00000000 00:00 0 
7fa360340000-7fa360380000 ---p 00000000 00:00 0 
7fa360380000-7fa360388000 rw-p 00000000 00:00 0 
7fa360388000-7fa360390000 ---p 00000000 00:00 0 
7fa360390000-7fa360398000 rw-p 00000000 00:00 0 
7fa360398000-7fa3603a0000 ---p 00000000 00:00 0 
7fa3603a0000-7fa3603a8000 rw-p 00000000 00:00 0 
7fa3603a8000-7fa3603b0000 ---p 00000000 00:00 0 
7fa3603b0000-7fa3603b8000 rw-p 00000000 00:00 0 
7fa3603b8000-7fa3603c0000 ---p 00000000 00:00 0 
7fa3603c0000-7fa3603c8000 rw-p 00000000 00:00 0 
7fa3603c8000-7fa3603d0000 ---p 00000000 00:00 0 
7fa3603d0000-7fa3603d8000 rw-p 00000000 00:00 0 
7fa3603d8000-7fa3603e0000 ---p 00000000 00:00 0 
7fa3603e0000-7fa3603e8000 rw-p 00000000 00:00 0 
7fa3603e8000-7fa3603f0000 ---p 00000000 00:00 0 
7fa3603f0000-7fa3603f8000 rw-p 00000000 00:00 0 
7fa3603f8000-7fa360400000 ---p 00000000 00:00 0 
7fa360400000-7fa360408000 rw-p 00000000 00:00 0 
7fa360408000-7fa360410000 ---p 00000000 00:00 0 
7fa360410000-7fa360418000 rw-p 00000000 00:00 0 
7fa360418000-7fa360420000 ---p 00000000 00:00 0 
7fa360420000-7fa360428000 rw-p 00000000 00:00 0 
7fa360428000-7fa360430000 ---p 00000000 00:00 0 
7fa360430000-7fa360438000 rw-p 00000000 00:00 0 
7fa360438000-7fa360440000 ---p 00000000 00:00 0 
7fa360440000-7fa360448000 rw-p 00000000 00:00 0 
7fa360448000-7fa360450000 ---p 00000000 00:00 0 
7fa360450000-7fa360458000 rw-p 00000000 00:00 0 
7fa360458000-7fa360460000 ---p 00000000 00:00 0 
7fa360460000-7fa360468000 rw-p 00000000 00:00 0 
7fa360468000-7fa360470000 ---p 00000000 00:00 0 
7fa360470000-7fa360478000 rw-p 00000000 00:00 0 
7fa360478000-7fa360480000 ---p 00000000 00:00 0 
7fa360480000-7fa360490000 rw-p 00000000 00:00 0 
7fa360490000-7fa3604a0000 ---p 00000000 00:00 0 
7fa3604a0000-7fa3604e0000 rw-p 00000000 00:00 0 
7fa3604e0000-7fa360520000 ---p 00000000 00:00 0 
7fa360520000-7fa36059b000 rw-p 00000000 00:00 0 
7fa36059b000-7fa370000000 ---p 00000000 00:00 0 
7fa370000000-7fa370401000 rw-p 00000000 00:00 0 
7fa370401000-7fa380000000 ---p 00000000 00:00 0 
7fa380000000-7fa383f02000 rw-p 00000000 00:00 0 
7fa383f02000-7fa390000000 ---p 00000000 00:00 0 
7fa390000000-7fa390202000 rw-p 00000000 00:00 0 
7fa390202000-7fa3a0000000 ---p 00000000 00:00 0 
7fa3a0000000-7fa3a0102000 rw-p 00000000 00:00 0 
7fa3a0102000-7fa3b0000000 ---p 00000000 00:00 0 
7fa3b0000000-7fa3b0302000 rw-p 00000000 00:00 0 
7fa3b0302000-7fa3c0000000 ---p 00000000 00:00 0 
7fa3c0000000-7fa3c0100000 rw-p 00000000 00:00 0 
7fa3c0100000-7fa3d0000000 ---p 00000000 00:00 0 
7fa3d0000000-7fa3d0001000 rw-s 00000000 00:06 888                        /dev/nvidiactl
7fa3d0001000-7fa3d0005000 rw-s 00000000 00:06 888                        /dev/nvidiactl
7fa3d0005000-7fa3d0006000 rw-s 00000000 00:06 890                        /dev/nvidia0
7fa3d0006000-7fa3d0008000 rw-s 00000000 00:06 888                        /dev/nvidiactl
7fa3d0008000-7fa3d0009000 rw-s 00000000 00:06 890                        /dev/nvidia0
7fa3d0009000-7fa3d000a000 rw-s 00000000 00:06 890                        /dev/nvidia0
7fa3d000a000-7fa3d000c000 rw-s 00000000 00:06 888                        /dev/nvidiactl
7fa3d000c000-7fa3d000f000 r--p 00000000 103:02 14958006                  /usr/lib/x86_64-linux-gnu/liblzma.so.5.2.4
7fa3d000f000-7fa3d0027000 r-xp 00003000 103:02 14958006                  /usr/lib/x86_64-linux-gnu/liblzma.so.5.2.4
7fa3d0027000-7fa3d0032000 r--p 0001b000 103:02 14958006                  /usr/lib/x86_64-linux-gnu/liblzma.so.5.2.4
7fa3d0032000-7fa3d0033000 r--p 00025000 103:02 14958006                  /usr/lib/x86_64-linux-gnu/liblzma.so.5.2.4
7fa3d0033000-7fa3d0034000 rw-p 00026000 103:02 14958006                  /usr/lib/x86_64-linux-gnu/liblzma.so.5.2.4
7fa3d0034000-7fa3d0044000 r--p 00000000 103:02 14957932                  /usr/lib/x86_64-linux-gnu/libsystemd.so.0.25.0
7fa3d0044000-7fa3d00ae000 r-xp 00010000 103:02 14957932                  /usr/lib/x86_64-linux-gnu/libsystemd.so.0.25.0
7fa3d00ae000-7fa3d00cf000 r--p 0007a000 103:02 14957932                  /usr/lib/x86_64-linux-gnu/libsystemd.so.0.25.0
7fa3d00cf000-7fa3d00d0000 ---p 0009b000 103:02 14957932                  /usr/lib/x86_64-linux-gnu/libsystemd.so.0.25.0
7fa3d00d0000-7fa3d00d3000 r--p 0009b000 103:02 14957932                  /usr/lib/x86_64-linux-gnu/libsystemd.so.0.25.0
7fa3d00d3000-7fa3d00d4000 rw-p 0009e000 103:02 14957932                  /usr/lib/x86_64-linux-gnu/libsystemd.so.0.25.0
7fa3d00d4000-7fa3d00d5000 rw-p 00000000 00:00 0 
7fa3d00d5000-7fa3d0126000 r--p 00000000 103:02 33596249                  /run/host/usr/lib/libGLX_nvidia.so.580.105.08
7fa3d0126000-7fa3d0183000 r-xp 00051000 103:02 33596249                  /run/host/usr/lib/libGLX_nvidia.so.580.105.08
7fa3d0183000-7fa3d01b8000 rwxp 000ae000 103:02 33596249                  /run/host/usr/lib/libGLX_nvidia.so.580.105.08
7fa3d01b8000-7fa3d01b9000 r-xp 000e3000 103:02 33596249                  /run/host/usr/lib/libGLX_nvidia.so.580.105.08
7fa3d01b9000-7fa3d01d9000 r--p 000e4000 103:02 33596249                  /run/host/usr/lib/libGLX_nvidia.so.580.105.08
7fa3d01d9000-7fa3d01f9000 r--p 00103000 103:02 33596249                  /run/host/usr/lib/libGLX_nvidia.so.580.105.08
7fa3d01f9000-7fa3d01fe000 rw-p 00123000 103:02 33596249                  /run/host/usr/lib/libGLX_nvidia.so.580.105.08
7fa3d01fe000-7fa3d0200000 rw-p 00000000 00:00 0 
7fa3d0200000-7fa3d2194000 r--p 00000000 103:02 33573277                  /run/host/usr/lib/libicudata.so.78.1
7fa3d2194000-7fa3d2195000 r--p 01f93000 103:02 33573277                  /run/host/usr/lib/libicudata.so.78.1
7fa3d2195000-7fa3d2196000 rw-s 00000000 00:06 888                        /dev/nvidiactl
7fa3d2196000-7fa3d219a000 rw-s 00000000 00:06 888                        /dev/nvidiactl
7fa3d219a000-7fa3d21ad000 rw-s 00000000 00:06 888                        /dev/nvidiactl
7fa3d21ad000-7fa3d21ba000 r--p 00000000 103:02 14957472                  /usr/lib/x86_64-linux-gnu/libdbus-1.so.3.19.17
7fa3d21ba000-7fa3d21e8000 r-xp 0000d000 103:02 14957472                  /usr/lib/x86_64-linux-gnu/libdbus-1.so.3.19.17
7fa3d21e8000-7fa3d21fd000 r--p 0003b000 103:02 14957472                  /usr/lib/x86_64-linux-gnu/libdbus-1.so.3.19.17
7fa3d21fd000-7fa3d21ff000 r--p 0004f000 103:02 14957472                  /usr/lib/x86_64-linux-gnu/libdbus-1.so.3.19.17
7fa3d21ff000-7fa3d2200000 rw-p 00051000 103:02 14957472                  /usr/lib/x86_64-linux-gnu/libdbus-1.so.3.19.17
7fa3d2200000-7fa3d2248000 r--p 00000000 103:02 33573294                  /run/host/usr/lib/libicuuc.so.78.1
7fa3d2248000-7fa3d2365000 r-xp 00048000 103:02 33573294                  /run/host/usr/lib/libicuuc.so.78.1
7fa3d2365000-7fa3d23f8000 r--p 00165000 103:02 33573294                  /run/host/usr/lib/libicuuc.so.78.1
7fa3d23f8000-7fa3d240b000 r--p 001f8000 103:02 33573294                  /run/host/usr/lib/libicuuc.so.78.1
7fa3d240b000-7fa3d240c000 rw-p 0020b000 103:02 33573294                  /run/host/usr/lib/libicuuc.so.78.1
7fa3d240c000-7fa3d240e000 rw-p 00000000 00:00 0 
7fa3d240e000-7fa3d240f000 rw-s 00000000 00:06 890                        /dev/nvidia0
7fa3d240f000-7fa3d2410000 rw-s 00000000 00:06 890                        /dev/nvidia0
7fa3d2410000-7fa3d2412000 r--p 00000000 103:02 14957808                  /usr/lib/x86_64-linux-gnu/liblz4.so.1.8.3
7fa3d2412000-7fa3d242a000 r-xp 00002000 103:02 14957808                  /usr/lib/x86_64-linux-gnu/liblz4.so.1.8.3
7fa3d242a000-7fa3d242d000 r--p 0001a000 103:02 14957808                  /usr/lib/x86_64-linux-gnu/liblz4.so.1.8.3
7fa3d242d000-7fa3d242e000 r--p 0001c000 103:02 14957808                  /usr/lib/x86_64-linux-gnu/liblz4.so.1.8.3
7fa3d242e000-7fa3d242f000 rw-p 0001d000 103:02 14957808                  /usr/lib/x86_64-linux-gnu/liblz4.so.1.8.3
7fa3d242f000-7fa3d243f000 r--p 00000000 103:02 33606592                  /run/host/usr/lib/libnvidia-glsi.so.580.105.08
7fa3d243f000-7fa3d249f000 r-xp 00010000 103:02 33606592                  /run/host/usr/lib/libnvidia-glsi.so.580.105.08
7fa3d249f000-7fa3d24bc000 r--p 00070000 103:02 33606592                  /run/host/usr/lib/libnvidia-glsi.so.580.105.08
7fa3d24bc000-7fa3d24c2000 r--p 0008c000 103:02 33606592                  /run/host/usr/lib/libnvidia-glsi.so.580.105.08
7fa3d24c2000-7fa3d24c3000 rw-p 00092000 103:02 33606592                  /run/host/usr/lib/libnvidia-glsi.so.580.105.08
7fa3d24c3000-7fa3d24cb000 rw-p 00000000 00:00 0 
7fa3d24cb000-7fa3d24e5000 r--p 00000000 103:02 33573371                  /run/host/usr/lib/libxml2.so.16.1.1
7fa3d24e5000-7fa3d25b8000 r-xp 0001a000 103:02 33573371                  /run/host/usr/lib/libxml2.so.16.1.1
7fa3d25b8000-7fa3d25f5000 r--p 000ed000 103:02 33573371                  /run/host/usr/lib/libxml2.so.16.1.1
7fa3d25f5000-7fa3d25fe000 r--p 0012a000 103:02 33573371                  /run/host/usr/lib/libxml2.so.16.1.1
7fa3d25fe000-7fa3d25ff000 rw-p 00133000 103:02 33573371                  /run/host/usr/lib/libxml2.so.16.1.1
7fa3d25ff000-7fa3d2600000 rw-p 00000000 00:00 0 
7fa3d2600000-7fa3d2697000 r--p 00000000 103:02 33558689                  /run/host/usr/lib/libstdc++.so.6.0.34
7fa3d2697000-7fa3d27ec000 r-xp 00097000 103:02 33558689                  /run/host/usr/lib/libstdc++.so.6.0.34
7fa3d27ec000-7fa3d287e000 r--p 001ec000 103:02 33558689                  /run/host/usr/lib/libstdc++.so.6.0.34
7fa3d287e000-7fa3d288f000 r--p 0027e000 103:02 33558689                  /run/host/usr/lib/libstdc++.so.6.0.34
7fa3d288f000-7fa3d2890000 rw-p 0028f000 103:02 33558689                  /run/host/usr/lib/libstdc++.so.6.0.34
7fa3d2890000-7fa3d2894000 rw-p 00000000 00:00 0 
7fa3d2894000-7fa3d2895000 rw-s 00000000 00:06 888                        /dev/nvidiactl
7fa3d2895000-7fa3d2899000 rw-s 00000000 00:06 888                        /dev/nvidiactl
7fa3d2899000-7fa3d289a000 rw-s 00000000 00:06 890                        /dev/nvidia0
7fa3d289a000-7fa3d289e000 rw-s 00000000 00:06 888                        /dev/nvidiactl
7fa3d289e000-7fa3d28a5000 r--p 00000000 103:02 33598546                  /run/host/usr/lib/libvulkan.so.1.4.328
7fa3d28a5000-7fa3d28ff000 r-xp 00007000 103:02 33598546                  /run/host/usr/lib/libvulkan.so.1.4.328
7fa3d28ff000-7fa3d292f000 r--p 00061000 103:02 33598546                  /run/host/usr/lib/libvulkan.so.1.4.328
7fa3d292f000-7fa3d2931000 r--p 00090000 103:02 33598546                  /run/host/usr/lib/libvulkan.so.1.4.328
7fa3d2931000-7fa3d2932000 rw-p 00092000 103:02 33598546                  /run/host/usr/lib/libvulkan.so.1.4.328
7fa3d2932000-7fa3d293f000 r--p 00000000 103:02 33558748                  /run/host/usr/lib/libncursesw.so.6.5
7fa3d293f000-7fa3d2986000 r-xp 0000d000 103:02 33558748                  /run/host/usr/lib/libncursesw.so.6.5
7fa3d2986000-7fa3d299c000 r--p 00054000 103:02 33558748                  /run/host/usr/lib/libncursesw.so.6.5
7fa3d299c000-7fa3d29a0000 r--p 0006a000 103:02 33558748                  /run/host/usr/lib/libncursesw.so.6.5
7fa3d29a0000-7fa3d29a1000 rw-p 0006e000 103:02 33558748                  /run/host/usr/lib/libncursesw.so.6.5
7fa3d29a1000-7fa3d29a7000 r--p 00000000 103:02 33594683                  /run/host/usr/lib/libedit.so.0.0.75
7fa3d29a7000-7fa3d29c8000 r-xp 00006000 103:02 33594683                  /run/host/usr/lib/libedit.so.0.0.75
7fa3d29c8000-7fa3d29d5000 r--p 00027000 103:02 33594683                  /run/host/usr/lib/libedit.so.0.0.75
7fa3d29d5000-7fa3d29d7000 r--p 00034000 103:02 33594683                  /run/host/usr/lib/libedit.so.0.0.75
7fa3d29d7000-7fa3d29d8000 rw-p 00036000 103:02 33594683                  /run/host/usr/lib/libedit.so.0.0.75
7fa3d29d8000-7fa3d29db000 rw-p 00000000 00:00 0 
7fa3d29db000-7fa3d29de000 r--p 00000000 103:02 33593758                  /run/host/usr/lib/libdrm_intel.so.1.129.0
7fa3d29de000-7fa3d29f5000 r-xp 00003000 103:02 33593758                  /run/host/usr/lib/libdrm_intel.so.1.129.0
7fa3d29f5000-7fa3d29fe000 r--p 0001a000 103:02 33593758                  /run/host/usr/lib/libdrm_intel.so.1.129.0
7fa3d29fe000-7fa3d29ff000 r--p 00023000 103:02 33593758                  /run/host/usr/lib/libdrm_intel.so.1.129.0
7fa3d29ff000-7fa3d2a00000 rw-p 00024000 103:02 33593758                  /run/host/usr/lib/libdrm_intel.so.1.129.0
7fa3d2a00000-7fa3d2a0a000 r-xp 00000000 103:02 14957949                  /usr/lib/x86_64-linux-gnu/libXrandr.so.2.2.0
7fa3d2a0a000-7fa3d2c09000 ---p 0000a000 103:02 14957949                  /usr/lib/x86_64-linux-gnu/libXrandr.so.2.2.0
7fa3d2c09000-7fa3d2c0a000 r--p 00009000 103:02 14957949                  /usr/lib/x86_64-linux-gnu/libXrandr.so.2.2.0
7fa3d2c0a000-7fa3d2c0b000 rw-p 0000a000 103:02 14957949                  /usr/lib/x86_64-linux-gnu/libXrandr.so.2.2.0
7fa3d2c0b000-7fa3d2c0d000 rw-s 00000000 00:06 888                        /dev/nvidiactl
7fa3d2c0d000-7fa3d2c0e000 rw-s 00000000 00:06 890                        /dev/nvidia0
7fa3d2c0e000-7fa3d2c0f000 r--p 00000000 103:02 33606644                  /run/host/usr/lib/libnvidia-tls.so.580.105.08
7fa3d2c0f000-7fa3d2c11000 r-xp 00001000 103:02 33606644                  /run/host/usr/lib/libnvidia-tls.so.580.105.08
7fa3d2c11000-7fa3d2c12000 r--p 00003000 103:02 33606644                  /run/host/usr/lib/libnvidia-tls.so.580.105.08
7fa3d2c12000-7fa3d2c13000 r--p 00003000 103:02 33606644                  /run/host/usr/lib/libnvidia-tls.so.580.105.08
7fa3d2c13000-7fa3d2c14000 rw-p 00004000 103:02 33606644                  /run/host/usr/lib/libnvidia-tls.so.580.105.08
7fa3d2c14000-7fa3d2c16000 r--p 00000000 103:02 33593730                  /run/host/usr/lib/libpciaccess.so.0.11.1
7fa3d2c16000-7fa3d2c1b000 r-xp 00002000 103:02 33593730                  /run/host/usr/lib/libpciaccess.so.0.11.1
7fa3d2c1b000-7fa3d2c1d000 r--p 00007000 103:02 33593730                  /run/host/usr/lib/libpciaccess.so.0.11.1
7fa3d2c1d000-7fa3d2c1e000 r--p 00008000 103:02 33593730                  /run/host/usr/lib/libpciaccess.so.0.11.1
7fa3d2c1e000-7fa3d2c1f000 rw-p 00009000 103:02 33593730                  /run/host/usr/lib/libpciaccess.so.0.11.1
7fa3d2c1f000-7fa3d2c21000 r--p 00000000 103:02 33575690                  /run/host/usr/lib/libffi.so.8.2.0
7fa3d2c21000-7fa3d2c28000 r-xp 00002000 103:02 33575690                  /run/host/usr/lib/libffi.so.8.2.0
7fa3d2c28000-7fa3d2c29000 r--p 00009000 103:02 33575690                  /run/host/usr/lib/libffi.so.8.2.0
7fa3d2c29000-7fa3d2c2a000 r--p 0000a000 103:02 33575690                  /run/host/usr/lib/libffi.so.8.2.0
7fa3d2c2a000-7fa3d2c2b000 rw-p 0000b000 103:02 33575690                  /run/host/usr/lib/libffi.so.8.2.0
7fa3d2c2b000-7fa3d2c2e000 r--p 00000000 103:02 33580492                  /run/host/usr/lib/libelf-0.194.so
7fa3d2c2e000-7fa3d2c41000 r-xp 00003000 103:02 33580492                  /run/host/usr/lib/libelf-0.194.so
7fa3d2c41000-7fa3d2c45000 r--p 00016000 103:02 33580492                  /run/host/usr/lib/libelf-0.194.so
7fa3d2c45000-7fa3d2c46000 r--p 0001a000 103:02 33580492                  /run/host/usr/lib/libelf-0.194.so
7fa3d2c46000-7fa3d2c47000 rw-p 0001b000 103:02 33580492                  /run/host/usr/lib/libelf-0.194.so
7fa3d2c47000-7fa3d2c4a000 r--p 00000000 103:02 33593754                  /run/host/usr/lib/libdrm_amdgpu.so.1.129.0
7fa3d2c4a000-7fa3d2c50000 r-xp 00003000 103:02 33593754                  /run/host/usr/lib/libdrm_amdgpu.so.1.129.0
7fa3d2c50000-7fa3d2c52000 r--p 00009000 103:02 33593754                  /run/host/usr/lib/libdrm_amdgpu.so.1.129.0
7fa3d2c52000-7fa3d2c53000 r--p 0000a000 103:02 33593754                  /run/host/usr/lib/libdrm_amdgpu.so.1.129.0
7fa3d2c53000-7fa3d2c54000 rw-p 0000b000 103:02 33593754                  /run/host/usr/lib/libdrm_amdgpu.so.1.129.0
7fa3d2c54000-7fa3d2c55000 r--p 00000000 103:02 33594651                  /run/host/usr/lib/libxshmfence.so.1.0.0
7fa3d2c55000-7fa3d2c56000 r-xp 00001000 103:02 33594651                  /run/host/usr/lib/libxshmfence.so.1.0.0
7fa3d2c56000-7fa3d2c57000 r--p 00002000 103:02 33594651                  /run/host/usr/lib/libxshmfence.so.1.0.0
7fa3d2c57000-7fa3d2c58000 r--p 00002000 103:02 33594651                  /run/host/usr/lib/libxshmfence.so.1.0.0
7fa3d2c58000-7fa3d2c59000 rw-p 00003000 103:02 33594651                  /run/host/usr/lib/libxshmfence.so.1.0.0
7fa3d2c59000-7fa3d2c6e000 r--p 00000000 103:02 33594783                  /run/host/usr/lib/libSPIRV-Tools.so
7fa3d2c6e000-7fa3d2d88000 r-xp 00015000 103:02 33594783                  /run/host/usr/lib/libSPIRV-Tools.so
7fa3d2d88000-7fa3d2dfc000 r--p 0012f000 103:02 33594783                  /run/host/usr/lib/libSPIRV-Tools.so
7fa3d2dfc000-7fa3d2dff000 r--p 001a3000 103:02 33594783                  /run/host/usr/lib/libSPIRV-Tools.so
7fa3d2dff000-7fa3d2e00000 rw-p 001a6000 103:02 33594783                  /run/host/usr/lib/libSPIRV-Tools.so
7fa3d2e00000-7fa3d2e0f000 r-xp 00000000 103:02 14958108                  /usr/lib/x86_64-linux-gnu/libXi.so.6.1.0
7fa3d2e0f000-7fa3d300e000 ---p 0000f000 103:02 14958108                  /usr/lib/x86_64-linux-gnu/libXi.so.6.1.0
7fa3d300e000-7fa3d300f000 r--p 0000e000 103:02 14958108                  /usr/lib/x86_64-linux-gnu/libXi.so.6.1.0
7fa3d300f000-7fa3d3010000 rw-p 0000f000 103:02 14958108                  /usr/lib/x86_64-linux-gnu/libXi.so.6.1.0
7fa3d3010000-7fa3d3011000 rw-s 00000000 00:06 890                        /dev/nvidia0
7fa3d3011000-7fa3d3012000 rw-s 00000000 00:06 890                        /dev/nvidia0
7fa3d3012000-7fa3d3013000 rw-s 00000000 00:06 888                        /dev/nvidiactl
7fa3d3013000-7fa3d3014000 rw-s 00000000 00:06 888                        /dev/nvidiactl
7fa3d3014000-7fa3d3017000 r--p 00000000 103:02 33590223                  /run/host/usr/lib/libxcb-sync.so.1.0.0
7fa3d3017000-7fa3d301a000 r-xp 00003000 103:02 33590223                  /run/host/usr/lib/libxcb-sync.so.1.0.0
7fa3d301a000-7fa3d301b000 r--p 00006000 103:02 33590223                  /run/host/usr/lib/libxcb-sync.so.1.0.0
7fa3d301b000-7fa3d301c000 r--p 00007000 103:02 33590223                  /run/host/usr/lib/libxcb-sync.so.1.0.0
7fa3d301c000-7fa3d301d000 rw-p 00008000 103:02 33590223                  /run/host/usr/lib/libxcb-sync.so.1.0.0
7fa3d301d000-7fa3d3024000 r--p 00000000 103:02 33590202                  /run/host/usr/lib/libxcb-randr.so.0.1.0
7fa3d3024000-7fa3d302a000 r-xp 00007000 103:02 33590202                  /run/host/usr/lib/libxcb-randr.so.0.1.0
7fa3d302a000-7fa3d302d000 r--p 0000d000 103:02 33590202                  /run/host/usr/lib/libxcb-randr.so.0.1.0
7fa3d302d000-7fa3d302e000 r--p 00010000 103:02 33590202                  /run/host/usr/lib/libxcb-randr.so.0.1.0
7fa3d302e000-7fa3d302f000 rw-p 00011000 103:02 33590202                  /run/host/usr/lib/libxcb-randr.so.0.1.0
7fa3d302f000-7fa3d3031000 r--p 00000000 103:02 33594748                  /run/host/usr/lib/libsensors.so.5.0.0
7fa3d3031000-7fa3d3039000 r-xp 00002000 103:02 33594748                  /run/host/usr/lib/libsensors.so.5.0.0
7fa3d3039000-7fa3d303d000 r--p 0000a000 103:02 33594748                  /run/host/usr/lib/libsensors.so.5.0.0
7fa3d303d000-7fa3d303e000 r--p 0000e000 103:02 33594748                  /run/host/usr/lib/libsensors.so.5.0.0
7fa3d303e000-7fa3d303f000 rw-p 0000f000 103:02 33594748                  /run/host/usr/lib/libsensors.so.5.0.0
7fa3d303f000-7fa3d304b000 r--p 00000000 103:02 33570341                  /run/host/usr/lib/libzstd.so.1.5.7
7fa3d304b000-7fa3d3111000 r-xp 0000c000 103:02 33570341                  /run/host/usr/lib/libzstd.so.1.5.7
7fa3d3111000-7fa3d3122000 r--p 000d2000 103:02 33570341                  /run/host/usr/lib/libzstd.so.1.5.7
7fa3d3122000-7fa3d3123000 r--p 000e3000 103:02 33570341                  /run/host/usr/lib/libzstd.so.1.5.7
7fa3d3123000-7fa3d3124000 rw-p 000e4000 103:02 33570341                  /run/host/usr/lib/libzstd.so.1.5.7
7fa3d3124000-7fa3d3127000 r--p 00000000 103:02 33561941                  /run/host/usr/lib/libz.so.1.3.1
7fa3d3127000-7fa3d3135000 r-xp 00003000 103:02 33561941                  /run/host/usr/lib/libz.so.1.3.1
7fa3d3135000-7fa3d313b000 r--p 00011000 103:02 33561941                  /run/host/usr/lib/libz.so.1.3.1
7fa3d313b000-7fa3d313c000 r--p 00017000 103:02 33561941                  /run/host/usr/lib/libz.so.1.3.1
7fa3d313c000-7fa3d313d000 rw-p 00018000 103:02 33561941                  /run/host/usr/lib/libz.so.1.3.1
7fa3d313d000-7fa3d3140000 r--p 00000000 103:02 33590229                  /run/host/usr/lib/libxcb-xfixes.so.0.0.0
7fa3d3140000-7fa3d3143000 r-xp 00003000 103:02 33590229                  /run/host/usr/lib/libxcb-xfixes.so.0.0.0
7fa3d3143000-7fa3d3144000 r--p 00006000 103:02 33590229                  /run/host/usr/lib/libxcb-xfixes.so.0.0.0
7fa3d3144000-7fa3d3145000 r--p 00007000 103:02 33590229                  /run/host/usr/lib/libxcb-xfixes.so.0.0.0
7fa3d3145000-7fa3d3146000 rw-p 00008000 103:02 33590229                  /run/host/usr/lib/libxcb-xfixes.so.0.0.0
7fa3d3146000-7fa3d3147000 r--p 00000000 103:02 33590199                  /run/host/usr/lib/libxcb-present.so.0.0.0
7fa3d3147000-7fa3d3148000 r-xp 00001000 103:02 33590199                  /run/host/usr/lib/libxcb-present.so.0.0.0
7fa3d3148000-7fa3d3149000 r--p 00002000 103:02 33590199                  /run/host/usr/lib/libxcb-present.so.0.0.0
7fa3d3149000-7fa3d314a000 r--p 00002000 103:02 33590199                  /run/host/usr/lib/libxcb-present.so.0.0.0
7fa3d314a000-7fa3d314b000 rw-p 00003000 103:02 33590199                  /run/host/usr/lib/libxcb-present.so.0.0.0
7fa3d314b000-7fa3d314d000 r--p 00000000 103:02 33590193                  /run/host/usr/lib/libxcb-dri3.so.0.1.0
7fa3d314d000-7fa3d314f000 r-xp 00002000 103:02 33590193                  /run/host/usr/lib/libxcb-dri3.so.0.1.0
7fa3d314f000-7fa3d3150000 r--p 00004000 103:02 33590193                  /run/host/usr/lib/libxcb-dri3.so.0.1.0
7fa3d3150000-7fa3d3151000 r--p 00004000 103:02 33590193                  /run/host/usr/lib/libxcb-dri3.so.0.1.0
7fa3d3151000-7fa3d3152000 rw-p 00005000 103:02 33590193                  /run/host/usr/lib/libxcb-dri3.so.0.1.0
7fa3d3152000-7fa3d3154000 r--p 00000000 103:02 33579609                  /run/host/usr/lib/libexpat.so.1.11.1
7fa3d3154000-7fa3d3172000 r-xp 00002000 103:02 33579609                  /run/host/usr/lib/libexpat.so.1.11.1
7fa3d3172000-7fa3d317a000 r--p 00020000 103:02 33579609                  /run/host/usr/lib/libexpat.so.1.11.1
7fa3d317a000-7fa3d317c000 r--p 00028000 103:02 33579609                  /run/host/usr/lib/libexpat.so.1.11.1
7fa3d317c000-7fa3d317d000 rw-p 0002a000 103:02 33579609                  /run/host/usr/lib/libexpat.so.1.11.1
7fa3d317d000-7fa3d317e000 r--p 00000000 103:02 33590220                  /run/host/usr/lib/libxcb-shm.so.0.0.0
7fa3d317e000-7fa3d317f000 r-xp 00001000 103:02 33590220                  /run/host/usr/lib/libxcb-shm.so.0.0.0
7fa3d317f000-7fa3d3180000 r--p 00002000 103:02 33590220                  /run/host/usr/lib/libxcb-shm.so.0.0.0
7fa3d3180000-7fa3d3181000 r--p 00002000 103:02 33590220                  /run/host/usr/lib/libxcb-shm.so.0.0.0
7fa3d3181000-7fa3d3182000 rw-p 00003000 103:02 33590220                  /run/host/usr/lib/libxcb-shm.so.0.0.0
7fa3d3182000-7fa3d3183000 r--p 00000000 103:02 33593769                  /run/host/usr/lib/libX11-xcb.so.1.0.0
7fa3d3183000-7fa3d3184000 r-xp 00001000 103:02 33593769                  /run/host/usr/lib/libX11-xcb.so.1.0.0
7fa3d3184000-7fa3d3185000 r--p 00002000 103:02 33593769                  /run/host/usr/lib/libX11-xcb.so.1.0.0
7fa3d3185000-7fa3d3186000 r--p 00002000 103:02 33593769                  /run/host/usr/lib/libX11-xcb.so.1.0.0
7fa3d3186000-7fa3d3187000 rw-p 00003000 103:02 33593769                  /run/host/usr/lib/libX11-xcb.so.1.0.0
7fa3d3187000-7fa3d3193000 r--p 00000000 103:02 33590196                  /run/host/usr/lib/libxcb-glx.so.0.0.0
7fa3d3193000-7fa3d319c000 r-xp 0000c000 103:02 33590196                  /run/host/usr/lib/libxcb-glx.so.0.0.0
7fa3d319c000-7fa3d31a1000 r--p 00015000 103:02 33590196                  /run/host/usr/lib/libxcb-glx.so.0.0.0
7fa3d31a1000-7fa3d31a3000 r--p 0001a000 103:02 33590196                  /run/host/usr/lib/libxcb-glx.so.0.0.0
7fa3d31a3000-7fa3d31a4000 rw-p 0001c000 103:02 33590196                  /run/host/usr/lib/libxcb-glx.so.0.0.0
7fa3d31a4000-7fa3d31a9000 r--p 00000000 103:02 33593747                  /run/host/usr/lib/libdrm.so.2.129.0
7fa3d31a9000-7fa3d31b5000 r-xp 00005000 103:02 33593747                  /run/host/usr/lib/libdrm.so.2.129.0
7fa3d31b5000-7fa3d31b9000 r--p 00011000 103:02 33593747                  /run/host/usr/lib/libdrm.so.2.129.0
7fa3d31b9000-7fa3d31ba000 r--p 00015000 103:02 33593747                  /run/host/usr/lib/libdrm.so.2.129.0
7fa3d31ba000-7fa3d31bb000 rw-p 00016000 103:02 33593747                  /run/host/usr/lib/libdrm.so.2.129.0
7fa3d31bb000-7fa3d31c0000 r--p 00000000 103:02 33607183                  /run/host/usr/lib/libGLX_mesa.so.0.0.0
7fa3d31c0000-7fa3d31ec000 r-xp 00005000 103:02 33607183                  /run/host/usr/lib/libGLX_mesa.so.0.0.0
7fa3d31ec000-7fa3d31fb000 r--p 00031000 103:02 33607183                  /run/host/usr/lib/libGLX_mesa.so.0.0.0
7fa3d31fb000-7fa3d31ff000 r--p 0003f000 103:02 33607183                  /run/host/usr/lib/libGLX_mesa.so.0.0.0
7fa3d31ff000-7fa3d3200000 rw-p 00043000 103:02 33607183                  /run/host/usr/lib/libGLX_mesa.so.0.0.0
7fa3d3200000-7fa3d3209000 r-xp 00000000 103:02 14958140                  /usr/lib/x86_64-linux-gnu/libXrender.so.1.3.0
7fa3d3209000-7fa3d3408000 ---p 00009000 103:02 14958140                  /usr/lib/x86_64-linux-gnu/libXrender.so.1.3.0
7fa3d3408000-7fa3d3409000 r--p 00008000 103:02 14958140                  /usr/lib/x86_64-linux-gnu/libXrender.so.1.3.0
7fa3d3409000-7fa3d340a000 rw-p 00009000 103:02 14958140                  /usr/lib/x86_64-linux-gnu/libXrender.so.1.3.0
7fa3d340a000-7fa3d340b000 r--s 00000000 00:06 888                        /dev/nvidiactl
7fa3d340b000-7fa3d340c000 rw-p 00000000 00:00 0 
7fa3d340c000-7fa3d340d000 r--p 00000000 103:02 33594655                  /run/host/usr/lib/libXxf86vm.so.1.0.0
7fa3d340d000-7fa3d3410000 r-xp 00001000 103:02 33594655                  /run/host/usr/lib/libXxf86vm.so.1.0.0
7fa3d3410000-7fa3d3411000 r--p 00004000 103:02 33594655                  /run/host/usr/lib/libXxf86vm.so.1.0.0
7fa3d3411000-7fa3d3412000 r--p 00004000 103:02 33594655                  /run/host/usr/lib/libXxf86vm.so.1.0.0
7fa3d3412000-7fa3d3413000 rw-p 00005000 103:02 33594655                  /run/host/usr/lib/libXxf86vm.so.1.0.0
7fa3d3413000-7fa3d3414000 r--p 00000000 103:02 14957943                  /usr/lib/x86_64-linux-gnu/libXss.so.1.0.0
7fa3d3414000-7fa3d3415000 r-xp 00001000 103:02 14957943                  /usr/lib/x86_64-linux-gnu/libXss.so.1.0.0
7fa3d3415000-7fa3d3416000 r--p 00002000 103:02 14957943                  /usr/lib/x86_64-linux-gnu/libXss.so.1.0.0
7fa3d3416000-7fa3d3417000 r--p 00002000 103:02 14957943                  /usr/lib/x86_64-linux-gnu/libXss.so.1.0.0
7fa3d3417000-7fa3d3418000 rw-p 00003000 103:02 14957943                  /usr/lib/x86_64-linux-gnu/libXss.so.1.0.0
7fa3d3418000-7fa3d341a000 r--p 00000000 103:02 33594910                  /run/host/usr/lib/libXfixes.so.3.1.0
7fa3d341a000-7fa3d341d000 r-xp 00002000 103:02 33594910                  /run/host/usr/lib/libXfixes.so.3.1.0
7fa3d341d000-7fa3d341e000 r--p 00005000 103:02 33594910                  /run/host/usr/lib/libXfixes.so.3.1.0
7fa3d341e000-7fa3d341f000 r--p 00005000 103:02 33594910                  /run/host/usr/lib/libXfixes.so.3.1.0
7fa3d341f000-7fa3d3420000 rw-p 00006000 103:02 33594910                  /run/host/usr/lib/libXfixes.so.3.1.0
7fa3d3420000-7fa3d3424000 r--p 00000000 103:02 33594586                  /run/host/usr/lib/libXext.so.6.4.0
7fa3d3424000-7fa3d342f000 r-xp 00004000 103:02 33594586                  /run/host/usr/lib/libXext.so.6.4.0
7fa3d342f000-7fa3d3433000 r--p 0000f000 103:02 33594586                  /run/host/usr/lib/libXext.so.6.4.0
7fa3d3433000-7fa3d3434000 r--p 00012000 103:02 33594586                  /run/host/usr/lib/libXext.so.6.4.0
7fa3d3434000-7fa3d3435000 rw-p 00013000 103:02 33594586                  /run/host/usr/lib/libXext.so.6.4.0
7fa3d3435000-7fa3d4436000 rw-p 00000000 00:00 0 
7fa3d4436000-7fa3d4498000 rw-s 00000000 00:19 37993                      /dev/shm/u1000-Shm_3736b1ef
7fa3d4498000-7fa3d5499000 rw-s 00000000 00:19 37992                      /dev/shm/u1000-Shm_20ca4e49
7fa3d5499000-7fa3d553d000 rw-p 00000000 00:00 0 
7fa3d553d000-7fa3d563e000 rw-s 00000000 00:19 37991                      /dev/shm/u1000-Shm_cc340e9
7fa3d563e000-7fa3d56bf000 rw-s 00000000 00:19 37990                      /dev/shm/u1000-Shm_c88e084e
7fa3d56bf000-7fa3d58bf000 rw-s 00000000 00:19 31                         /dev/shm/u1000-ValveIPCSharedObj-Steam
7fa3d58bf000-7fa3d58d6000 r--p 00000000 103:02 33593772                  /run/host/usr/lib/libX11.so.6.4.0
7fa3d58d6000-7fa3d596a000 r-xp 00017000 103:02 33593772                  /run/host/usr/lib/libX11.so.6.4.0
7fa3d596a000-7fa3d59f9000 r--p 000ab000 103:02 33593772                  /run/host/usr/lib/libX11.so.6.4.0
7fa3d59f9000-7fa3d59fc000 r--p 00139000 103:02 33593772                  /run/host/usr/lib/libX11.so.6.4.0
7fa3d59fc000-7fa3d5a00000 rw-p 0013c000 103:02 33593772                  /run/host/usr/lib/libX11.so.6.4.0
7fa3d5a00000-7fa3d5a24000 r--p 00000000 103:02 33557850                  /run/host/usr/lib/libc.so.6
7fa3d5a24000-7fa3d5b95000 r-xp 00024000 103:02 33557850                  /run/host/usr/lib/libc.so.6
7fa3d5b95000-7fa3d5c04000 r--p 00195000 103:02 33557850                  /run/host/usr/lib/libc.so.6
7fa3d5c04000-7fa3d5c08000 r--p 00203000 103:02 33557850                  /run/host/usr/lib/libc.so.6
7fa3d5c08000-7fa3d5c0a000 rw-p 00207000 103:02 33557850                  /run/host/usr/lib/libc.so.6
7fa3d5c0a000-7fa3d5c12000 rw-p 00000000 00:00 0 
7fa3d5c12000-7fa3d5c13000 rw-p 00000000 00:00 0 
7fa3d5c13000-7fa3d5c14000 r--p 00000000 103:02 14958118                  /usr/lib/x86_64-linux-gnu/libXinerama.so.1.0.0
7fa3d5c14000-7fa3d5c15000 r-xp 00001000 103:02 14958118                  /usr/lib/x86_64-linux-gnu/libXinerama.so.1.0.0
7fa3d5c15000-7fa3d5c16000 r--p 00002000 103:02 14958118                  /usr/lib/x86_64-linux-gnu/libXinerama.so.1.0.0
7fa3d5c16000-7fa3d5c17000 r--p 00002000 103:02 14958118                  /usr/lib/x86_64-linux-gnu/libXinerama.so.1.0.0
7fa3d5c17000-7fa3d5c18000 rw-p 00003000 103:02 14958118                  /usr/lib/x86_64-linux-gnu/libXinerama.so.1.0.0
7fa3d5c18000-7fa3d5c1b000 r--p 00000000 103:02 14958181                  /usr/lib/x86_64-linux-gnu/libXcursor.so.1.0.2
7fa3d5c1b000-7fa3d5c21000 r-xp 00003000 103:02 14958181                  /usr/lib/x86_64-linux-gnu/libXcursor.so.1.0.2
7fa3d5c21000-7fa3d5c23000 r--p 00009000 103:02 14958181                  /usr/lib/x86_64-linux-gnu/libXcursor.so.1.0.2
7fa3d5c23000-7fa3d5c24000 r--p 0000a000 103:02 14958181                  /usr/lib/x86_64-linux-gnu/libXcursor.so.1.0.2
7fa3d5c24000-7fa3d5c25000 rw-p 0000b000 103:02 14958181                  /usr/lib/x86_64-linux-gnu/libXcursor.so.1.0.2
7fa3d5c25000-7fa3d5cb1000 rw-p 00000000 00:00 0 
7fa3d5cb1000-7fa3d5cb3000 r--p 00000000 103:02 33590161                  /run/host/usr/lib/libXdmcp.so.6.0.0
7fa3d5cb3000-7fa3d5cb5000 r-xp 00002000 103:02 33590161                  /run/host/usr/lib/libXdmcp.so.6.0.0
7fa3d5cb5000-7fa3d5cb7000 r--p 00004000 103:02 33590161                  /run/host/usr/lib/libXdmcp.so.6.0.0
7fa3d5cb7000-7fa3d5cb8000 r--p 00005000 103:02 33590161                  /run/host/usr/lib/libXdmcp.so.6.0.0
7fa3d5cb8000-7fa3d5cb9000 rw-p 00006000 103:02 33590161                  /run/host/usr/lib/libXdmcp.so.6.0.0
7fa3d5cb9000-7fa3d5cc5000 r--p 00000000 103:02 33590250                  /run/host/usr/lib/libxcb.so.1.1.0
7fa3d5cc5000-7fa3d5cd9000 r-xp 0000c000 103:02 33590250                  /run/host/usr/lib/libxcb.so.1.1.0
7fa3d5cd9000-7fa3d5ce2000 r--p 00020000 103:02 33590250                  /run/host/usr/lib/libxcb.so.1.1.0
7fa3d5ce2000-7fa3d5ce3000 r--p 00028000 103:02 33590250                  /run/host/usr/lib/libxcb.so.1.1.0
7fa3d5ce3000-7fa3d5ce4000 rw-p 00029000 103:02 33590250                  /run/host/usr/lib/libxcb.so.1.1.0
7fa3d5ce4000-7fa3d5ce6000 r--p 00000000 103:02 33594844                  /run/host/usr/lib/libGLX.so.0.0.0
7fa3d5ce6000-7fa3d5d00000 r-xp 00002000 103:02 33594844                  /run/host/usr/lib/libGLX.so.0.0.0
7fa3d5d00000-7fa3d5d03000 r--p 0001c000 103:02 33594844                  /run/host/usr/lib/libGLX.so.0.0.0
7fa3d5d03000-7fa3d5d04000 r--p 0001f000 103:02 33594844                  /run/host/usr/lib/libGLX.so.0.0.0
7fa3d5d04000-7fa3d5d05000 rw-p 00020000 103:02 33594844                  /run/host/usr/lib/libGLX.so.0.0.0
7fa3d5d05000-7fa3d5d15000 rw-p 00000000 00:00 0 
7fa3d5d15000-7fa3d5d17000 r--p 00000000 103:02 33594847                  /run/host/usr/lib/libGLdispatch.so.0.0.0
7fa3d5d17000-7fa3d5d56000 r-xp 00002000 103:02 33594847                  /run/host/usr/lib/libGLdispatch.so.0.0.0
7fa3d5d56000-7fa3d5d69000 r--p 00041000 103:02 33594847                  /run/host/usr/lib/libGLdispatch.so.0.0.0
7fa3d5d69000-7fa3d5d85000 r--p 00054000 103:02 33594847                  /run/host/usr/lib/libGLdispatch.so.0.0.0
7fa3d5d85000-7fa3d5d86000 rw-p 00070000 103:02 33594847                  /run/host/usr/lib/libGLdispatch.so.0.0.0
7fa3d5d86000-7fa3d5d8e000 rw-p 00000000 00:00 0 
7fa3d5d8e000-7fa3d5dbd000 r--p 00000000 103:02 33594838                  /run/host/usr/lib/libGL.so.1.7.0
7fa3d5dbd000-7fa3d5ddc000 r-xp 0002f000 103:02 33594838                  /run/host/usr/lib/libGL.so.1.7.0
7fa3d5ddc000-7fa3d5df0000 r--p 0004e000 103:02 33594838                  /run/host/usr/lib/libGL.so.1.7.0
7fa3d5df0000-7fa3d5dfe000 r--p 00062000 103:02 33594838                  /run/host/usr/lib/libGL.so.1.7.0
7fa3d5dfe000-7fa3d5dff000 rw-p 00070000 103:02 33594838                  /run/host/usr/lib/libGL.so.1.7.0
7fa3d5dff000-7fa3d5e00000 rw-p 00000000 00:00 0 
7fa3d5e00000-7fa3d7b88000 r-xp 00000000 103:02 15469937                  /home/chromagor/.local/share/Steam/steamapps/common/Muck/UnityPlayer.so
7fa3d7b88000-7fa3d7d87000 ---p 01d88000 103:02 15469937                  /home/chromagor/.local/share/Steam/steamapps/common/Muck/UnityPlayer.so
7fa3d7d87000-7fa3d7dfe000 r--p 01d87000 103:02 15469937                  /home/chromagor/.local/share/Steam/steamapps/common/Muck/UnityPlayer.so
7fa3d7dfe000-7fa3d7e35000 rw-p 01dfe000 103:02 15469937                  /home/chromagor/.local/share/Steam/steamapps/common/Muck/UnityPlayer.so
7fa3d7e35000-7fa3d7f38000 rw-p 00000000 00:00 0 
7fa3d7f38000-7fa3d7f39000 r--p 00000000 103:02 33590165                  /run/host/usr/lib/libXau.so.6.0.0
7fa3d7f39000-7fa3d7f3a000 r-xp 00001000 103:02 33590165                  /run/host/usr/lib/libXau.so.6.0.0
7fa3d7f3a000-7fa3d7f3b000 r--p 00002000 103:02 33590165                  /run/host/usr/lib/libXau.so.6.0.0
7fa3d7f3b000-7fa3d7f3c000 r--p 00002000 103:02 33590165                  /run/host/usr/lib/libXau.so.6.0.0
7fa3d7f3c000-7fa3d7f3d000 rw-p 00003000 103:02 33590165                  /run/host/usr/lib/libXau.so.6.0.0
7fa3d7f3d000-7fa3d7f41000 rw-p 00000000 00:00 0 
7fa3d7f41000-7fa3d7f42000 r--p 00000000 103:02 33557893                  /run/host/usr/lib/librt.so.1
7fa3d7f42000-7fa3d7f43000 r-xp 00001000 103:02 33557893                  /run/host/usr/lib/librt.so.1
7fa3d7f43000-7fa3d7f44000 r--p 00002000 103:02 33557893                  /run/host/usr/lib/librt.so.1
7fa3d7f44000-7fa3d7f45000 r--p 00002000 103:02 33557893                  /run/host/usr/lib/librt.so.1
7fa3d7f45000-7fa3d7f46000 rw-p 00003000 103:02 33557893                  /run/host/usr/lib/librt.so.1
7fa3d7f46000-7fa3d7f47000 r--p 00000000 103:02 33557856                  /run/host/usr/lib/libdl.so.2
7fa3d7f47000-7fa3d7f48000 r-xp 00001000 103:02 33557856                  /run/host/usr/lib/libdl.so.2
7fa3d7f48000-7fa3d7f49000 r--p 00002000 103:02 33557856                  /run/host/usr/lib/libdl.so.2
7fa3d7f49000-7fa3d7f4a000 r--p 00002000 103:02 33557856                  /run/host/usr/lib/libdl.so.2
7fa3d7f4a000-7fa3d7f4b000 rw-p 00003000 103:02 33557856                  /run/host/usr/lib/libdl.so.2
7fa3d7f4b000-7fa3d7f4c000 r--p 00000000 103:02 33557883                  /run/host/usr/lib/libpthread.so.0
7fa3d7f4c000-7fa3d7f4d000 r-xp 00001000 103:02 33557883                  /run/host/usr/lib/libpthread.so.0
7fa3d7f4d000-7fa3d7f4e000 r--p 00002000 103:02 33557883                  /run/host/usr/lib/libpthread.so.0
7fa3d7f4e000-7fa3d7f4f000 r--p 00002000 103:02 33557883                  /run/host/usr/lib/libpthread.so.0
7fa3d7f4f000-7fa3d7f50000 rw-p 00003000 103:02 33557883                  /run/host/usr/lib/libpthread.so.0
7fa3d7f50000-7fa3d7f54000 r--p 00000000 103:02 33558657                  /run/host/usr/lib/libgcc_s.so.1
7fa3d7f54000-7fa3d7f77000 r-xp 00004000 103:02 33558657                  /run/host/usr/lib/libgcc_s.so.1
7fa3d7f77000-7fa3d7f7b000 r--p 00027000 103:02 33558657                  /run/host/usr/lib/libgcc_s.so.1
7fa3d7f7b000-7fa3d7f7c000 r--p 0002a000 103:02 33558657                  /run/host/usr/lib/libgcc_s.so.1
7fa3d7f7c000-7fa3d7f7d000 rw-p 0002b000 103:02 33558657                  /run/host/usr/lib/libgcc_s.so.1
7fa3d7f7d000-7fa3d7f7f000 rw-p 00000000 00:00 0 
7fa3d7f7f000-7fa3d7f8e000 r--p 00000000 103:02 33557862                  /run/host/usr/lib/libm.so.6
7fa3d7f8e000-7fa3d8019000 r-xp 0000f000 103:02 33557862                  /run/host/usr/lib/libm.so.6
7fa3d8019000-7fa3d808b000 r--p 0009a000 103:02 33557862                  /run/host/usr/lib/libm.so.6
7fa3d808b000-7fa3d808c000 r--p 0010b000 103:02 33557862                  /run/host/usr/lib/libm.so.6
7fa3d808c000-7fa3d808d000 rw-p 0010c000 103:02 33557862                  /run/host/usr/lib/libm.so.6
7fa3d808d000-7fa3d80b9000 r--p 00000000 103:02 15349335                  /home/chromagor/.local/share/Steam/ubuntu12_64/gameoverlayrenderer.so
7fa3d80b9000-7fa3d813e000 r-xp 0002b000 103:02 15349335                  /home/chromagor/.local/share/Steam/ubuntu12_64/gameoverlayrenderer.so
7fa3d813e000-7fa3d8142000 r--p 000af000 103:02 15349335                  /home/chromagor/.local/share/Steam/ubuntu12_64/gameoverlayrenderer.so
7fa3d8142000-7fa3d8143000 rw-p 000b2000 103:02 15349335                  /home/chromagor/.local/share/Steam/ubuntu12_64/gameoverlayrenderer.so
7fa3d8143000-7fa3d8149000 rw-p 00000000 00:00 0 
7fa3d8149000-7fa3d814d000 r--p 00000000 00:00 0                          [vvar]
7fa3d814d000-7fa3d814f000 r--p 00000000 00:00 0                          [vvar_vclock]
7fa3d814f000-7fa3d8151000 r-xp 00000000 00:00 0                          [vdso]
7fa3d8151000-7fa3d8152000 r--p 00000000 103:02 33557840                  /run/host/usr/lib/ld-linux-x86-64.so.2
7fa3d8152000-7fa3d817c000 r-xp 00001000 103:02 33557840                  /run/host/usr/lib/ld-linux-x86-64.so.2
7fa3d817c000-7fa3d818a000 r--p 0002b000 103:02 33557840                  /run/host/usr/lib/ld-linux-x86-64.so.2
7fa3d818a000-7fa3d818c000 r--p 00039000 103:02 33557840                  /run/host/usr/lib/ld-linux-x86-64.so.2
7fa3d818c000-7fa3d818d000 rw-p 0003b000 103:02 33557840                  /run/host/usr/lib/ld-linux-x86-64.so.2
7fa3d818d000-7fa3d818e000 rw-p 00000000 00:00 0 
7ffe00a3f000-7ffe00a47000 ---p 00000000 00:00 0 
7ffe01a13000-7ffe01a3e000 rw-p 00000000 00:00 0                          [stack]
ffffffffff600000-ffffffffff601000 --xp 00000000 00:00 0                  [vsyscall]

Native stacktrace:

	/home/chromagor/.local/share/Steam/steamapps/common/Muck/Muck_Data/MonoBleedingEdge/x86_64/libmonobdwgc-2.0.so(+0xd7b4c) [0x7fa2e68d7b4c]
	/home/chromagor/.local/share/Steam/steamapps/common/Muck/Muck_Data/MonoBleedingEdge/x86_64/libmonobdwgc-2.0.so(+0x5b8ef) [0x7fa2e685b8ef]
	/usr/lib/pressure-vessel/overrides/lib/x86_64-linux-gnu/libc.so.6(+0x3e4d0) [0x7fa3d5a3e4d0]
	/usr/lib/pressure-vessel/overrides/lib/x86_64-linux-gnu/libnvidia-glcore.so.580.105.08(+0xd0f527) [0x7fa31230f527]
	/usr/lib/pressure-vessel/overrides/lib/x86_64-linux-gnu/libnvidia-glcore.so.580.105.08(+0xd282b6) [0x7fa3123282b6]
	/usr/lib/pressure-vessel/overrides/lib/x86_64-linux-gnu/libnvidia-glcore.so.580.105.08(+0xfa2cc2) [0x7fa3125a2cc2]
	/home/chromagor/.local/share/Steam/ubuntu12_64/steamoverlayvulkanlayer.so(vkQueuePresentKHR+0x342) [0x7fa30ceb2752]
	/usr/lib/pressure-vessel/overrides/lib/x86_64-linux-gnu/libgallium-25.3.1-arch1.2.so(+0xd81578) [0x7fa31df81578]
	/usr/lib/pressure-vessel/overrides/lib/x86_64-linux-gnu/libgallium-25.3.1-arch1.2.so(+0x597e15) [0x7fa31d797e15]
	/usr/lib/pressure-vessel/overrides/lib/x86_64-linux-gnu/libgallium-25.3.1-arch1.2.so(+0x5e289d) [0x7fa31d7e289d]
	/usr/lib/pressure-vessel/overrides/lib/x86_64-linux-gnu/libc.so.6(+0x9698b) [0x7fa3d5a9698b]
	/usr/lib/pressure-vessel/overrides/lib/x86_64-linux-gnu/libc.so.6(+0x11a9cc) [0x7fa3d5b1a9cc]

Debug info from gdb:

mono_gdb_render_native_backtraces not supported on this platform, unable to find gdb or lldb
