Mono path[0] = '/home/chromagor/.local/share/Steam/steamapps/common/Muck/Muck_Data/Managed'
Mono config path = '/home/chromagor/.local/share/Steam/steamapps/common/Muck/Muck_Data/MonoBleedingEdge/etc'
Preloaded 'libsteam_api.so'
Display 0 'HDMI-A-1 24"': 1920x1080 (primary device).
Unable to load player prefs
Desktop is 1920 x 1080 @ 60 Hz
Initialize engine version: 2019.4.19f1 (ca5b14067cec)
[Subsystems] Discovering subsystems at path /home/chromagor/.local/share/Steam/steamapps/common/Muck/Muck_Data/UnitySubsystems
GfxDevice: creating device client; threaded=1
Renderer: zink Vulkan 1.4(NVIDIA GeForce GTX 1050 (NVIDIA_PROPRIETARY))
Vendor:   Mesa
Version:  4.6 (Core Profile) Mesa 25.3.1-arch1.2
GLES:     0
 GL_AMD_conservative_depth GL_AMD_draw_buffers_blend GL_AMD_gpu_shader_int64 GL_AMD_multi_draw_indirect GL_AMD_performance_monitor GL_AMD_pinned_memory GL_AMD_query_buffer_object GL_AMD_seamless_cubemap_per_texture GL_AMD_shader_trinary_minmax GL_AMD_texture_texture4 GL_AMD_vertex_shader_layer GL_AMD_vertex_shader_viewport_index GL_ANGLE_texture_compression_dxt3 GL_ANGLE_texture_compression_dxt5 GL_ARB_ES2_compatibility GL_ARB_ES3_1_compatibility GL_ARB_ES3_2_compatibility GL_ARB_ES3_compatibility GL_ARB_arrays_of_arrays GL_ARB_base_instance GL_ARB_bindless_texture GL_ARB_blend_func_extended GL_ARB_buffer_storage GL_ARB_clear_buffer_object GL_ARB_clear_texture GL_ARB_clip_control GL_ARB_compressed_texture_pixel_storage GL_ARB_compute_shader GL_ARB_compute_variable_group_size GL_ARB_conditional_render_inverted GL_ARB_conservative_depth GL_ARB_copy_buffer GL_ARB_copy_image GL_ARB_cull_distance GL_ARB_debug_output GL_ARB_depth_buffer_float GL_ARB_depth_clamp GL_ARB_derivative_control GL_ARB_direct_state_access 
GL_ARB_draw_buffers GL_ARB_draw_buffers_blend GL_ARB_draw_elements_base_vertex GL_ARB_draw_indirect GL_ARB_draw_instanced GL_ARB_enhanced_layouts GL_ARB_explicit_attrib_location GL_ARB_explicit_uniform_location GL_ARB_fragment_coord_conventions GL_ARB_fragment_layer_viewport GL_ARB_fragment_shader GL_ARB_fragment_shader_interlock GL_ARB_framebuffer_no_attachments GL_ARB_framebuffer_object GL_ARB_framebuffer_sRGB GL_ARB_get_program_binary GL_ARB_get_texture_sub_image GL_ARB_gl_spirv GL_ARB_gpu_shader5 GL_ARB_gpu_shader_fp64 GL_ARB_gpu_shader_int64 GL_ARB_half_float_pixel GL_ARB_half_float_vertex GL_ARB_indirect_parameters GL_ARB_instanced_arrays GL_ARB_internalformat_query GL_ARB_internalformat_query2 GL_ARB_invalidate_subdata GL_ARB_map_buffer_alignment GL_ARB_map_buffer_range GL_ARB_multi_bind GL_ARB_multi_draw_indirect GL_ARB_occlusion_query2 GL_ARB_parallel_shader_compile GL_ARB_pipeline_statistics_query GL_ARB_pixel_buffer_object GL_ARB_point_sprite GL_ARB_polygon_offset_clamp GL_ARB_post_depth_coverage 
GL_ARB_program_interface_query GL_ARB_provoking_vertex GL_ARB_query_buffer_object GL_ARB_robust_buffer_access_behavior GL_ARB_robustness GL_ARB_sample_locations GL_ARB_sample_shading GL_ARB_sampler_objects GL_ARB_seamless_cube_map GL_ARB_seamless_cubemap_per_texture GL_ARB_separate_shader_objects GL_ARB_shader_atomic_counter_ops GL_ARB_shader_atomic_counters GL_ARB_shader_ballot GL_ARB_shader_bit_encoding GL_ARB_shader_clock GL_ARB_shader_draw_parameters GL_ARB_shader_group_vote GL_ARB_shader_image_load_store GL_ARB_shader_image_size GL_ARB_shader_objects GL_ARB_shader_precision GL_ARB_shader_storage_buffer_object GL_ARB_shader_subroutine GL_ARB_shader_texture_image_samples GL_ARB_shader_texture_lod GL_ARB_shader_viewport_layer_array GL_ARB_shading_language_420pack GL_ARB_shading_language_include GL_ARB_shading_language_packing GL_ARB_sparse_buffer GL_ARB_sparse_texture GL_ARB_sparse_texture2 GL_ARB_sparse_texture_clamp GL_ARB_spirv_extensions GL_ARB_stencil_texturing GL_ARB_sync GL_ARB_tessellation_shader G
L_ARB_texture_barrier GL_ARB_texture_border_clamp GL_ARB_texture_buffer_object GL_ARB_texture_buffer_object_rgb32 GL_ARB_texture_buffer_range GL_ARB_texture_compression_bptc GL_ARB_texture_compression_rgtc GL_ARB_texture_cube_map_array GL_ARB_texture_filter_anisotropic GL_ARB_texture_filter_minmax GL_ARB_texture_float GL_ARB_texture_gather GL_ARB_texture_mirror_clamp_to_edge GL_ARB_texture_multisample GL_ARB_texture_non_power_of_two GL_ARB_texture_query_levels GL_ARB_texture_query_lod GL_ARB_texture_rectangle GL_ARB_texture_rg GL_ARB_texture_rgb10_a2ui GL_ARB_texture_stencil8 GL_ARB_texture_storage GL_ARB_texture_storage_multisample GL_ARB_texture_swizzle GL_ARB_texture_view GL_ARB_timer_query GL_ARB_transform_feedback2 GL_ARB_transform_feedback3 GL_ARB_transform_feedback_instanced GL_ARB_transform_feedback_overflow_query GL_ARB_uniform_buffer_object GL_ARB_vertex_array_bgra GL_ARB_vertex_array_object GL_ARB_vertex_attrib_64bit GL_ARB_vertex_attrib_binding GL_ARB_vertex_buffer_object GL_ARB_vertex_shader GL_
ARB_vertex_type_10f_11f_11f_rev GL_ARB_vertex_type_2_10_10_10_rev GL_ARB_viewport_array GL_ATI_blend_equation_separate GL_ATI_meminfo GL_ATI_texture_float GL_EXT_EGL_image_storage GL_EXT_EGL_image_storage_compression GL_EXT_EGL_sync GL_EXT_abgr GL_EXT_blend_equation_separate GL_EXT_debug_label GL_EXT_demote_to_helper_invocation GL_EXT_depth_bounds_test GL_EXT_draw_buffers2 GL_EXT_draw_instanced GL_EXT_framebuffer_blit GL_EXT_framebuffer_multisample GL_EXT_framebuffer_multisample_blit_scaled GL_EXT_framebuffer_object GL_EXT_framebuffer_sRGB GL_EXT_memory_object GL_EXT_memory_object_fd GL_EXT_packed_depth_stencil GL_EXT_packed_float GL_EXT_pixel_buffer_object GL_EXT_polygon_offset_clamp GL_EXT_provoking_vertex GL_EXT_semaphore GL_EXT_semaphore_fd GL_EXT_shader_clock GL_EXT_shader_image_load_formatted GL_EXT_shader_integer_mix GL_EXT_texture_array GL_EXT_texture_compression_dxt1 GL_EXT_texture_compression_rgtc GL_EXT_texture_compression_s3tc GL_EXT_texture_filter_anisotropic GL_EXT_texture_integer GL_EXT_textur
e_sRGB GL_EXT_texture_sRGB_R8 GL_EXT_texture_sRGB_decode GL_EXT_texture_shared_exponent GL_EXT_texture_snorm GL_EXT_texture_storage GL_EXT_texture_swizzle GL_EXT_timer_query GL_EXT_transform_feedback GL_EXT_vertex_array_bgra GL_EXT_vertex_attrib_64bit GL_IBM_multimode_draw_arrays GL_KHR_blend_equation_advanced GL_KHR_context_flush_control GL_KHR_debug GL_KHR_no_error GL_KHR_parallel_shader_compile GL_KHR_robust_buffer_access_behavior GL_KHR_robustness GL_KHR_shader_subgroup GL_KHR_texture_compression_astc_ldr GL_KHR_texture_compression_astc_sliced_3d GL_MESA_framebuffer_flip_y GL_MESA_pack_invert GL_MESA_shader_integer_functions GL_MESA_texture_signed_rgba GL_NVX_gpu_memory_info GL_NV_conditional_render GL_NV_copy_image GL_NV_depth_clamp GL_NV_fragment_shader_interlock GL_NV_packed_depth_stencil GL_NV_sample_locations GL_NV_shader_atomic_float GL_NV_shader_atomic_int64 GL_NV_texture_barrier GL_NV_timeline_semaphore GL_OES_EGL_image GL_OVR_multiview GL_OVR_multiview2 GL_OVR_multiview_multisampled_render_to_te
xture GL_S3_s3tc
OPENGL LOG: Creating OpenGL 4.6 graphics device ; Context level  <OpenGL 4.5> ; Context handle 281713280
Begin MonoManager ReloadAssembly
- Completed reload, in  0.057 seconds
Default vsync count 0
requesting resize 1920 x 1080
Using native desktop resolution 1920 x 1080
requesting fullscreen 1920 x 1080 at 0 Hz
Desktop is 1920 x 1080 @ 60 Hz
UnloadTime: 0.699051 ms
Creating new save file 
(Filename: ./Runtime/Export/Debug/Debug.bindings.h Line: 35)

DontDestroyOnLoad only works for root GameObjects or components on root GameObjects. 
(Filename:  Line: 606)

DontDestroyOnLoad only works for root GameObjects or components on root GameObjects. 
(Filename:  Line: 606)

[S_API] SteamAPI_Init(): Loaded '/home/chromagor/.local/share/Steam/linux64/steamclient.so' OK.
Setting breakpad minidump AppID = 1625450
SteamInternal_SetMinidumpSteamID:  Caching Steam ID:  76561199397160167 [API loaded no]
Steam initialized: Chromagor 
(Filename: ./Runtime/Export/Debug/Debug.bindings.h Line: 35)

updates sens to: 1 
(Filename: ./Runtime/Export/Debug/Debug.bindings.h Line: 35)

Setting grass to: True 
(Filename: ./Runtime/Export/Debug/Debug.bindings.h Line: 35)

Setting tutorial to: True 
(Filename: ./Runtime/Export/Debug/Debug.bindings.h Line: 35)

updating shadow quality 
(Filename: ./Runtime/Export/Debug/Debug.bindings.h Line: 35)

updating shadow res 
(Filename: ./Runtime/Export/Debug/Debug.bindings.h Line: 35)

updating shadow cascades 
(Filename: ./Runtime/Export/Debug/Debug.bindings.h Line: 35)

updating shadow distance 
(Filename: ./Runtime/Export/Debug/Debug.bindings.h Line: 35)

updating texture quality 
(Filename: ./Runtime/Export/Debug/Debug.bindings.h Line: 35)

updating AA 
(Filename: ./Runtime/Export/Debug/Debug.bindings.h Line: 35)

updating soft particles 
(Filename: ./Runtime/Export/Debug/Debug.bindings.h Line: 35)

updating bloom 
(Filename: ./Runtime/Export/Debug/Debug.bindings.h Line: 35)

updating motion blur 
(Filename: ./Runtime/Export/Debug/Debug.bindings.h Line: 35)

updating AO 
(Filename: ./Runtime/Export/Debug/Debug.bindings.h Line: 35)

finding custom res 
(Filename: ./Runtime/Export/Debug/Debug.bindings.h Line: 35)

Updated screen resoltion 
(Filename: ./Runtime/Export/Debug/Debug.bindings.h Line: 35)

updated fullscreen 
(Filename: ./Runtime/Export/Debug/Debug.bindings.h Line: 35)

updated vsync 
(Filename: ./Runtime/Export/Debug/Debug.bindings.h Line: 35)

updated fullscreenmode 
(Filename: ./Runtime/Export/Debug/Debug.bindings.h Line: 35)

updated fps limit 
(Filename: ./Runtime/Export/Debug/Debug.bindings.h Line: 35)

updated volume 
(Filename: ./Runtime/Export/Debug/Debug.bindings.h Line: 35)

updated music 
(Filename: ./Runtime/Export/Debug/Debug.bindings.h Line: 35)

Initializing packets. 
(Filename: ./Runtime/Export/Debug/Debug.bindings.h Line: 35)

Muck started: 1 
(Filename: ./Runtime/Export/Debug/Debug.bindings.h Line: 35)

requesting resize 1920 x 1080
Using native desktop resolution 1920 x 1080
requesting fullscreen 1920 x 1080 at 60 Hz
Desktop is 1920 x 1080 @ 60 Hz
/proc/self/maps:
00400000-00401000 r-xp 00000000 103:02 15469813                          /home/chromagor/.local/share/Steam/steamapps/common/Muck/Muck.x86_64
00600000-00601000 r--p 00000000 103:02 15469813                          /home/chromagor/.local/share/Steam/steamapps/common/Muck/Muck.x86_64
00601000-00602000 rw-p 00001000 103:02 15469813                          /home/chromagor/.local/share/Steam/steamapps/common/Muck/Muck.x86_64
0fdd5000-12c94000 rw-p 00000000 00:00 0                                  [heap]
4079a000-408d2000 rwxp 00000000 00:00 0 
40e7b000-40e8b000 rwxp 00000000 00:00 0 
7f96dc000000-7f96dc021000 rw-p 00000000 00:00 0 
7f96dc021000-7f96e0000000 ---p 00000000 00:00 0 
7f96e4000000-7f96e4051000 rw-p 00000000 00:00 0 
7f96e4051000-7f96e8000000 ---p 00000000 00:00 0 
7f96e8000000-7f96e8021000 rw-p 00000000 00:00 0 
7f96e8021000-7f96ec000000 ---p 00000000 00:00 0 
7f96ec000000-7f96ec052000 rw-p 00000000 00:00 0 
7f96ec052000-7f96f0000000 ---p 00000000 00:00 0 
7f96f0000000-7f96f0021000 rw-p 00000000 00:00 0 
7f96f0021000-7f96f4000000 ---p 00000000 00:00 0 
7f96f4000000-7f96f4023000 rw-p 00000000 00:00 0 
7f96f4023000-7f96f8000000 ---p 00000000 00:00 0 
7f96f83ff000-7f96f9400000 rw-p 00000000 00:00 0 
7f96f9400000-7f96fa114000 r--p 00000000 103:02 15349358                  /home/chromagor/.local/share/Steam/linux64/steamclient.so
7f96fa114000-7f96fbd5f000 r-xp 00d13000 103:02 15349358                  /home/chromagor/.local/share/Steam/linux64/steamclient.so
7f96fbd5f000-7f96fbeb4000 r--p 0295d000 103:02 15349358                  /home/chromagor/.local/share/Steam/linux64/steamclient.so
7f96fbeb4000-7f96fbeec000 rw-p 02ab1000 103:02 15349358                  /home/chromagor/.local/share/Steam/linux64/steamclient.so
7f96fbeec000-7f96fbf9d000 rw-p 00000000 00:00 0 
7f96fc000000-7f96fc093000 rw-p 00000000 00:00 0 
7f96fc093000-7f9700000000 ---p 00000000 00:00 0 
7f9700000000-7f97000e5000 rw-p 00000000 00:00 0 
7f97000e5000-7f9704000000 ---p 00000000 00:00 0 
7f9704000000-7f9704093000 rw-p 00000000 00:00 0 
7f9704093000-7f9708000000 ---p 00000000 00:00 0 
7f9708ffd000-7f970c000000 rw-p 00000000 00:00 0 
7f970c000000-7f970cdb4000 rw-p 00000000 00:00 0 
7f970cdb4000-7f9710000000 ---p 00000000 00:00 0 
7f9710000000-7f9710100000 rw-p 00000000 00:00 0 
7f9710100000-7f9720000000 ---p 00000000 00:00 0 
7f9720000000-7f9728884000 rw-p 00000000 00:00 0 
7f9728884000-7f972e3ef000 ---p 00000000 00:00 0 
7f972e3ef000-7f972e503000 rw-p 00000000 00:00 0 
7f972e503000-7f972f34d000 ---p 00000000 00:00 0 
7f972f34d000-7f9730000000 ---p 00000000 00:00 0 
7f9730000000-7f9730de3000 rw-p 00000000 00:00 0 
7f9730de3000-7f9734000000 ---p 00000000 00:00 0 
7f97349fc000-7f97349fe000 rw-p 00000000 00:00 0 
7f97349fe000-7f9734a06000 ---p 00000000 00:00 0 
7f9734a06000-7f9734bff000 rw-p 00000000 00:00 0 
7f9734bff000-7f9734c07000 ---p 00000000 00:00 0 
7f9734c07000-7f9734e00000 rw-p 00000000 00:00 0 
7f9734e00000-7f9734e08000 ---p 00000000 00:00 0 
7f9734e08000-7f9736000000 rw-p 00000000 00:00 0 
7f9738000000-7f9738091000 rw-p 00000000 00:00 0 
7f9738091000-7f973c000000 ---p 00000000 00:00 0 
7f973c000000-7f973c644000 rw-p 00000000 00:00 0 
7f973c644000-7f9740000000 ---p 00000000 00:00 0 
7f9740000000-7f9740533000 rw-p 00000000 00:00 0 
7f9740533000-7f9750000000 ---p 00000000 00:00 0 
7f9750000000-7f9750400000 rw-p 00000000 00:00 0 
7f9750400000-7f9750600000 ---p 00000000 00:00 0 
7f9750600000-7f9760000000 ---p 00000000 00:00 0 
7f9760000000-7f9760001000 rw-p 00000000 00:00 0 
7f9760001000-7f9763311000 ---p 00000000 00:00 0 
7f9763311000-7f976dbf0000 rw-p 00000000 00:00 0 
7f976dbf0000-7f9770000000 ---p 00000000 00:00 0 
7f9773817000-7f9774000000 rw-s 00000000 00:06 888                        /dev/nvidiactl
7f9774000000-7f9774188000 rw-p 00000000 00:00 0 
7f9774188000-7f9778000000 ---p 00000000 00:00 0 
7f9778000000-7f977869d000 rw-p 00000000 00:00 0 
7f977869d000-7f977c000000 ---p 00000000 00:00 0 
7f977c000000-7f977c021000 rw-p 00000000 00:00 0 
7f977c021000-7f9780000000 ---p 00000000 00:00 0 
7f9780000000-7f9780021000 rw-p 00000000 00:00 0 
7f9780021000-7f9784000000 ---p 00000000 00:00 0 
7f9784000000-7f978b3b7000 rw-p 00000000 00:00 0 
7f978b3b7000-7f978c000000 ---p 00000000 00:00 0 
7f978c000000-7f978c021000 rw-p 00000000 00:00 0 
7f978c021000-7f9790000000 ---p 00000000 00:00 0 
7f9790000000-7f9791803000 rw-p 00000000 00:00 0 
7f9791803000-7f97a0000000 ---p 00000000 00:00 0 
7f97a0000000-7f97a0400000 rw-p 00000000 00:00 0 
7f97a0400000-7f97b0000000 ---p 00000000 00:00 0 
7f97b0016000-7f97b01ff000 rw-p 00000000 00:00 0 
7f97b01ff000-7f97b0201000 rw-p 00000000 00:00 0 
7f97b0201000-7f97b0209000 ---p 00000000 00:00 0 
7f97b0209000-7f97b0400000 rw-p 00000000 00:00 0 
7f97b0400000-7f97b064e000 r--p 00000000 103:02 15469830                  /home/chromagor/.local/share/Steam/steamapps/common/Muck/Muck_Data/Managed/System.Xml.dll
7f97b06ca000-7f97b0839000 rw-p 00000000 00:00 0 
7f97b0839000-7f97b0c39000 rw-s 00000000 00:06 890                        /dev/nvidia0
7f97b0dff000-7f97b1e00000 rw-p 00000000 00:00 0 
7f97b1e23000-7f97b1ff3000 rw-s 00000000 00:06 890                        /dev/nvidia0
7f97b1ff3000-7f97b21f3000 rw-s 00000000 00:06 890                        /dev/nvidia0
7f97b21f3000-7f97b23f3000 rw-s 00000000 00:06 890                        /dev/nvidia0
7f97b23f3000-7f97b25f3000 rw-s 00000000 00:06 890                        /dev/nvidia0
7f97b25f3000-7f97b27f3000 rw-s 00000000 00:06 888                        /dev/nvidiactl
7f97b27f3000-7f97b29f3000 rw-s 00000000 00:06 888                        /dev/nvidiactl
7f97b2b67000-7f97b2df3000 rw-p 00000000 00:00 0 
7f97b2df3000-7f97b2ff3000 rw-s 00000000 00:06 888                        /dev/nvidiactl
7f97b2ff3000-7f97c0000000 rw-p 00000000 00:00 0 
7f97c0000000-7f97c0f00000 rw-p 00000000 00:00 0 
7f97c0f00000-7f97c1200000 ---p 00000000 00:00 0 
7f97c1200000-7f97d0000000 ---p 00000000 00:00 0 
7f97d0000000-7f97d0200000 rw-s 00000000 00:06 888                        /dev/nvidiactl
7f97d0200000-7f97d0400000 rw-s 00000000 00:06 888                        /dev/nvidiactl
7f97d0400000-7f97d0600000 rw-s 00000000 00:06 890                        /dev/nvidia0
7f97d0600000-7f97d0800000 rw-s 00000000 00:06 888                        /dev/nvidiactl
7f97d0800000-7f97d0a0b000 r--p 00000000 103:02 15469832                  /home/chromagor/.local/share/Steam/steamapps/common/Muck/Muck_Data/Managed/System.dll
7f97d0a60000-7f97d0aac000 r--p 00000000 103:02 15469818                  /home/chromagor/.local/share/Steam/steamapps/common/Muck/Muck_Data/Managed/Mono.Security.dll
7f97d0aac000-7f97d0c00000 rw-p 00000000 00:00 0 
7f97d0c00000-7f97d0c08000 r-xp 00000000 103:02 14957895                  /usr/lib/x86_64-linux-gnu/libogg.so.0.8.2
7f97d0c08000-7f97d0e07000 ---p 00008000 103:02 14957895                  /usr/lib/x86_64-linux-gnu/libogg.so.0.8.2
7f97d0e07000-7f97d0e08000 r--p 00007000 103:02 14957895                  /usr/lib/x86_64-linux-gnu/libogg.so.0.8.2
7f97d0e08000-7f97d0e09000 rw-p 00008000 103:02 14957895                  /usr/lib/x86_64-linux-gnu/libogg.so.0.8.2
7f97d0e1c000-7f97d0ff9000 rw-p 00000000 00:00 0 
7f97d0ff9000-7f97d8000000 rw-p 00000000 00:00 0 
7f97d8000000-7f97d8021000 rw-p 00000000 00:00 0 
7f97d8021000-7f97dc000000 ---p 00000000 00:00 0 
7f97dc000000-7f97dc200000 rw-s 00000000 00:06 888                        /dev/nvidiactl
7f97dc200000-7f97dc205000 r-xp 00000000 103:02 14957346                  /usr/lib/x86_64-linux-gnu/libasyncns.so.0.3.1
7f97dc205000-7f97dc404000 ---p 00005000 103:02 14957346                  /usr/lib/x86_64-linux-gnu/libasyncns.so.0.3.1
7f97dc404000-7f97dc405000 r--p 00004000 103:02 14957346                  /usr/lib/x86_64-linux-gnu/libasyncns.so.0.3.1
7f97dc405000-7f97dc406000 rw-p 00005000 103:02 14957346                  /usr/lib/x86_64-linux-gnu/libasyncns.so.0.3.1
7f97dc427000-7f97dc4c0000 rw-p 00000000 00:00 0 
7f97dc4c0000-7f97dc540000 rw-s 00000000 00:06 888                        /dev/nvidiactl
7f97dc540000-7f97dc5c0000 rw-s 00000000 00:06 888                        /dev/nvidiactl
7f97dc5c0000-7f97dc600000 rw-p 00000000 00:00 0 
7f97dc600000-7f97dc605000 r-xp 00000000 103:02 14957946                  /usr/lib/x86_64-linux-gnu/libXtst.so.6.1.0
7f97dc605000-7f97dc804000 ---p 00005000 103:02 14957946                  /usr/lib/x86_64-linux-gnu/libXtst.so.6.1.0
7f97dc804000-7f97dc805000 r--p 00004000 103:02 14957946                  /usr/lib/x86_64-linux-gnu/libXtst.so.6.1.0
7f97dc805000-7f97dc806000 rw-p 00005000 103:02 14957946                  /usr/lib/x86_64-linux-gnu/libXtst.so.6.1.0
7f97dc83c000-7f97dc87c000 rw-p 00000000 00:00 0 
7f97dc87c000-7f97dc87e000 rw-p 00000000 00:00 0 
7f97dc87e000-7f97dc886000 ---p 00000000 00:00 0 
7f97dc886000-7f97dc8fd000 rw-p 00000000 00:00 0 
7f97dc8fd000-7f97dca00000 r--p 00000000 103:02 15469819                  /home/chromagor/.local/share/Steam/steamapps/common/Muck/Muck_Data/Managed/System.Core.dll
7f97dca00000-7f97dca17000 r-xp 00000000 103:02 14957590                  /usr/lib/x86_64-linux-gnu/libICE.so.6.3.0
7f97dca17000-7f97dcc17000 ---p 00017000 103:02 14957590                  /usr/lib/x86_64-linux-gnu/libICE.so.6.3.0
7f97dcc17000-7f97dcc18000 r--p 00017000 103:02 14957590                  /usr/lib/x86_64-linux-gnu/libICE.so.6.3.0
7f97dcc18000-7f97dcc19000 rw-p 00018000 103:02 14957590                  /usr/lib/x86_64-linux-gnu/libICE.so.6.3.0
7f97dcc19000-7f97dcc1d000 rw-p 00000000 00:00 0 
7f97dcc51000-7f97dcd52000 rw-p 00000000 00:00 0 
7f97dcd52000-7f97dcd66000 r--p 00000000 103:02 14957933                  /usr/lib/x86_64-linux-gnu/libvorbisenc.so.2.0.11
7f97dcd66000-7f97dcd69000 r-xp 00014000 103:02 14957933                  /usr/lib/x86_64-linux-gnu/libvorbisenc.so.2.0.11
7f97dcd69000-7f97dcde0000 r--p 00017000 103:02 14957933                  /usr/lib/x86_64-linux-gnu/libvorbisenc.so.2.0.11
7f97dcde0000-7f97dcdfc000 r--p 0008d000 103:02 14957933                  /usr/lib/x86_64-linux-gnu/libvorbisenc.so.2.0.11
7f97dcdfc000-7f97dcdfd000 rw-p 000a9000 103:02 14957933                  /usr/lib/x86_64-linux-gnu/libvorbisenc.so.2.0.11
7f97dcdfd000-7f97dcffd000 rw-s 00000000 00:06 888                        /dev/nvidiactl
7f97dcffd000-7f97e0000000 rw-p 00000000 00:00 0 
7f97e0000000-7f97e0021000 rw-p 00000000 00:00 0 
7f97e0021000-7f97e4000000 ---p 00000000 00:00 0 
7f97e402d000-7f97e4816000 rw-s 00000000 00:06 888                        /dev/nvidiactl
7f97e4816000-7f97e4fff000 rw-s 00000000 00:06 888                        /dev/nvidiactl
7f97e4fff000-7f97e6000000 rw-p 00000000 00:00 0 
7f97e6000000-7f97e604c000 r-xp 00000000 103:02 15469895                  /home/chromagor/.local/share/Steam/steamapps/common/Muck/Muck_Data/Plugins/libsteam_api.so
7f97e604c000-7f97e624c000 ---p 0004c000 103:02 15469895                  /home/chromagor/.local/share/Steam/steamapps/common/Muck/Muck_Data/Plugins/libsteam_api.so
7f97e624c000-7f97e624e000 r--p 0004c000 103:02 15469895                  /home/chromagor/.local/share/Steam/steamapps/common/Muck/Muck_Data/Plugins/libsteam_api.so
7f97e624e000-7f97e624f000 rw-p 0004e000 103:02 15469895                  /home/chromagor/.local/share/Steam/steamapps/common/Muck/Muck_Data/Plugins/libsteam_api.so
7f97e624f000-7f97e6260000 rw-p 00000000 00:00 0 
7f97e627e000-7f97e6293000 r--p 00000000 103:02 15469821                  /home/chromagor/.local/share/Steam/steamapps/common/Muck/Muck_Data/Managed/netstandard.dll
7f97e6293000-7f97e629c000 r--p 00000000 103:02 14957777                  /usr/lib/x86_64-linux-gnu/libFLAC.so.8.3.0
7f97e629c000-7f97e62f2000 r-xp 00009000 103:02 14957777                  /usr/lib/x86_64-linux-gnu/libFLAC.so.8.3.0
7f97e62f2000-7f97e62fb000 r--p 0005f000 103:02 14957777                  /usr/lib/x86_64-linux-gnu/libFLAC.so.8.3.0
7f97e62fb000-7f97e62fd000 r--p 00067000 103:02 14957777                  /usr/lib/x86_64-linux-gnu/libFLAC.so.8.3.0
7f97e62fd000-7f97e62fe000 rw-p 00069000 103:02 14957777                  /usr/lib/x86_64-linux-gnu/libFLAC.so.8.3.0
7f97e62fe000-7f97e6305000 r--p 00000000 103:02 14958113                  /usr/lib/x86_64-linux-gnu/libsndfile.so.1.0.28
7f97e6305000-7f97e6357000 r-xp 00007000 103:02 14958113                  /usr/lib/x86_64-linux-gnu/libsndfile.so.1.0.28
7f97e6357000-7f97e6374000 r--p 00059000 103:02 14958113                  /usr/lib/x86_64-linux-gnu/libsndfile.so.1.0.28
7f97e6374000-7f97e6377000 r--p 00075000 103:02 14958113                  /usr/lib/x86_64-linux-gnu/libsndfile.so.1.0.28
7f97e6377000-7f97e6378000 rw-p 00078000 103:02 14958113                  /usr/lib/x86_64-linux-gnu/libsndfile.so.1.0.28
7f97e6378000-7f97e637a000 rw-p 00000000 00:00 0 
7f97e637a000-7f97e638e000 r--p 00000000 103:02 14958014                  /usr/lib/x86_64-linux-gnu/pulseaudio/libpulsecommon-12.2.so
7f97e638e000-7f97e63d6000 r-xp 00014000 103:02 14958014                  /usr/lib/x86_64-linux-gnu/pulseaudio/libpulsecommon-12.2.so
7f97e63d6000-7f97e63fc000 r--p 0005c000 103:02 14958014                  /usr/lib/x86_64-linux-gnu/pulseaudio/libpulsecommon-12.2.so
7f97e63fc000-7f97e63fd000 ---p 00082000 103:02 14958014                  /usr/lib/x86_64-linux-gnu/pulseaudio/libpulsecommon-12.2.so
7f97e63fd000-7f97e63ff000 r--p 00082000 103:02 14958014                  /usr/lib/x86_64-linux-gnu/pulseaudio/libpulsecommon-12.2.so
7f97e63ff000-7f97e6400000 rw-p 00084000 103:02 14958014                  /usr/lib/x86_64-linux-gnu/pulseaudio/libpulsecommon-12.2.so
7f97e6400000-7f97e67ba000 r--p 00000000 103:02 15469816                  /home/chromagor/.local/share/Steam/steamapps/common/Muck/Muck_Data/Managed/mscorlib.dll
7f97e67bd000-7f97e67c8000 r--p 00000000 103:02 15469826                  /home/chromagor/.local/share/Steam/steamapps/common/Muck/Muck_Data/Managed/System.Configuration.dll
7f97e67c8000-7f97e67cc000 rw-p 00000000 00:00 0 
7f97e67cc000-7f97e67ed000 rw-p 00000000 00:00 0 
7f97e67ed000-7f97e67f0000 r--p 00000000 103:02 33557890                  /run/host/usr/lib/libresolv.so.2
7f97e67f0000-7f97e67f9000 r-xp 00003000 103:02 33557890                  /run/host/usr/lib/libresolv.so.2
7f97e67f9000-7f97e67fc000 r--p 0000c000 103:02 33557890                  /run/host/usr/lib/libresolv.so.2
7f97e67fc000-7f97e67fd000 r--p 0000f000 103:02 33557890                  /run/host/usr/lib/libresolv.so.2
7f97e67fd000-7f97e67fe000 rw-p 00010000 103:02 33557890                  /run/host/usr/lib/libresolv.so.2
7f97e67fe000-7f97e6800000 rw-p 00000000 00:00 0 
7f97e6800000-7f97e6b54000 r-xp 00000000 103:02 15469894                  /home/chromagor/.local/share/Steam/steamapps/common/Muck/Muck_Data/MonoBleedingEdge/x86_64/libmonobdwgc-2.0.so
7f97e6b54000-7f97e6d54000 ---p 00354000 103:02 15469894                  /home/chromagor/.local/share/Steam/steamapps/common/Muck/Muck_Data/MonoBleedingEdge/x86_64/libmonobdwgc-2.0.so
7f97e6d54000-7f97e6d5b000 r--p 00354000 103:02 15469894                  /home/chromagor/.local/share/Steam/steamapps/common/Muck/Muck_Data/MonoBleedingEdge/x86_64/libmonobdwgc-2.0.so
7f97e6d5b000-7f97e6d61000 rw-p 0035b000 103:02 15469894                  /home/chromagor/.local/share/Steam/steamapps/common/Muck/Muck_Data/MonoBleedingEdge/x86_64/libmonobdwgc-2.0.so
7f97e6d61000-7f97e6f7d000 rw-p 00000000 00:00 0 
7f97e6f7e000-7f97e6f86000 rw-p 00000000 00:00 0 
7f97e6f86000-7f97e6f8a000 r--p 00000000 103:02 14958539                  /usr/lib/x86_64-linux-gnu/libvorbis.so.0.4.8
7f97e6f8a000-7f97e6fa0000 r-xp 00004000 103:02 14958539                  /usr/lib/x86_64-linux-gnu/libvorbis.so.0.4.8
7f97e6fa0000-7f97e6fb1000 r--p 0001a000 103:02 14958539                  /usr/lib/x86_64-linux-gnu/libvorbis.so.0.4.8
7f97e6fb1000-7f97e6fb2000 ---p 0002b000 103:02 14958539                  /usr/lib/x86_64-linux-gnu/libvorbis.so.0.4.8
7f97e6fb2000-7f97e6fb3000 r--p 0002b000 103:02 14958539                  /usr/lib/x86_64-linux-gnu/libvorbis.so.0.4.8
7f97e6fb3000-7f97e6fb4000 rw-p 0002c000 103:02 14958539                  /usr/lib/x86_64-linux-gnu/libvorbis.so.0.4.8
7f97e6fb4000-7f97e6fb8000 r--p 00000000 103:02 33557869                  /run/host/usr/lib/libnsl.so.1
7f97e6fb8000-7f97e6fc6000 r-xp 00004000 103:02 33557869                  /run/host/usr/lib/libnsl.so.1
7f97e6fc6000-7f97e6fcc000 r--p 00012000 103:02 33557869                  /run/host/usr/lib/libnsl.so.1
7f97e6fcc000-7f97e6fcd000 r--p 00017000 103:02 33557869                  /run/host/usr/lib/libnsl.so.1
7f97e6fcd000-7f97e6fce000 rw-p 00018000 103:02 33557869                  /run/host/usr/lib/libnsl.so.1
7f97e6fce000-7f97e6fd0000 rw-p 00000000 00:00 0 
7f97e6fd0000-7f97e6fd2000 r--p 00000000 103:02 14957924                  /usr/lib/x86_64-linux-gnu/libuuid.so.1.3.0
7f97e6fd2000-7f97e6fd6000 r-xp 00002000 103:02 14957924                  /usr/lib/x86_64-linux-gnu/libuuid.so.1.3.0
7f97e6fd6000-7f97e6fd7000 r--p 00006000 103:02 14957924                  /usr/lib/x86_64-linux-gnu/libuuid.so.1.3.0
7f97e6fd7000-7f97e6fd8000 r--p 00006000 103:02 14957924                  /usr/lib/x86_64-linux-gnu/libuuid.so.1.3.0
7f97e6fd8000-7f97e6fd9000 rw-p 00007000 103:02 14957924                  /usr/lib/x86_64-linux-gnu/libuuid.so.1.3.0
7f97e6fd9000-7f97e6fdd000 r--p 00000000 103:02 14957607                  /usr/lib/x86_64-linux-gnu/libbsd.so.0.9.1
7f97e6fdd000-7f97e6fec000 r-xp 00004000 103:02 14957607                  /usr/lib/x86_64-linux-gnu/libbsd.so.0.9.1
7f97e6fec000-7f97e6fef000 r--p 00013000 103:02 14957607                  /usr/lib/x86_64-linux-gnu/libbsd.so.0.9.1
7f97e6fef000-7f97e6ff0000 ---p 00016000 103:02 14957607                  /usr/lib/x86_64-linux-gnu/libbsd.so.0.9.1
7f97e6ff0000-7f97e6ff1000 r--p 00016000 103:02 14957607                  /usr/lib/x86_64-linux-gnu/libbsd.so.0.9.1
7f97e6ff1000-7f97e6ff2000 rw-p 00017000 103:02 14957607                  /usr/lib/x86_64-linux-gnu/libbsd.so.0.9.1
7f97e6ff2000-7f97e6ff3000 rw-p 00000000 00:00 0 
7f97e6ff3000-7f97e6ff6000 r--p 00000000 103:02 14958160                  /usr/lib/x86_64-linux-gnu/libwrap.so.0.7.6
7f97e6ff6000-7f97e6ffb000 r-xp 00003000 103:02 14958160                  /usr/lib/x86_64-linux-gnu/libwrap.so.0.7.6
7f97e6ffb000-7f97e6ffd000 r--p 00008000 103:02 14958160                  /usr/lib/x86_64-linux-gnu/libwrap.so.0.7.6
7f97e6ffd000-7f97e6ffe000 r--p 00009000 103:02 14958160                  /usr/lib/x86_64-linux-gnu/libwrap.so.0.7.6
7f97e6ffe000-7f97e6fff000 rw-p 0000a000 103:02 14958160                  /usr/lib/x86_64-linux-gnu/libwrap.so.0.7.6
7f97e6fff000-7f97e8000000 rw-p 00000000 00:00 0 
7f97e8000000-7f97e8078000 rw-p 00000000 00:00 0 
7f97e8078000-7f97ec000000 ---p 00000000 00:00 0 
7f97ec001000-7f97ec005000 rw-p 00000000 00:00 0 
7f97ec005000-7f97ec007000 r--p 00000000 103:02 14957996                  /usr/lib/x86_64-linux-gnu/libSM.so.6.0.1
7f97ec007000-7f97ec00c000 r-xp 00002000 103:02 14957996                  /usr/lib/x86_64-linux-gnu/libSM.so.6.0.1
7f97ec00c000-7f97ec00e000 r--p 00007000 103:02 14957996                  /usr/lib/x86_64-linux-gnu/libSM.so.6.0.1
7f97ec00e000-7f97ec00f000 r--p 00008000 103:02 14957996                  /usr/lib/x86_64-linux-gnu/libSM.so.6.0.1
7f97ec00f000-7f97ec010000 rw-p 00009000 103:02 14957996                  /usr/lib/x86_64-linux-gnu/libSM.so.6.0.1
7f97ec010000-7f97ec01c000 r--p 00000000 103:02 14957894                  /usr/lib/x86_64-linux-gnu/libpulse.so.0.20.3
7f97ec01c000-7f97ec04b000 r-xp 0000c000 103:02 14957894                  /usr/lib/x86_64-linux-gnu/libpulse.so.0.20.3
7f97ec04b000-7f97ec060000 r--p 0003b000 103:02 14957894                  /usr/lib/x86_64-linux-gnu/libpulse.so.0.20.3
7f97ec060000-7f97ec061000 ---p 00050000 103:02 14957894                  /usr/lib/x86_64-linux-gnu/libpulse.so.0.20.3
7f97ec061000-7f97ec063000 r--p 00050000 103:02 14957894                  /usr/lib/x86_64-linux-gnu/libpulse.so.0.20.3
7f97ec063000-7f97ec064000 rw-p 00052000 103:02 14957894                  /usr/lib/x86_64-linux-gnu/libpulse.so.0.20.3
7f97ec064000-7f97ec066000 r--p 00000000 103:02 14957884                  /usr/lib/x86_64-linux-gnu/libpulse-simple.so.0.1.1
7f97ec066000-7f97ec068000 r-xp 00002000 103:02 14957884                  /usr/lib/x86_64-linux-gnu/libpulse-simple.so.0.1.1
7f97ec068000-7f97ec069000 r--p 00004000 103:02 14957884                  /usr/lib/x86_64-linux-gnu/libpulse-simple.so.0.1.1
7f97ec069000-7f97ec06a000 r--p 00004000 103:02 14957884                  /usr/lib/x86_64-linux-gnu/libpulse-simple.so.0.1.1
7f97ec06a000-7f97ec06b000 rw-p 00005000 103:02 14957884                  /usr/lib/x86_64-linux-gnu/libpulse-simple.so.0.1.1
7f97ec06b000-7f97ec16b000 rw-s 00000000 00:06 888                        /dev/nvidiactl
7f97ec16b000-7f97ec1ab000 rw-s 00000000 00:06 888                        /dev/nvidiactl
7f97ec1ab000-7f97ec1cb000 rw-s 00000000 00:06 888                        /dev/nvidiactl
7f97ec1cb000-7f97ec20b000 rw-s 00000000 00:06 888                        /dev/nvidiactl
7f97ec20b000-7f97ec22b000 rw-s 00000000 00:06 888                        /dev/nvidiactl
7f97ec22b000-7f97ec26b000 rw-s 00000000 00:06 888                        /dev/nvidiactl
7f97ec26b000-7f97ec28b000 rw-s 00000000 00:06 888                        /dev/nvidiactl
7f97ec28b000-7f97ec30b000 rw-s 00000000 00:06 888                        /dev/nvidiactl
7f97ec30b000-7f97ec30d000 rw-p 00000000 00:00 0 
7f97ec30d000-7f97ec315000 ---p 00000000 00:00 0 
7f97ec315000-7f97ec50c000 rw-p 00000000 00:00 0 
7f97ec50c000-7f97ec70c000 rw-s 00000000 00:06 888                        /dev/nvidiactl
7f97ec70c000-7f97ec90c000 rw-s 00000000 00:06 888                        /dev/nvidiactl
7f97ec90c000-7f97ef90f000 rw-p 00000000 00:00 0 
7f97ef90f000-7f97f0021000 rw-p 00000000 00:00 0 
7f97f0021000-7f97f4000000 ---p 00000000 00:00 0 
7f97f4000000-7f97f4021000 rw-p 00000000 00:00 0 
7f97f4021000-7f97f8000000 ---p 00000000 00:00 0 
7f97f8000000-7f97f8021000 rw-p 00000000 00:00 0 
7f97f8021000-7f97fc000000 ---p 00000000 00:00 0 
7f97fc000000-7f97fc021000 rw-p 00000000 00:00 0 
7f97fc021000-7f9800000000 ---p 00000000 00:00 0 
7f9800002000-7f9800006000 rw-p 00000000 00:00 0 
7f9800006000-7f980000a000 rw-s 00000000 00:06 888                        /dev/nvidiactl
7f980000a000-7f980008a000 rw-s 00000000 00:06 888                        /dev/nvidiactl
7f980008a000-7f980008b000 rw-p 00000000 00:00 0 
7f980008b000-7f98000ea000 ---p 00000000 00:00 0 
7f98000ea000-7f98001aa000 rw-p 00000000 00:00 0 
7f98001aa000-7f98001af000 r--p 00000000 103:02 33570369                  /run/host/usr/lib/libudev.so.1.7.11
7f98001af000-7f98001d8000 r-xp 00005000 103:02 33570369                  /run/host/usr/lib/libudev.so.1.7.11
7f98001d8000-7f98001ec000 r--p 0002e000 103:02 33570369                  /run/host/usr/lib/libudev.so.1.7.11
7f98001ec000-7f98001f1000 r--p 00042000 103:02 33570369                  /run/host/usr/lib/libudev.so.1.7.11
7f98001f1000-7f98001f2000 rw-p 00047000 103:02 33570369                  /run/host/usr/lib/libudev.so.1.7.11
7f98001f2000-7f9800ffd000 rw-p 00000000 00:00 0 
7f9800ffd000-7f9804000000 rw-p 00000000 00:00 0 
7f9804000000-7f9804021000 rw-p 00000000 00:00 0 
7f9804021000-7f9808000000 ---p 00000000 00:00 0 
7f9808000000-7f9808013000 rw-s 00000000 00:06 888                        /dev/nvidiactl
7f9808013000-7f9808014000 rw-s 00000000 00:06 890                        /dev/nvidia0
7f9808014000-7f9808015000 rw-s 00000000 00:06 890                        /dev/nvidia0
7f9808015000-7f9808017000 rw-s 00000000 00:06 888                        /dev/nvidiactl
7f9808017000-7f980805b000 rw-p 00000000 00:00 0 
7f980805b000-7f98080db000 rw-s 00000000 00:06 888                        /dev/nvidiactl
7f98080db000-7f98082db000 rw-s 00000000 00:06 890                        /dev/nvidia0
7f98082db000-7f980841c000 rw-s 00000000 103:02 15473356                  /home/chromagor/.local/share/Steam/steamapps/shadercache/1625450/mesa_shader_cache_sf/a59c36c74768656f0c1faba9a7173a6761cbae10/zink/index
7f980841c000-7f980861c000 rw-s 00000000 00:06 888                        /dev/nvidiactl
7f980861c000-7f980869c000 rw-s 00000000 00:06 888                        /dev/nvidiactl
7f980869c000-7f980879c000 rw-s 00000000 00:06 888                        /dev/nvidiactl
7f980879c000-7f98087dc000 rw-s 00000000 00:06 888                        /dev/nvidiactl
7f98087dc000-7f98087fc000 rw-s 00000000 00:06 888                        /dev/nvidiactl
7f98087fc000-7f980883c000 rw-s 00000000 00:06 888                        /dev/nvidiactl
7f980883c000-7f980885c000 rw-s 00000000 00:06 888                        /dev/nvidiactl
7f980885c000-7f9808a5c000 rw-s 00000000 00:06 888                        /dev/nvidiactl
7f9808a5c000-7f9808b5c000 rw-s 00000000 00:06 888                        /dev/nvidiactl
7f9808b5c000-7f9808b9c000 rw-s 00000000 00:06 888                        /dev/nvidiactl
7f9808b9c000-7f9808bbc000 rw-s 00000000 00:06 888                        /dev/nvidiactl
7f9808bbc000-7f9808bfc000 rw-s 00000000 00:06 888                        /dev/nvidiactl
7f9808bfc000-7f9809bfd000 rw-p 00000000 00:00 0 
7f9809bfd000-7f9809cfd000 rw-s 00000000 00:06 888                        /dev/nvidiactl
7f9809cfd000-7f980bcff000 rw-p 00000000 00:00 0 
7f980bcff000-7f980bdff000 rw-s 00000000 00:06 888                        /dev/nvidiactl
7f980bdff000-7f980ce00000 rw-p 00000000 00:00 0 
7f980ce00000-7f980ce31000 r--p 00000000 103:02 33606595                  /run/host/usr/lib/libnvidia-glvkspirv.so.580.105.08
7f980ce31000-7f980d54f000 r-xp 00031000 103:02 33606595                  /run/host/usr/lib/libnvidia-glvkspirv.so.580.105.08
7f980d54f000-7f980d680000 r--p 0074f000 103:02 33606595                  /run/host/usr/lib/libnvidia-glvkspirv.so.580.105.08
7f980d680000-7f980d681000 ---p 00880000 103:02 33606595                  /run/host/usr/lib/libnvidia-glvkspirv.so.580.105.08
7f980d681000-7f980d692000 r--p 00880000 103:02 33606595                  /run/host/usr/lib/libnvidia-glvkspirv.so.580.105.08
7f980d692000-7f980d71d000 rw-p 00891000 103:02 33606595                  /run/host/usr/lib/libnvidia-glvkspirv.so.580.105.08
7f980d71d000-7f980d732000 rw-p 00000000 00:00 0 
7f980d732000-7f980d733000 rw-s 00000000 00:06 890                        /dev/nvidia0
7f980d733000-7f980d737000 rw-p 00000000 00:00 0 
7f980d737000-7f980d73a000 r--p 00000000 103:02 33571693                  /run/host/usr/lib/libcap.so.2.77
7f980d73a000-7f980d73f000 r-xp 00003000 103:02 33571693                  /run/host/usr/lib/libcap.so.2.77
7f980d73f000-7f980d741000 r--p 00008000 103:02 33571693                  /run/host/usr/lib/libcap.so.2.77
7f980d741000-7f980d742000 r--p 00009000 103:02 33571693                  /run/host/usr/lib/libcap.so.2.77
7f980d742000-7f980d743000 rw-p 0000a000 103:02 33571693                  /run/host/usr/lib/libcap.so.2.77
7f980d743000-7f980d74a000 r--s 00000000 103:02 33608774                  /run/host/usr/lib/gconv/gconv-modules.cache
7f980d74a000-7f980d78a000 rw-s 00000000 00:06 888                        /dev/nvidiactl
7f980d78a000-7f980d80a000 rw-s 00000000 00:06 888                        /dev/nvidiactl
7f980d80a000-7f980d88a000 rw-s 00000000 00:06 888                        /dev/nvidiactl
7f980d88a000-7f980d8ac000 r--p 00000000 103:02 15349340                  /home/chromagor/.local/share/Steam/ubuntu12_64/steamoverlayvulkanlayer.so
7f980d8ac000-7f980d906000 r-xp 00021000 103:02 15349340                  /home/chromagor/.local/share/Steam/ubuntu12_64/steamoverlayvulkanlayer.so
7f980d906000-7f980d90b000 r--p 0007a000 103:02 15349340                  /home/chromagor/.local/share/Steam/ubuntu12_64/steamoverlayvulkanlayer.so
7f980d90b000-7f980d918000 rw-p 0007e000 103:02 15349340                  /home/chromagor/.local/share/Steam/ubuntu12_64/steamoverlayvulkanlayer.so
7f980d918000-7f980d91a000 rw-p 00000000 00:00 0 
7f980d91a000-7f980d94d000 r--p 00000000 103:02 15349338                  /home/chromagor/.local/share/Steam/ubuntu12_64/libVkLayer_steam_fossilize.so
7f980d94d000-7f980d9f8000 r-xp 00032000 103:02 15349338                  /home/chromagor/.local/share/Steam/ubuntu12_64/libVkLayer_steam_fossilize.so
7f980d9f8000-7f980d9fd000 r--p 000dc000 103:02 15349338                  /home/chromagor/.local/share/Steam/ubuntu12_64/libVkLayer_steam_fossilize.so
7f980d9fd000-7f980d9fe000 rw-p 000e0000 103:02 15349338                  /home/chromagor/.local/share/Steam/ubuntu12_64/libVkLayer_steam_fossilize.so
7f980d9fe000-7f980da00000 rw-p 00000000 00:00 0 
7f980da00000-7f980dcab000 r--p 00000000 103:02 33606599                  /run/host/usr/lib/libnvidia-gpucomp.so.580.105.08
7f980dcab000-7f9810d98000 r-xp 002ab000 103:02 33606599                  /run/host/usr/lib/libnvidia-gpucomp.so.580.105.08
7f9810d98000-7f9811c08000 r--p 03398000 103:02 33606599                  /run/host/usr/lib/libnvidia-gpucomp.so.580.105.08
7f9811c08000-7f9811c09000 ---p 04208000 103:02 33606599                  /run/host/usr/lib/libnvidia-gpucomp.so.580.105.08
7f9811c09000-7f9811de0000 r--p 04208000 103:02 33606599                  /run/host/usr/lib/libnvidia-gpucomp.so.580.105.08
7f9811de0000-7f9811eeb000 rw-p 043df000 103:02 33606599                  /run/host/usr/lib/libnvidia-gpucomp.so.580.105.08
7f9811eeb000-7f9811f8b000 rw-p 00000000 00:00 0 
7f9811f8b000-7f9811f8c000 rw-s 00000000 00:06 890                        /dev/nvidia0
7f9811f8c000-7f9811f8d000 rw-s 00000000 00:06 890                        /dev/nvidia0
7f9811f8d000-7f9811fa0000 rw-s 00000000 00:06 888                        /dev/nvidiactl
7f9811fa0000-7f9811fc0000 rw-s 00000000 00:06 888                        /dev/nvidiactl
7f9811fc0000-7f9812000000 rw-s 00000000 00:06 888                        /dev/nvidiactl
7f9812000000-7f9812259000 r-xp 00000000 103:02 33606590                  /run/host/usr/lib/libnvidia-glcore.so.580.105.08
7f9812259000-7f981227a000 rwxp 00259000 103:02 33606590                  /run/host/usr/lib/libnvidia-glcore.so.580.105.08
7f981227a000-7f9812400000 r-xp 0027a000 103:02 33606590                  /run/host/usr/lib/libnvidia-glcore.so.580.105.08
7f9812400000-7f9813000000 r-xp 00400000 103:02 33606590                  /run/host/usr/lib/libnvidia-glcore.so.580.105.08
7f9813000000-7f9814177000 r-xp 01000000 103:02 33606590                  /run/host/usr/lib/libnvidia-glcore.so.580.105.08
7f9814177000-7f98142f2000 r--p 02176000 103:02 33606590                  /run/host/usr/lib/libnvidia-glcore.so.580.105.08
7f98142f2000-7f9814355000 rw-p 022f1000 103:02 33606590                  /run/host/usr/lib/libnvidia-glcore.so.580.105.08
7f9814355000-7f9814374000 rw-p 00000000 00:00 0 
7f9814374000-7f9814375000 rw-s 00000000 00:06 888                        /dev/nvidiactl
7f9814375000-7f9814376000 rw-s 00000000 00:19 37531                      /dev/shm/mono.15853
7f9814376000-7f9814377000 rw-s 00000000 00:06 888                        /dev/nvidiactl
7f9814377000-7f9814378000 r-xp 00000000 00:00 0 
7f9814378000-7f9814379000 r--p 00000000 00:00 0 
7f9814379000-7f981437a000 r-xp 00000000 00:00 0 
7f981437a000-7f981437b000 r--p 00000000 00:00 0 
7f981437b000-7f981437c000 r-xp 00000000 00:00 0 
7f981437c000-7f981437d000 r--p 00000000 00:00 0 
7f981437d000-7f981437e000 r-xp 00000000 00:00 0 
7f981437e000-7f981437f000 r--p 00000000 00:00 0 
7f981437f000-7f9814380000 rw-s 00000000 00:06 888                        /dev/nvidiactl
7f9814380000-7f98143a0000 rw-s 00000000 00:06 888                        /dev/nvidiactl
7f98143a0000-7f98143c0000 rw-s 00000000 00:06 888                        /dev/nvidiactl
7f98143c0000-7f9814400000 rw-s 00000000 00:06 888                        /dev/nvidiactl
7f9814400000-7f9816394000 r--p 00000000 103:02 33573277                  /run/host/usr/lib/libicudata.so.78.1
7f9816394000-7f9816395000 r--p 01f93000 103:02 33573277                  /run/host/usr/lib/libicudata.so.78.1
7f9816395000-7f9816396000 rw-s 00000000 00:06 888                        /dev/nvidiactl
7f9816396000-7f9816397000 rw-s 00000000 00:06 890                        /dev/nvidia0
7f9816397000-7f9816399000 rw-s 00000000 00:06 888                        /dev/nvidiactl
7f9816399000-7f981639a000 rw-s 00000000 00:06 890                        /dev/nvidia0
7f981639a000-7f981639b000 rw-s 00000000 00:06 890                        /dev/nvidia0
7f981639b000-7f981639c000 rw-s 00000000 00:06 888                        /dev/nvidiactl
7f981639c000-7f98163a0000 rw-s 00000000 00:06 888                        /dev/nvidiactl
7f98163a0000-7f98163c0000 rw-s 00000000 00:06 888                        /dev/nvidiactl
7f98163c0000-7f9816400000 rw-s 00000000 00:06 888                        /dev/nvidiactl
7f9816400000-7f9816448000 r--p 00000000 103:02 33573294                  /run/host/usr/lib/libicuuc.so.78.1
7f9816448000-7f9816565000 r-xp 00048000 103:02 33573294                  /run/host/usr/lib/libicuuc.so.78.1
7f9816565000-7f98165f8000 r--p 00165000 103:02 33573294                  /run/host/usr/lib/libicuuc.so.78.1
7f98165f8000-7f981660b000 r--p 001f8000 103:02 33573294                  /run/host/usr/lib/libicuuc.so.78.1
7f981660b000-7f981660c000 rw-p 0020b000 103:02 33573294                  /run/host/usr/lib/libicuuc.so.78.1
7f981660c000-7f981660e000 rw-p 00000000 00:00 0 
7f981660e000-7f9816621000 rw-s 00000000 00:06 888                        /dev/nvidiactl
7f9816621000-7f9816641000 rw-s 00000000 00:06 888                        /dev/nvidiactl
7f9816641000-7f981664d000 r--p 00000000 103:02 14957758                  /usr/lib/x86_64-linux-gnu/libgcrypt.so.20.2.4
7f981664d000-7f981671b000 r-xp 0000c000 103:02 14957758                  /usr/lib/x86_64-linux-gnu/libgcrypt.so.20.2.4
7f981671b000-7f9816758000 r--p 000da000 103:02 14957758                  /usr/lib/x86_64-linux-gnu/libgcrypt.so.20.2.4
7f9816758000-7f981675a000 r--p 00116000 103:02 14957758                  /usr/lib/x86_64-linux-gnu/libgcrypt.so.20.2.4
7f981675a000-7f981675f000 rw-p 00118000 103:02 14957758                  /usr/lib/x86_64-linux-gnu/libgcrypt.so.20.2.4
7f981675f000-7f981676f000 r--p 00000000 103:02 14957932                  /usr/lib/x86_64-linux-gnu/libsystemd.so.0.25.0
7f981676f000-7f98167d9000 r-xp 00010000 103:02 14957932                  /usr/lib/x86_64-linux-gnu/libsystemd.so.0.25.0
7f98167d9000-7f98167fa000 r--p 0007a000 103:02 14957932                  /usr/lib/x86_64-linux-gnu/libsystemd.so.0.25.0
7f98167fa000-7f98167fb000 ---p 0009b000 103:02 14957932                  /usr/lib/x86_64-linux-gnu/libsystemd.so.0.25.0
7f98167fb000-7f98167fe000 r--p 0009b000 103:02 14957932                  /usr/lib/x86_64-linux-gnu/libsystemd.so.0.25.0
7f98167fe000-7f98167ff000 rw-p 0009e000 103:02 14957932                  /usr/lib/x86_64-linux-gnu/libsystemd.so.0.25.0
7f98167ff000-7f9816800000 rw-p 00000000 00:00 0 
7f9816800000-7f9816d3e000 r--p 00000000 103:02 33594734                  /run/host/usr/lib/libLLVM.so.21.1
7f9816d3e000-7f981c557000 r-xp 0053e000 103:02 33594734                  /run/host/usr/lib/libLLVM.so.21.1
7f981c557000-7f981fb81000 r--p 05d57000 103:02 33594734                  /run/host/usr/lib/libLLVM.so.21.1
7f981fb81000-7f981fd8a000 r--p 09380000 103:02 33594734                  /run/host/usr/lib/libLLVM.so.21.1
7f981fd8a000-7f981fdcf000 rw-p 09589000 103:02 33594734                  /run/host/usr/lib/libLLVM.so.21.1
7f981fdcf000-7f981fe97000 rw-p 00000000 00:00 0 
7f981fe97000-7f981fe98000 rw-s 00000000 00:06 890                        /dev/nvidia0
7f981fe98000-7f981feab000 rw-s 00000000 00:06 888                        /dev/nvidiactl
7f981feab000-7f981feae000 r--p 00000000 103:02 33606569                  /run/host/usr/lib/libnvidia-allocator.so.580.105.08
7f981feae000-7f981fec7000 r-xp 00003000 103:02 33606569                  /run/host/usr/lib/libnvidia-allocator.so.580.105.08
7f981fec7000-7f981fed2000 r--p 0001c000 103:02 33606569                  /run/host/usr/lib/libnvidia-allocator.so.580.105.08
7f981fed2000-7f981fed3000 r--p 00026000 103:02 33606569                  /run/host/usr/lib/libnvidia-allocator.so.580.105.08
7f981fed3000-7f981fed4000 rw-p 00027000 103:02 33606569                  /run/host/usr/lib/libnvidia-allocator.so.580.105.08
7f981fed4000-7f981fed5000 rw-p 00000000 00:00 0 
7f981fed5000-7f981ff26000 r--p 00000000 103:02 33596249                  /run/host/usr/lib/libGLX_nvidia.so.580.105.08
7f981ff26000-7f981ff83000 r-xp 00051000 103:02 33596249                  /run/host/usr/lib/libGLX_nvidia.so.580.105.08
7f981ff83000-7f981ffb8000 rwxp 000ae000 103:02 33596249                  /run/host/usr/lib/libGLX_nvidia.so.580.105.08
7f981ffb8000-7f981ffb9000 r-xp 000e3000 103:02 33596249                  /run/host/usr/lib/libGLX_nvidia.so.580.105.08
7f981ffb9000-7f981ffd9000 r--p 000e4000 103:02 33596249                  /run/host/usr/lib/libGLX_nvidia.so.580.105.08
7f981ffd9000-7f981fff9000 r--p 00103000 103:02 33596249                  /run/host/usr/lib/libGLX_nvidia.so.580.105.08
7f981fff9000-7f981fffe000 rw-p 00123000 103:02 33596249                  /run/host/usr/lib/libGLX_nvidia.so.580.105.08
7f981fffe000-7f9820400000 rw-p 00000000 00:00 0 
7f9820400000-7f9830000000 ---p 00000000 00:00 0 
7f9830000000-7f9830400000 rw-p 00000000 00:00 0 
7f9830400000-7f9840000000 ---p 00000000 00:00 0 
7f9840000000-7f9840800000 rw-p 00000000 00:00 0 
7f9840800000-7f9850000000 ---p 00000000 00:00 0 
7f9850000000-7f9851c00000 rw-p 00000000 00:00 0 
7f9851c00000-7f9860000000 ---p 00000000 00:00 0 
7f9860000000-7f9860111000 rw-p 00000000 00:00 0 
7f9860111000-7f9860200000 ---p 00000000 00:00 0 
7f9860200000-7f9860240000 rw-p 00000000 00:00 0 
7f9860240000-7f9860280000 ---p 00000000 00:00 0 
7f9860280000-7f98602c0000 rw-p 00000000 00:00 0 
7f98602c0000-7f9860300000 ---p 00000000 00:00 0 
7f9860300000-7f9860340000 rw-p 00000000 00:00 0 
7f9860340000-7f9860380000 ---p 00000000 00:00 0 
7f9860380000-7f9860388000 rw-p 00000000 00:00 0 
7f9860388000-7f9860390000 ---p 00000000 00:00 0 
7f9860390000-7f9860398000 rw-p 00000000 00:00 0 
7f9860398000-7f98603a0000 ---p 00000000 00:00 0 
7f98603a0000-7f98603a8000 rw-p 00000000 00:00 0 
7f98603a8000-7f98603b0000 ---p 00000000 00:00 0 
7f98603b0000-7f98603b8000 rw-p 00000000 00:00 0 
7f98603b8000-7f98603c0000 ---p 00000000 00:00 0 
7f98603c0000-7f98603c8000 rw-p 00000000 00:00 0 
7f98603c8000-7f98603d0000 ---p 00000000 00:00 0 
7f98603d0000-7f98603d8000 rw-p 00000000 00:00 0 
7f98603d8000-7f98603e0000 ---p 00000000 00:00 0 
7f98603e0000-7f98603e8000 rw-p 00000000 00:00 0 
7f98603e8000-7f98603f0000 ---p 00000000 00:00 0 
7f98603f0000-7f98603f8000 rw-p 00000000 00:00 0 
7f98603f8000-7f9860400000 ---p 00000000 00:00 0 
7f9860400000-7f9860408000 rw-p 00000000 00:00 0 
7f9860408000-7f9860410000 ---p 00000000 00:00 0 
7f9860410000-7f9860418000 rw-p 00000000 00:00 0 
7f9860418000-7f9860420000 ---p 00000000 00:00 0 
7f9860420000-7f9860428000 rw-p 00000000 00:00 0 
7f9860428000-7f9860430000 ---p 00000000 00:00 0 
7f9860430000-7f9860438000 rw-p 00000000 00:00 0 
7f9860438000-7f9860440000 ---p 00000000 00:00 0 
7f9860440000-7f9860448000 rw-p 00000000 00:00 0 
7f9860448000-7f9860450000 ---p 00000000 00:00 0 
7f9860450000-7f9860458000 rw-p 00000000 00:00 0 
7f9860458000-7f9860460000 ---p 00000000 00:00 0 
7f9860460000-7f9860468000 rw-p 00000000 00:00 0 
7f9860468000-7f9860470000 ---p 00000000 00:00 0 
7f9860470000-7f9860478000 rw-p 00000000 00:00 0 
7f9860478000-7f9860480000 ---p 00000000 00:00 0 
7f9860480000-7f9860490000 rw-p 00000000 00:00 0 
7f9860490000-7f98604a0000 ---p 00000000 00:00 0 
7f98604a0000-7f98604e0000 rw-p 00000000 00:00 0 
7f98604e0000-7f9860520000 ---p 00000000 00:00 0 
7f9860520000-7f986059b000 rw-p 00000000 00:00 0 
7f986059b000-7f9870000000 ---p 00000000 00:00 0 
7f9870000000-7f9870401000 rw-p 00000000 00:00 0 
7f9870401000-7f9880000000 ---p 00000000 00:00 0 
7f9880000000-7f9883f02000 rw-p 00000000 00:00 0 
7f9883f02000-7f9890000000 ---p 00000000 00:00 0 
7f9890000000-7f9890202000 rw-p 00000000 00:00 0 
7f9890202000-7f98a0000000 ---p 00000000 00:00 0 
7f98a0000000-7f98a0102000 rw-p 00000000 00:00 0 
7f98a0102000-7f98b0000000 ---p 00000000 00:00 0 
7f98b0000000-7f98b0302000 rw-p 00000000 00:00 0 
7f98b0302000-7f98c0000000 ---p 00000000 00:00 0 
7f98c0000000-7f98c0100000 rw-p 00000000 00:00 0 
7f98c0100000-7f98d0000000 ---p 00000000 00:00 0 
7f98d0000000-7f98d0002000 rw-s 00000000 00:06 888                        /dev/nvidiactl
7f98d0002000-7f98d0003000 rw-s 00000000 00:06 890                        /dev/nvidia0
7f98d0003000-7f98d0004000 rw-s 00000000 00:06 890                        /dev/nvidia0
7f98d0004000-7f98d0006000 rw-s 00000000 00:06 888                        /dev/nvidiactl
7f98d0006000-7f98d000a000 rw-s 00000000 00:06 888                        /dev/nvidiactl
7f98d000a000-7f98d000e000 rw-s 00000000 00:06 888                        /dev/nvidiactl
7f98d000e000-7f98d001b000 r--p 00000000 103:02 14957472                  /usr/lib/x86_64-linux-gnu/libdbus-1.so.3.19.17
7f98d001b000-7f98d0049000 r-xp 0000d000 103:02 14957472                  /usr/lib/x86_64-linux-gnu/libdbus-1.so.3.19.17
7f98d0049000-7f98d005e000 r--p 0003b000 103:02 14957472                  /usr/lib/x86_64-linux-gnu/libdbus-1.so.3.19.17
7f98d005e000-7f98d0060000 r--p 0004f000 103:02 14957472                  /usr/lib/x86_64-linux-gnu/libdbus-1.so.3.19.17
7f98d0060000-7f98d0061000 rw-p 00051000 103:02 14957472                  /usr/lib/x86_64-linux-gnu/libdbus-1.so.3.19.17
7f98d0061000-7f98d0071000 r--p 00000000 103:02 33606592                  /run/host/usr/lib/libnvidia-glsi.so.580.105.08
7f98d0071000-7f98d00d1000 r-xp 00010000 103:02 33606592                  /run/host/usr/lib/libnvidia-glsi.so.580.105.08
7f98d00d1000-7f98d00ee000 r--p 00070000 103:02 33606592                  /run/host/usr/lib/libnvidia-glsi.so.580.105.08
7f98d00ee000-7f98d00f4000 r--p 0008c000 103:02 33606592                  /run/host/usr/lib/libnvidia-glsi.so.580.105.08
7f98d00f4000-7f98d00f5000 rw-p 00092000 103:02 33606592                  /run/host/usr/lib/libnvidia-glsi.so.580.105.08
7f98d00f5000-7f98d00fd000 rw-p 00000000 00:00 0 
7f98d00fd000-7f98d0104000 r--p 00000000 103:02 33598546                  /run/host/usr/lib/libvulkan.so.1.4.328
7f98d0104000-7f98d015e000 r-xp 00007000 103:02 33598546                  /run/host/usr/lib/libvulkan.so.1.4.328
7f98d015e000-7f98d018e000 r--p 00061000 103:02 33598546                  /run/host/usr/lib/libvulkan.so.1.4.328
7f98d018e000-7f98d0190000 r--p 00090000 103:02 33598546                  /run/host/usr/lib/libvulkan.so.1.4.328
7f98d0190000-7f98d0191000 rw-p 00092000 103:02 33598546                  /run/host/usr/lib/libvulkan.so.1.4.328
7f98d0191000-7f98d019e000 r--p 00000000 103:02 33558748                  /run/host/usr/lib/libncursesw.so.6.5
7f98d019e000-7f98d01e5000 r-xp 0000d000 103:02 33558748                  /run/host/usr/lib/libncursesw.so.6.5
7f98d01e5000-7f98d01fb000 r--p 00054000 103:02 33558748                  /run/host/usr/lib/libncursesw.so.6.5
7f98d01fb000-7f98d01ff000 r--p 0006a000 103:02 33558748                  /run/host/usr/lib/libncursesw.so.6.5
7f98d01ff000-7f98d0200000 rw-p 0006e000 103:02 33558748                  /run/host/usr/lib/libncursesw.so.6.5
7f98d0200000-7f98d0297000 r--p 00000000 103:02 33558689                  /run/host/usr/lib/libstdc++.so.6.0.34
7f98d0297000-7f98d03ec000 r-xp 00097000 103:02 33558689                  /run/host/usr/lib/libstdc++.so.6.0.34
7f98d03ec000-7f98d047e000 r--p 001ec000 103:02 33558689                  /run/host/usr/lib/libstdc++.so.6.0.34
7f98d047e000-7f98d048f000 r--p 0027e000 103:02 33558689                  /run/host/usr/lib/libstdc++.so.6.0.34
7f98d048f000-7f98d0490000 rw-p 0028f000 103:02 33558689                  /run/host/usr/lib/libstdc++.so.6.0.34
7f98d0490000-7f98d0494000 rw-p 00000000 00:00 0 
7f98d0494000-7f98d0495000 rw-s 00000000 00:06 888                        /dev/nvidiactl
7f98d0495000-7f98d04a8000 rw-s 00000000 00:06 888                        /dev/nvidiactl
7f98d04a8000-7f98d04ac000 r--p 00000000 103:02 14957578                  /usr/lib/x86_64-linux-gnu/libgpg-error.so.0.26.1
7f98d04ac000-7f98d04bf000 r-xp 00004000 103:02 14957578                  /usr/lib/x86_64-linux-gnu/libgpg-error.so.0.26.1
7f98d04bf000-7f98d04c8000 r--p 00017000 103:02 14957578                  /usr/lib/x86_64-linux-gnu/libgpg-error.so.0.26.1
7f98d04c8000-7f98d04c9000 ---p 00020000 103:02 14957578                  /usr/lib/x86_64-linux-gnu/libgpg-error.so.0.26.1
7f98d04c9000-7f98d04ca000 r--p 00020000 103:02 14957578                  /usr/lib/x86_64-linux-gnu/libgpg-error.so.0.26.1
7f98d04ca000-7f98d04cb000 rw-p 00021000 103:02 14957578                  /usr/lib/x86_64-linux-gnu/libgpg-error.so.0.26.1
7f98d04cb000-7f98d04e5000 r--p 00000000 103:02 33573371                  /run/host/usr/lib/libxml2.so.16.1.1
7f98d04e5000-7f98d05b8000 r-xp 0001a000 103:02 33573371                  /run/host/usr/lib/libxml2.so.16.1.1
7f98d05b8000-7f98d05f5000 r--p 000ed000 103:02 33573371                  /run/host/usr/lib/libxml2.so.16.1.1
7f98d05f5000-7f98d05fe000 r--p 0012a000 103:02 33573371                  /run/host/usr/lib/libxml2.so.16.1.1
7f98d05fe000-7f98d05ff000 rw-p 00133000 103:02 33573371                  /run/host/usr/lib/libxml2.so.16.1.1
7f98d05ff000-7f98d0600000 rw-p 00000000 00:00 0 
7f98d0600000-7f98d0619000 r--p 00000000 103:02 33607184                  /run/host/usr/lib/libgallium-25.3.1-arch1.2.so
7f98d0619000-7f98d20b1000 r-xp 00019000 103:02 33607184                  /run/host/usr/lib/libgallium-25.3.1-arch1.2.so
7f98d20b1000-7f98d30a8000 r--p 01ab1000 103:02 33607184                  /run/host/usr/lib/libgallium-25.3.1-arch1.2.so
7f98d30a8000-7f98d31c8000 r--p 02aa8000 103:02 33607184                  /run/host/usr/lib/libgallium-25.3.1-arch1.2.so
7f98d31c8000-7f98d31e9000 rw-p 02bc8000 103:02 33607184                  /run/host/usr/lib/libgallium-25.3.1-arch1.2.so
7f98d31e9000-7f98d33b4000 rw-p 00000000 00:00 0 
7f98d33b4000-7f98d33b5000 rw-s 00000000 00:06 890                        /dev/nvidia0
7f98d33b5000-7f98d33b6000 rw-s 00000000 00:06 890                        /dev/nvidia0
7f98d33b6000-7f98d33b7000 rw-s 00000000 00:06 888                        /dev/nvidiactl
7f98d33b7000-7f98d33b9000 rw-s 00000000 00:06 888                        /dev/nvidiactl
7f98d33b9000-7f98d33bb000 r--p 00000000 103:02 14957808                  /usr/lib/x86_64-linux-gnu/liblz4.so.1.8.3
7f98d33bb000-7f98d33d3000 r-xp 00002000 103:02 14957808                  /usr/lib/x86_64-linux-gnu/liblz4.so.1.8.3
7f98d33d3000-7f98d33d6000 r--p 0001a000 103:02 14957808                  /usr/lib/x86_64-linux-gnu/liblz4.so.1.8.3
7f98d33d6000-7f98d33d7000 r--p 0001c000 103:02 14957808                  /usr/lib/x86_64-linux-gnu/liblz4.so.1.8.3
7f98d33d7000-7f98d33d8000 rw-p 0001d000 103:02 14957808                  /usr/lib/x86_64-linux-gnu/liblz4.so.1.8.3
7f98d33d8000-7f98d33db000 r--p 00000000 103:02 14958006                  /usr/lib/x86_64-linux-gnu/liblzma.so.5.2.4
7f98d33db000-7f98d33f3000 r-xp 00003000 103:02 14958006                  /usr/lib/x86_64-linux-gnu/liblzma.so.5.2.4
7f98d33f3000-7f98d33fe000 r--p 0001b000 103:02 14958006                  /usr/lib/x86_64-linux-gnu/liblzma.so.5.2.4
7f98d33fe000-7f98d33ff000 r--p 00025000 103:02 14958006                  /usr/lib/x86_64-linux-gnu/liblzma.so.5.2.4
7f98d33ff000-7f98d3400000 rw-p 00026000 103:02 14958006                  /usr/lib/x86_64-linux-gnu/liblzma.so.5.2.4
7f98d3400000-7f98d340a000 r-xp 00000000 103:02 14957949                  /usr/lib/x86_64-linux-gnu/libXrandr.so.2.2.0
7f98d340a000-7f98d3609000 ---p 0000a000 103:02 14957949                  /usr/lib/x86_64-linux-gnu/libXrandr.so.2.2.0
7f98d3609000-7f98d360a000 r--p 00009000 103:02 14957949                  /usr/lib/x86_64-linux-gnu/libXrandr.so.2.2.0
7f98d360a000-7f98d360b000 rw-p 0000a000 103:02 14957949                  /usr/lib/x86_64-linux-gnu/libXrandr.so.2.2.0
7f98d360b000-7f98d360c000 rw-s 00000000 00:06 890                        /dev/nvidia0
7f98d360c000-7f98d3610000 rw-s 00000000 00:06 888                        /dev/nvidiactl
7f98d3610000-7f98d3611000 rw-s 00000000 00:06 890                        /dev/nvidia0
7f98d3611000-7f98d3612000 rw-s 00000000 00:06 890                        /dev/nvidia0
7f98d3612000-7f98d3613000 rw-s 00000000 00:06 890                        /dev/nvidia0
7f98d3613000-7f98d3614000 rw-s 00000000 00:06 888                        /dev/nvidiactl
7f98d3614000-7f98d3616000 r--p 00000000 103:02 33593730                  /run/host/usr/lib/libpciaccess.so.0.11.1
7f98d3616000-7f98d361b000 r-xp 00002000 103:02 33593730                  /run/host/usr/lib/libpciaccess.so.0.11.1
7f98d361b000-7f98d361d000 r--p 00007000 103:02 33593730                  /run/host/usr/lib/libpciaccess.so.0.11.1
7f98d361d000-7f98d361e000 r--p 00008000 103:02 33593730                  /run/host/usr/lib/libpciaccess.so.0.11.1
7f98d361e000-7f98d361f000 rw-p 00009000 103:02 33593730                  /run/host/usr/lib/libpciaccess.so.0.11.1
7f98d361f000-7f98d3625000 r--p 00000000 103:02 33594683                  /run/host/usr/lib/libedit.so.0.0.75
7f98d3625000-7f98d3646000 r-xp 00006000 103:02 33594683                  /run/host/usr/lib/libedit.so.0.0.75
7f98d3646000-7f98d3653000 r--p 00027000 103:02 33594683                  /run/host/usr/lib/libedit.so.0.0.75
7f98d3653000-7f98d3655000 r--p 00034000 103:02 33594683                  /run/host/usr/lib/libedit.so.0.0.75
7f98d3655000-7f98d3656000 rw-p 00036000 103:02 33594683                  /run/host/usr/lib/libedit.so.0.0.75
7f98d3656000-7f98d3659000 rw-p 00000000 00:00 0 
7f98d3659000-7f98d366e000 r--p 00000000 103:02 33594783                  /run/host/usr/lib/libSPIRV-Tools.so
7f98d366e000-7f98d3788000 r-xp 00015000 103:02 33594783                  /run/host/usr/lib/libSPIRV-Tools.so
7f98d3788000-7f98d37fc000 r--p 0012f000 103:02 33594783                  /run/host/usr/lib/libSPIRV-Tools.so
7f98d37fc000-7f98d37ff000 r--p 001a3000 103:02 33594783                  /run/host/usr/lib/libSPIRV-Tools.so
7f98d37ff000-7f98d3800000 rw-p 001a6000 103:02 33594783                  /run/host/usr/lib/libSPIRV-Tools.so
7f98d3800000-7f98d380f000 r-xp 00000000 103:02 14958108                  /usr/lib/x86_64-linux-gnu/libXi.so.6.1.0
7f98d380f000-7f98d3a0e000 ---p 0000f000 103:02 14958108                  /usr/lib/x86_64-linux-gnu/libXi.so.6.1.0
7f98d3a0e000-7f98d3a0f000 r--p 0000e000 103:02 14958108                  /usr/lib/x86_64-linux-gnu/libXi.so.6.1.0
7f98d3a0f000-7f98d3a10000 rw-p 0000f000 103:02 14958108                  /usr/lib/x86_64-linux-gnu/libXi.so.6.1.0
7f98d3a10000-7f98d3a11000 r--p 00000000 103:02 33606644                  /run/host/usr/lib/libnvidia-tls.so.580.105.08
7f98d3a11000-7f98d3a13000 r-xp 00001000 103:02 33606644                  /run/host/usr/lib/libnvidia-tls.so.580.105.08
7f98d3a13000-7f98d3a14000 r--p 00003000 103:02 33606644                  /run/host/usr/lib/libnvidia-tls.so.580.105.08
7f98d3a14000-7f98d3a15000 r--p 00003000 103:02 33606644                  /run/host/usr/lib/libnvidia-tls.so.580.105.08
7f98d3a15000-7f98d3a16000 rw-p 00004000 103:02 33606644                  /run/host/usr/lib/libnvidia-tls.so.580.105.08
7f98d3a16000-7f98d3a18000 r--p 00000000 103:02 33575690                  /run/host/usr/lib/libffi.so.8.2.0
7f98d3a18000-7f98d3a1f000 r-xp 00002000 103:02 33575690                  /run/host/usr/lib/libffi.so.8.2.0
7f98d3a1f000-7f98d3a20000 r--p 00009000 103:02 33575690                  /run/host/usr/lib/libffi.so.8.2.0
7f98d3a20000-7f98d3a21000 r--p 0000a000 103:02 33575690                  /run/host/usr/lib/libffi.so.8.2.0
7f98d3a21000-7f98d3a22000 rw-p 0000b000 103:02 33575690                  /run/host/usr/lib/libffi.so.8.2.0
7f98d3a22000-7f98d3a25000 r--p 00000000 103:02 33593758                  /run/host/usr/lib/libdrm_intel.so.1.129.0
7f98d3a25000-7f98d3a3c000 r-xp 00003000 103:02 33593758                  /run/host/usr/lib/libdrm_intel.so.1.129.0
7f98d3a3c000-7f98d3a45000 r--p 0001a000 103:02 33593758                  /run/host/usr/lib/libdrm_intel.so.1.129.0
7f98d3a45000-7f98d3a46000 r--p 00023000 103:02 33593758                  /run/host/usr/lib/libdrm_intel.so.1.129.0
7f98d3a46000-7f98d3a47000 rw-p 00024000 103:02 33593758                  /run/host/usr/lib/libdrm_intel.so.1.129.0
7f98d3a47000-7f98d3a4a000 r--p 00000000 103:02 33580492                  /run/host/usr/lib/libelf-0.194.so
7f98d3a4a000-7f98d3a5d000 r-xp 00003000 103:02 33580492                  /run/host/usr/lib/libelf-0.194.so
7f98d3a5d000-7f98d3a61000 r--p 00016000 103:02 33580492                  /run/host/usr/lib/libelf-0.194.so
7f98d3a61000-7f98d3a62000 r--p 0001a000 103:02 33580492                  /run/host/usr/lib/libelf-0.194.so
7f98d3a62000-7f98d3a63000 rw-p 0001b000 103:02 33580492                  /run/host/usr/lib/libelf-0.194.so
7f98d3a63000-7f98d3a66000 r--p 00000000 103:02 33593754                  /run/host/usr/lib/libdrm_amdgpu.so.1.129.0
7f98d3a66000-7f98d3a6c000 r-xp 00003000 103:02 33593754                  /run/host/usr/lib/libdrm_amdgpu.so.1.129.0
7f98d3a6c000-7f98d3a6e000 r--p 00009000 103:02 33593754                  /run/host/usr/lib/libdrm_amdgpu.so.1.129.0
7f98d3a6e000-7f98d3a6f000 r--p 0000a000 103:02 33593754                  /run/host/usr/lib/libdrm_amdgpu.so.1.129.0
7f98d3a6f000-7f98d3a70000 rw-p 0000b000 103:02 33593754                  /run/host/usr/lib/libdrm_amdgpu.so.1.129.0
7f98d3a70000-7f98d3a71000 r--p 00000000 103:02 33594651                  /run/host/usr/lib/libxshmfence.so.1.0.0
7f98d3a71000-7f98d3a72000 r-xp 00001000 103:02 33594651                  /run/host/usr/lib/libxshmfence.so.1.0.0
7f98d3a72000-7f98d3a73000 r--p 00002000 103:02 33594651                  /run/host/usr/lib/libxshmfence.so.1.0.0
7f98d3a73000-7f98d3a74000 r--p 00002000 103:02 33594651                  /run/host/usr/lib/libxshmfence.so.1.0.0
7f98d3a74000-7f98d3a75000 rw-p 00003000 103:02 33594651                  /run/host/usr/lib/libxshmfence.so.1.0.0
7f98d3a75000-7f98d3a78000 r--p 00000000 103:02 33590223                  /run/host/usr/lib/libxcb-sync.so.1.0.0
7f98d3a78000-7f98d3a7b000 r-xp 00003000 103:02 33590223                  /run/host/usr/lib/libxcb-sync.so.1.0.0
7f98d3a7b000-7f98d3a7c000 r--p 00006000 103:02 33590223                  /run/host/usr/lib/libxcb-sync.so.1.0.0
7f98d3a7c000-7f98d3a7d000 r--p 00007000 103:02 33590223                  /run/host/usr/lib/libxcb-sync.so.1.0.0
7f98d3a7d000-7f98d3a7e000 rw-p 00008000 103:02 33590223                  /run/host/usr/lib/libxcb-sync.so.1.0.0
7f98d3a7e000-7f98d3a85000 r--p 00000000 103:02 33590202                  /run/host/usr/lib/libxcb-randr.so.0.1.0
7f98d3a85000-7f98d3a8b000 r-xp 00007000 103:02 33590202                  /run/host/usr/lib/libxcb-randr.so.0.1.0
7f98d3a8b000-7f98d3a8e000 r--p 0000d000 103:02 33590202                  /run/host/usr/lib/libxcb-randr.so.0.1.0
7f98d3a8e000-7f98d3a8f000 r--p 00010000 103:02 33590202                  /run/host/usr/lib/libxcb-randr.so.0.1.0
7f98d3a8f000-7f98d3a90000 rw-p 00011000 103:02 33590202                  /run/host/usr/lib/libxcb-randr.so.0.1.0
7f98d3a90000-7f98d3a92000 r--p 00000000 103:02 33594748                  /run/host/usr/lib/libsensors.so.5.0.0
7f98d3a92000-7f98d3a9a000 r-xp 00002000 103:02 33594748                  /run/host/usr/lib/libsensors.so.5.0.0
7f98d3a9a000-7f98d3a9e000 r--p 0000a000 103:02 33594748                  /run/host/usr/lib/libsensors.so.5.0.0
7f98d3a9e000-7f98d3a9f000 r--p 0000e000 103:02 33594748                  /run/host/usr/lib/libsensors.so.5.0.0
7f98d3a9f000-7f98d3aa0000 rw-p 0000f000 103:02 33594748                  /run/host/usr/lib/libsensors.so.5.0.0
7f98d3aa0000-7f98d3aac000 r--p 00000000 103:02 33570341                  /run/host/usr/lib/libzstd.so.1.5.7
7f98d3aac000-7f98d3b72000 r-xp 0000c000 103:02 33570341                  /run/host/usr/lib/libzstd.so.1.5.7
7f98d3b72000-7f98d3b83000 r--p 000d2000 103:02 33570341                  /run/host/usr/lib/libzstd.so.1.5.7
7f98d3b83000-7f98d3b84000 r--p 000e3000 103:02 33570341                  /run/host/usr/lib/libzstd.so.1.5.7
7f98d3b84000-7f98d3b85000 rw-p 000e4000 103:02 33570341                  /run/host/usr/lib/libzstd.so.1.5.7
7f98d3b85000-7f98d3b88000 r--p 00000000 103:02 33561941                  /run/host/usr/lib/libz.so.1.3.1
7f98d3b88000-7f98d3b96000 r-xp 00003000 103:02 33561941                  /run/host/usr/lib/libz.so.1.3.1
7f98d3b96000-7f98d3b9c000 r--p 00011000 103:02 33561941                  /run/host/usr/lib/libz.so.1.3.1
7f98d3b9c000-7f98d3b9d000 r--p 00017000 103:02 33561941                  /run/host/usr/lib/libz.so.1.3.1
7f98d3b9d000-7f98d3b9e000 rw-p 00018000 103:02 33561941                  /run/host/usr/lib/libz.so.1.3.1
7f98d3b9e000-7f98d3ba1000 r--p 00000000 103:02 33590229                  /run/host/usr/lib/libxcb-xfixes.so.0.0.0
7f98d3ba1000-7f98d3ba4000 r-xp 00003000 103:02 33590229                  /run/host/usr/lib/libxcb-xfixes.so.0.0.0
7f98d3ba4000-7f98d3ba5000 r--p 00006000 103:02 33590229                  /run/host/usr/lib/libxcb-xfixes.so.0.0.0
7f98d3ba5000-7f98d3ba6000 r--p 00007000 103:02 33590229                  /run/host/usr/lib/libxcb-xfixes.so.0.0.0
7f98d3ba6000-7f98d3ba7000 rw-p 00008000 103:02 33590229                  /run/host/usr/lib/libxcb-xfixes.so.0.0.0
7f98d3ba7000-7f98d3ba8000 r--p 00000000 103:02 33590199                  /run/host/usr/lib/libxcb-present.so.0.0.0
7f98d3ba8000-7f98d3ba9000 r-xp 00001000 103:02 33590199                  /run/host/usr/lib/libxcb-present.so.0.0.0
7f98d3ba9000-7f98d3baa000 r--p 00002000 103:02 33590199                  /run/host/usr/lib/libxcb-present.so.0.0.0
7f98d3baa000-7f98d3bab000 r--p 00002000 103:02 33590199                  /run/host/usr/lib/libxcb-present.so.0.0.0
7f98d3bab000-7f98d3bac000 rw-p 00003000 103:02 33590199                  /run/host/usr/lib/libxcb-present.so.0.0.0
7f98d3bac000-7f98d3bae000 r--p 00000000 103:02 33590193                  /run/host/usr/lib/libxcb-dri3.so.0.1.0
7f98d3bae000-7f98d3bb0000 r-xp 00002000 103:02 33590193                  /run/host/usr/lib/libxcb-dri3.so.0.1.0
7f98d3bb0000-7f98d3bb1000 r--p 00004000 103:02 33590193                  /run/host/usr/lib/libxcb-dri3.so.0.1.0
7f98d3bb1000-7f98d3bb2000 r--p 00004000 103:02 33590193                  /run/host/usr/lib/libxcb-dri3.so.0.1.0
7f98d3bb2000-7f98d3bb3000 rw-p 00005000 103:02 33590193                  /run/host/usr/lib/libxcb-dri3.so.0.1.0
7f98d3bb3000-7f98d3bb5000 r--p 00000000 103:02 33579609                  /run/host/usr/lib/libexpat.so.1.11.1
7f98d3bb5000-7f98d3bd3000 r-xp 00002000 103:02 33579609                  /run/host/usr/lib/libexpat.so.1.11.1
7f98d3bd3000-7f98d3bdb000 r--p 00020000 103:02 33579609                  /run/host/usr/lib/libexpat.so.1.11.1
7f98d3bdb000-7f98d3bdd000 r--p 00028000 103:02 33579609                  /run/host/usr/lib/libexpat.so.1.11.1
7f98d3bdd000-7f98d3bde000 rw-p 0002a000 103:02 33579609                  /run/host/usr/lib/libexpat.so.1.11.1
7f98d3bde000-7f98d3bdf000 r--p 00000000 103:02 33590220                  /run/host/usr/lib/libxcb-shm.so.0.0.0
7f98d3bdf000-7f98d3be0000 r-xp 00001000 103:02 33590220                  /run/host/usr/lib/libxcb-shm.so.0.0.0
7f98d3be0000-7f98d3be1000 r--p 00002000 103:02 33590220                  /run/host/usr/lib/libxcb-shm.so.0.0.0
7f98d3be1000-7f98d3be2000 r--p 00002000 103:02 33590220                  /run/host/usr/lib/libxcb-shm.so.0.0.0
7f98d3be2000-7f98d3be3000 rw-p 00003000 103:02 33590220                  /run/host/usr/lib/libxcb-shm.so.0.0.0
7f98d3be3000-7f98d3bef000 r--p 00000000 103:02 33590196                  /run/host/usr/lib/libxcb-glx.so.0.0.0
7f98d3bef000-7f98d3bf8000 r-xp 0000c000 103:02 33590196                  /run/host/usr/lib/libxcb-glx.so.0.0.0
7f98d3bf8000-7f98d3bfd000 r--p 00015000 103:02 33590196                  /run/host/usr/lib/libxcb-glx.so.0.0.0
7f98d3bfd000-7f98d3bff000 r--p 0001a000 103:02 33590196                  /run/host/usr/lib/libxcb-glx.so.0.0.0
7f98d3bff000-7f98d3c00000 rw-p 0001c000 103:02 33590196                  /run/host/usr/lib/libxcb-glx.so.0.0.0
7f98d3c00000-7f98d3c09000 r-xp 00000000 103:02 14958140                  /usr/lib/x86_64-linux-gnu/libXrender.so.1.3.0
7f98d3c09000-7f98d3e08000 ---p 00009000 103:02 14958140                  /usr/lib/x86_64-linux-gnu/libXrender.so.1.3.0
7f98d3e08000-7f98d3e09000 r--p 00008000 103:02 14958140                  /usr/lib/x86_64-linux-gnu/libXrender.so.1.3.0
7f98d3e09000-7f98d3e0a000 rw-p 00009000 103:02 14958140                  /usr/lib/x86_64-linux-gnu/libXrender.so.1.3.0
7f98d3e0a000-7f98d3e0b000 rw-s 00000000 00:06 888                        /dev/nvidiactl
7f98d3e0b000-7f98d3e0c000 r--s 00000000 00:06 888                        /dev/nvidiactl
7f98d3e0c000-7f98d3e0d000 rw-p 00000000 00:00 0 
7f98d3e0d000-7f98d3e0e000 r--p 00000000 103:02 33593769                  /run/host/usr/lib/libX11-xcb.so.1.0.0
7f98d3e0e000-7f98d3e0f000 r-xp 00001000 103:02 33593769                  /run/host/usr/lib/libX11-xcb.so.1.0.0
7f98d3e0f000-7f98d3e10000 r--p 00002000 103:02 33593769                  /run/host/usr/lib/libX11-xcb.so.1.0.0
7f98d3e10000-7f98d3e11000 r--p 00002000 103:02 33593769                  /run/host/usr/lib/libX11-xcb.so.1.0.0
7f98d3e11000-7f98d3e12000 rw-p 00003000 103:02 33593769                  /run/host/usr/lib/libX11-xcb.so.1.0.0
7f98d3e12000-7f98d3e17000 r--p 00000000 103:02 33593747                  /run/host/usr/lib/libdrm.so.2.129.0
7f98d3e17000-7f98d3e23000 r-xp 00005000 103:02 33593747                  /run/host/usr/lib/libdrm.so.2.129.0
7f98d3e23000-7f98d3e27000 r--p 00011000 103:02 33593747                  /run/host/usr/lib/libdrm.so.2.129.0
7f98d3e27000-7f98d3e28000 r--p 00015000 103:02 33593747                  /run/host/usr/lib/libdrm.so.2.129.0
7f98d3e28000-7f98d3e29000 rw-p 00016000 103:02 33593747                  /run/host/usr/lib/libdrm.so.2.129.0
7f98d3e29000-7f98d3e2e000 r--p 00000000 103:02 33607183                  /run/host/usr/lib/libGLX_mesa.so.0.0.0
7f98d3e2e000-7f98d3e5a000 r-xp 00005000 103:02 33607183                  /run/host/usr/lib/libGLX_mesa.so.0.0.0
7f98d3e5a000-7f98d3e69000 r--p 00031000 103:02 33607183                  /run/host/usr/lib/libGLX_mesa.so.0.0.0
7f98d3e69000-7f98d3e6d000 r--p 0003f000 103:02 33607183                  /run/host/usr/lib/libGLX_mesa.so.0.0.0
7f98d3e6d000-7f98d3e6e000 rw-p 00043000 103:02 33607183                  /run/host/usr/lib/libGLX_mesa.so.0.0.0
7f98d3e6e000-7f98d3e6f000 r--p 00000000 103:02 33594655                  /run/host/usr/lib/libXxf86vm.so.1.0.0
7f98d3e6f000-7f98d3e72000 r-xp 00001000 103:02 33594655                  /run/host/usr/lib/libXxf86vm.so.1.0.0
7f98d3e72000-7f98d3e73000 r--p 00004000 103:02 33594655                  /run/host/usr/lib/libXxf86vm.so.1.0.0
7f98d3e73000-7f98d3e74000 r--p 00004000 103:02 33594655                  /run/host/usr/lib/libXxf86vm.so.1.0.0
7f98d3e74000-7f98d3e75000 rw-p 00005000 103:02 33594655                  /run/host/usr/lib/libXxf86vm.so.1.0.0
7f98d3e75000-7f98d4e76000 rw-p 00000000 00:00 0 
7f98d4e76000-7f98d4eb7000 rw-p 00000000 00:00 0 
7f98d4eb7000-7f98d4f19000 rw-s 00000000 00:19 37530                      /dev/shm/u1000-Shm_3876247b
7f98d4f19000-7f98d5f1a000 rw-s 00000000 00:19 37529                      /dev/shm/u1000-Shm_2f8adbdd
7f98d5f1a000-7f98d5fbe000 rw-p 00000000 00:00 0 
7f98d5fbe000-7f98d60bf000 rw-s 00000000 00:19 37528                      /dev/shm/u1000-Shm_383d57d
7f98d60bf000-7f98d62bf000 rw-s 00000000 00:19 31                         /dev/shm/u1000-ValveIPCSharedObj-Steam
7f98d62bf000-7f98d62d6000 r--p 00000000 103:02 33593772                  /run/host/usr/lib/libX11.so.6.4.0
7f98d62d6000-7f98d636a000 r-xp 00017000 103:02 33593772                  /run/host/usr/lib/libX11.so.6.4.0
7f98d636a000-7f98d63f9000 r--p 000ab000 103:02 33593772                  /run/host/usr/lib/libX11.so.6.4.0
7f98d63f9000-7f98d63fc000 r--p 00139000 103:02 33593772                  /run/host/usr/lib/libX11.so.6.4.0
7f98d63fc000-7f98d6400000 rw-p 0013c000 103:02 33593772                  /run/host/usr/lib/libX11.so.6.4.0
7f98d6400000-7f98d6424000 r--p 00000000 103:02 33557850                  /run/host/usr/lib/libc.so.6
7f98d6424000-7f98d6595000 r-xp 00024000 103:02 33557850                  /run/host/usr/lib/libc.so.6
7f98d6595000-7f98d6604000 r--p 00195000 103:02 33557850                  /run/host/usr/lib/libc.so.6
7f98d6604000-7f98d6608000 r--p 00203000 103:02 33557850                  /run/host/usr/lib/libc.so.6
7f98d6608000-7f98d660a000 rw-p 00207000 103:02 33557850                  /run/host/usr/lib/libc.so.6
7f98d660a000-7f98d6612000 rw-p 00000000 00:00 0 
7f98d6612000-7f98d6613000 r--p 00000000 103:02 14957943                  /usr/lib/x86_64-linux-gnu/libXss.so.1.0.0
7f98d6613000-7f98d6614000 r-xp 00001000 103:02 14957943                  /usr/lib/x86_64-linux-gnu/libXss.so.1.0.0
7f98d6614000-7f98d6615000 r--p 00002000 103:02 14957943                  /usr/lib/x86_64-linux-gnu/libXss.so.1.0.0
7f98d6615000-7f98d6616000 r--p 00002000 103:02 14957943                  /usr/lib/x86_64-linux-gnu/libXss.so.1.0.0
7f98d6616000-7f98d6617000 rw-p 00003000 103:02 14957943                  /usr/lib/x86_64-linux-gnu/libXss.so.1.0.0
7f98d6617000-7f98d6618000 r--p 00000000 103:02 14958118                  /usr/lib/x86_64-linux-gnu/libXinerama.so.1.0.0
7f98d6618000-7f98d6619000 r-xp 00001000 103:02 14958118                  /usr/lib/x86_64-linux-gnu/libXinerama.so.1.0.0
7f98d6619000-7f98d661a000 r--p 00002000 103:02 14958118                  /usr/lib/x86_64-linux-gnu/libXinerama.so.1.0.0
7f98d661a000-7f98d661b000 r--p 00002000 103:02 14958118                  /usr/lib/x86_64-linux-gnu/libXinerama.so.1.0.0
7f98d661b000-7f98d661c000 rw-p 00003000 103:02 14958118                  /usr/lib/x86_64-linux-gnu/libXinerama.so.1.0.0
7f98d661c000-7f98d661e000 r--p 00000000 103:02 33594910                  /run/host/usr/lib/libXfixes.so.3.1.0
7f98d661e000-7f98d6621000 r-xp 00002000 103:02 33594910                  /run/host/usr/lib/libXfixes.so.3.1.0
7f98d6621000-7f98d6622000 r--p 00005000 103:02 33594910                  /run/host/usr/lib/libXfixes.so.3.1.0
7f98d6622000-7f98d6623000 r--p 00005000 103:02 33594910                  /run/host/usr/lib/libXfixes.so.3.1.0
7f98d6623000-7f98d6624000 rw-p 00006000 103:02 33594910                  /run/host/usr/lib/libXfixes.so.3.1.0
7f98d6624000-7f98d6627000 r--p 00000000 103:02 14958181                  /usr/lib/x86_64-linux-gnu/libXcursor.so.1.0.2
7f98d6627000-7f98d662d000 r-xp 00003000 103:02 14958181                  /usr/lib/x86_64-linux-gnu/libXcursor.so.1.0.2
7f98d662d000-7f98d662f000 r--p 00009000 103:02 14958181                  /usr/lib/x86_64-linux-gnu/libXcursor.so.1.0.2
7f98d662f000-7f98d6630000 r--p 0000a000 103:02 14958181                  /usr/lib/x86_64-linux-gnu/libXcursor.so.1.0.2
7f98d6630000-7f98d6631000 rw-p 0000b000 103:02 14958181                  /usr/lib/x86_64-linux-gnu/libXcursor.so.1.0.2
7f98d6631000-7f98d6635000 r--p 00000000 103:02 33594586                  /run/host/usr/lib/libXext.so.6.4.0
7f98d6635000-7f98d6640000 r-xp 00004000 103:02 33594586                  /run/host/usr/lib/libXext.so.6.4.0
7f98d6640000-7f98d6644000 r--p 0000f000 103:02 33594586                  /run/host/usr/lib/libXext.so.6.4.0
7f98d6644000-7f98d6645000 r--p 00012000 103:02 33594586                  /run/host/usr/lib/libXext.so.6.4.0
7f98d6645000-7f98d6646000 rw-p 00013000 103:02 33594586                  /run/host/usr/lib/libXext.so.6.4.0
7f98d6646000-7f98d66c7000 rw-s 00000000 00:19 37527                      /dev/shm/u1000-Shm_c7ce9dda
7f98d66c7000-7f98d670d000 rw-p 00000000 00:00 0 
7f98d670d000-7f98d670f000 r--p 00000000 103:02 33590161                  /run/host/usr/lib/libXdmcp.so.6.0.0
7f98d670f000-7f98d6711000 r-xp 00002000 103:02 33590161                  /run/host/usr/lib/libXdmcp.so.6.0.0
7f98d6711000-7f98d6713000 r--p 00004000 103:02 33590161                  /run/host/usr/lib/libXdmcp.so.6.0.0
7f98d6713000-7f98d6714000 r--p 00005000 103:02 33590161                  /run/host/usr/lib/libXdmcp.so.6.0.0
7f98d6714000-7f98d6715000 rw-p 00006000 103:02 33590161                  /run/host/usr/lib/libXdmcp.so.6.0.0
7f98d6715000-7f98d6717000 r--p 00000000 103:02 33594847                  /run/host/usr/lib/libGLdispatch.so.0.0.0
7f98d6717000-7f98d6756000 r-xp 00002000 103:02 33594847                  /run/host/usr/lib/libGLdispatch.so.0.0.0
7f98d6756000-7f98d6769000 r--p 00041000 103:02 33594847                  /run/host/usr/lib/libGLdispatch.so.0.0.0
7f98d6769000-7f98d6785000 r--p 00054000 103:02 33594847                  /run/host/usr/lib/libGLdispatch.so.0.0.0
7f98d6785000-7f98d6786000 rw-p 00070000 103:02 33594847                  /run/host/usr/lib/libGLdispatch.so.0.0.0
7f98d6786000-7f98d678e000 rw-p 00000000 00:00 0 
7f98d678e000-7f98d67bd000 r--p 00000000 103:02 33594838                  /run/host/usr/lib/libGL.so.1.7.0
7f98d67bd000-7f98d67dc000 r-xp 0002f000 103:02 33594838                  /run/host/usr/lib/libGL.so.1.7.0
7f98d67dc000-7f98d67f0000 r--p 0004e000 103:02 33594838                  /run/host/usr/lib/libGL.so.1.7.0
7f98d67f0000-7f98d67fe000 r--p 00062000 103:02 33594838                  /run/host/usr/lib/libGL.so.1.7.0
7f98d67fe000-7f98d67ff000 rw-p 00070000 103:02 33594838                  /run/host/usr/lib/libGL.so.1.7.0
7f98d67ff000-7f98d6800000 rw-p 00000000 00:00 0 
7f98d6800000-7f98d8588000 r-xp 00000000 103:02 15469937                  /home/chromagor/.local/share/Steam/steamapps/common/Muck/UnityPlayer.so
7f98d8588000-7f98d8787000 ---p 01d88000 103:02 15469937                  /home/chromagor/.local/share/Steam/steamapps/common/Muck/UnityPlayer.so
7f98d8787000-7f98d87fe000 r--p 01d87000 103:02 15469937                  /home/chromagor/.local/share/Steam/steamapps/common/Muck/UnityPlayer.so
7f98d87fe000-7f98d8835000 rw-p 01dfe000 103:02 15469937                  /home/chromagor/.local/share/Steam/steamapps/common/Muck/UnityPlayer.so
7f98d8835000-7f98d8938000 rw-p 00000000 00:00 0 
7f98d8938000-7f98d8939000 rw-p 00000000 00:00 0 
7f98d8939000-7f98d893e000 rw-p 00000000 00:00 0 
7f98d893e000-7f98d893f000 r--p 00000000 103:02 33590165                  /run/host/usr/lib/libXau.so.6.0.0
7f98d893f000-7f98d8940000 r-xp 00001000 103:02 33590165                  /run/host/usr/lib/libXau.so.6.0.0
7f98d8940000-7f98d8941000 r--p 00002000 103:02 33590165                  /run/host/usr/lib/libXau.so.6.0.0
7f98d8941000-7f98d8942000 r--p 00002000 103:02 33590165                  /run/host/usr/lib/libXau.so.6.0.0
7f98d8942000-7f98d8943000 rw-p 00003000 103:02 33590165                  /run/host/usr/lib/libXau.so.6.0.0
7f98d8943000-7f98d8945000 rw-p 00000000 00:00 0 
7f98d8945000-7f98d8951000 r--p 00000000 103:02 33590250                  /run/host/usr/lib/libxcb.so.1.1.0
7f98d8951000-7f98d8965000 r-xp 0000c000 103:02 33590250                  /run/host/usr/lib/libxcb.so.1.1.0
7f98d8965000-7f98d896e000 r--p 00020000 103:02 33590250                  /run/host/usr/lib/libxcb.so.1.1.0
7f98d896e000-7f98d896f000 r--p 00028000 103:02 33590250                  /run/host/usr/lib/libxcb.so.1.1.0
7f98d896f000-7f98d8970000 rw-p 00029000 103:02 33590250                  /run/host/usr/lib/libxcb.so.1.1.0
7f98d8970000-7f98d8972000 r--p 00000000 103:02 33594844                  /run/host/usr/lib/libGLX.so.0.0.0
7f98d8972000-7f98d898c000 r-xp 00002000 103:02 33594844                  /run/host/usr/lib/libGLX.so.0.0.0
7f98d898c000-7f98d898f000 r--p 0001c000 103:02 33594844                  /run/host/usr/lib/libGLX.so.0.0.0
7f98d898f000-7f98d8990000 r--p 0001f000 103:02 33594844                  /run/host/usr/lib/libGLX.so.0.0.0
7f98d8990000-7f98d8991000 rw-p 00020000 103:02 33594844                  /run/host/usr/lib/libGLX.so.0.0.0
7f98d8991000-7f98d89a3000 rw-p 00000000 00:00 0 
7f98d89a3000-7f98d89a4000 r--p 00000000 103:02 33557893                  /run/host/usr/lib/librt.so.1
7f98d89a4000-7f98d89a5000 r-xp 00001000 103:02 33557893                  /run/host/usr/lib/librt.so.1
7f98d89a5000-7f98d89a6000 r--p 00002000 103:02 33557893                  /run/host/usr/lib/librt.so.1
7f98d89a6000-7f98d89a7000 r--p 00002000 103:02 33557893                  /run/host/usr/lib/librt.so.1
7f98d89a7000-7f98d89a8000 rw-p 00003000 103:02 33557893                  /run/host/usr/lib/librt.so.1
7f98d89a8000-7f98d89a9000 r--p 00000000 103:02 33557856                  /run/host/usr/lib/libdl.so.2
7f98d89a9000-7f98d89aa000 r-xp 00001000 103:02 33557856                  /run/host/usr/lib/libdl.so.2
7f98d89aa000-7f98d89ab000 r--p 00002000 103:02 33557856                  /run/host/usr/lib/libdl.so.2
7f98d89ab000-7f98d89ac000 r--p 00002000 103:02 33557856                  /run/host/usr/lib/libdl.so.2
7f98d89ac000-7f98d89ad000 rw-p 00003000 103:02 33557856                  /run/host/usr/lib/libdl.so.2
7f98d89ad000-7f98d89ae000 r--p 00000000 103:02 33557883                  /run/host/usr/lib/libpthread.so.0
7f98d89ae000-7f98d89af000 r-xp 00001000 103:02 33557883                  /run/host/usr/lib/libpthread.so.0
7f98d89af000-7f98d89b0000 r--p 00002000 103:02 33557883                  /run/host/usr/lib/libpthread.so.0
7f98d89b0000-7f98d89b1000 r--p 00002000 103:02 33557883                  /run/host/usr/lib/libpthread.so.0
7f98d89b1000-7f98d89b2000 rw-p 00003000 103:02 33557883                  /run/host/usr/lib/libpthread.so.0
7f98d89b2000-7f98d89b6000 r--p 00000000 103:02 33558657                  /run/host/usr/lib/libgcc_s.so.1
7f98d89b6000-7f98d89d9000 r-xp 00004000 103:02 33558657                  /run/host/usr/lib/libgcc_s.so.1
7f98d89d9000-7f98d89dd000 r--p 00027000 103:02 33558657                  /run/host/usr/lib/libgcc_s.so.1
7f98d89dd000-7f98d89de000 r--p 0002a000 103:02 33558657                  /run/host/usr/lib/libgcc_s.so.1
7f98d89de000-7f98d89df000 rw-p 0002b000 103:02 33558657                  /run/host/usr/lib/libgcc_s.so.1
7f98d89df000-7f98d89e1000 rw-p 00000000 00:00 0 
7f98d89e1000-7f98d89f0000 r--p 00000000 103:02 33557862                  /run/host/usr/lib/libm.so.6
7f98d89f0000-7f98d8a7b000 r-xp 0000f000 103:02 33557862                  /run/host/usr/lib/libm.so.6
7f98d8a7b000-7f98d8aed000 r--p 0009a000 103:02 33557862                  /run/host/usr/lib/libm.so.6
7f98d8aed000-7f98d8aee000 r--p 0010b000 103:02 33557862                  /run/host/usr/lib/libm.so.6
7f98d8aee000-7f98d8aef000 rw-p 0010c000 103:02 33557862                  /run/host/usr/lib/libm.so.6
7f98d8aef000-7f98d8b1b000 r--p 00000000 103:02 15349335                  /home/chromagor/.local/share/Steam/ubuntu12_64/gameoverlayrenderer.so
7f98d8b1b000-7f98d8ba0000 r-xp 0002b000 103:02 15349335                  /home/chromagor/.local/share/Steam/ubuntu12_64/gameoverlayrenderer.so
7f98d8ba0000-7f98d8ba4000 r--p 000af000 103:02 15349335                  /home/chromagor/.local/share/Steam/ubuntu12_64/gameoverlayrenderer.so
7f98d8ba4000-7f98d8ba5000 rw-p 000b2000 103:02 15349335                  /home/chromagor/.local/share/Steam/ubuntu12_64/gameoverlayrenderer.so
7f98d8ba5000-7f98d8bab000 rw-p 00000000 00:00 0 
7f98d8bab000-7f98d8baf000 r--p 00000000 00:00 0                          [vvar]
7f98d8baf000-7f98d8bb1000 r--p 00000000 00:00 0                          [vvar_vclock]
7f98d8bb1000-7f98d8bb3000 r-xp 00000000 00:00 0                          [vdso]
7f98d8bb3000-7f98d8bb4000 r--p 00000000 103:02 33557840                  /run/host/usr/lib/ld-linux-x86-64.so.2
7f98d8bb4000-7f98d8bde000 r-xp 00001000 103:02 33557840                  /run/host/usr/lib/ld-linux-x86-64.so.2
7f98d8bde000-7f98d8bec000 r--p 0002b000 103:02 33557840                  /run/host/usr/lib/ld-linux-x86-64.so.2
7f98d8bec000-7f98d8bee000 r--p 00039000 103:02 33557840                  /run/host/usr/lib/ld-linux-x86-64.so.2
7f98d8bee000-7f98d8bef000 rw-p 0003b000 103:02 33557840                  /run/host/usr/lib/ld-linux-x86-64.so.2
7f98d8bef000-7f98d8bf0000 rw-p 00000000 00:00 0 
7ffffd4f8000-7ffffd500000 ---p 00000000 00:00 0 
7ffffe4cc000-7ffffe4f7000 rw-p 00000000 00:00 0                          [stack]
ffffffffff600000-ffffffffff601000 --xp 00000000 00:00 0                  [vsyscall]

Native stacktrace:

	/home/chromagor/.local/share/Steam/steamapps/common/Muck/Muck_Data/MonoBleedingEdge/x86_64/libmonobdwgc-2.0.so(+0xd7b4c) [0x7f97e68d7b4c]
	/home/chromagor/.local/share/Steam/steamapps/common/Muck/Muck_Data/MonoBleedingEdge/x86_64/libmonobdwgc-2.0.so(+0x5b8ef) [0x7f97e685b8ef]
	/usr/lib/pressure-vessel/overrides/lib/x86_64-linux-gnu/libc.so.6(+0x3e4d0) [0x7f98d643e4d0]
	/usr/lib/pressure-vessel/overrides/lib/x86_64-linux-gnu/libnvidia-glcore.so.580.105.08(+0xd0f527) [0x7f9812d0f527]
	/usr/lib/pressure-vessel/overrides/lib/x86_64-linux-gnu/libnvidia-glcore.so.580.105.08(+0xd282b6) [0x7f9812d282b6]
	/usr/lib/pressure-vessel/overrides/lib/x86_64-linux-gnu/libnvidia-glcore.so.580.105.08(+0xfa2cc2) [0x7f9812fa2cc2]
	/home/chromagor/.local/share/Steam/ubuntu12_64/steamoverlayvulkanlayer.so(vkQueuePresentKHR+0x342) [0x7f980d8b2752]
	/usr/lib/pressure-vessel/overrides/lib/x86_64-linux-gnu/libgallium-25.3.1-arch1.2.so(+0xd81578) [0x7f98d1381578]
	/usr/lib/pressure-vessel/overrides/lib/x86_64-linux-gnu/libgallium-25.3.1-arch1.2.so(+0x597e15) [0x7f98d0b97e15]
	/usr/lib/pressure-vessel/overrides/lib/x86_64-linux-gnu/libgallium-25.3.1-arch1.2.so(+0x5e289d) [0x7f98d0be289d]
	/usr/lib/pressure-vessel/overrides/lib/x86_64-linux-gnu/libc.so.6(+0x9698b) [0x7f98d649698b]
	/usr/lib/pressure-vessel/overrides/lib/x86_64-linux-gnu/libc.so.6(+0x11a9cc) [0x7f98d651a9cc]

Debug info from gdb:

mono_gdb_render_native_backtraces not supported on this platform, unable to find gdb or lldb
Big Mistake WAS UNLOCKED! 
(Filename: ./Runtime/Export/Debug/Debug.bindings.h Line: 35)

